{"numFailedTestSuites":13,"numFailedTests":12,"numPassedTestSuites":55,"numPassedTests":490,"numPendingTestSuites":0,"numPendingTests":3,"numRuntimeErrorTestSuites":9,"numTodoTests":0,"numTotalTestSuites":68,"numTotalTests":505,"openHandles":[],"snapshot":{"added":0,"didUpdate":false,"failure":false,"filesAdded":0,"filesRemoved":0,"filesRemovedList":[],"filesUnmatched":0,"filesUpdated":0,"matched":0,"total":0,"unchecked":0,"uncheckedKeysByFile":[],"unmatched":0,"updated":0},"startTime":1759536956937,"success":false,"testResults":[{"assertionResults":[{"ancestorTitles":["Subscriptions Page"],"duration":154,"failureDetails":[],"failureMessages":[],"fullName":"Subscriptions Page shows loading state when subscriptions are loading","invocations":1,"location":null,"numPassingAsserts":1,"retryReasons":[],"status":"passed","title":"shows loading state when subscriptions are loading"},{"ancestorTitles":["Subscriptions Page"],"duration":199,"failureDetails":[],"failureMessages":[],"fullName":"Subscriptions Page renders current subscription details and action buttons","invocations":1,"location":null,"numPassingAsserts":6,"retryReasons":[],"status":"passed","title":"renders current subscription details and action buttons"},{"ancestorTitles":["Subscriptions Page"],"duration":26,"failureDetails":[],"failureMessages":[],"fullName":"Subscriptions Page shows \"No Active Subscription\" when there is no subscription","invocations":1,"location":null,"numPassingAsserts":2,"retryReasons":[],"status":"passed","title":"shows \"No Active Subscription\" when there is no subscription"},{"ancestorTitles":["Subscriptions Page"],"duration":5059,"failureDetails":[{"matcherResult":{"message":"\u001b[2mexpect(\u001b[22m\u001b[31mjest.fn()\u001b[39m\u001b[2m).\u001b[22mtoHaveBeenCalledTimes\u001b[2m(\u001b[22m\u001b[32mexpected\u001b[39m\u001b[2m)\u001b[22m\n\nExpected number of calls: \u001b[32m1\u001b[39m\nReceived number of calls: \u001b[31m0\u001b[39m","pass":false}}],"failureMessages":["Error: \u001b[2mexpect(\u001b[22m\u001b[31mjest.fn()\u001b[39m\u001b[2m).\u001b[22mtoHaveBeenCalledTimes\u001b[2m(\u001b[22m\u001b[32mexpected\u001b[39m\u001b[2m)\u001b[22m\n\nExpected number of calls: \u001b[32m1\u001b[39m\nReceived number of calls: \u001b[31m0\u001b[39m\n\nIgnored nodes: comments, script, style\n\u001b[36m<html\u001b[39m\n  \u001b[33mclass\u001b[39m=\u001b[32m\"light\"\u001b[39m\n\u001b[36m>\u001b[39m\n  \u001b[36m<head />\u001b[39m\n  \u001b[36m<body>\u001b[39m\n    \u001b[36m<div>\u001b[39m\n      \u001b[36m<div\u001b[39m\n        \u001b[33mclass\u001b[39m=\u001b[32m\"min-h-screen bg-background py-16 px-6 lg:px-12\"\u001b[39m\n      \u001b[36m>\u001b[39m\n        \u001b[36m<div\u001b[39m\n          \u001b[33mclass\u001b[39m=\u001b[32m\"max-w-7xl mx-auto\"\u001b[39m\n        \u001b[36m>\u001b[39m\n          \u001b[36m<div\u001b[39m\n            \u001b[33mclass\u001b[39m=\u001b[32m\"text-center mb-20\"\u001b[39m\n          \u001b[36m>\u001b[39m\n            \u001b[36m<h1\u001b[39m\n              \u001b[33mclass\u001b[39m=\u001b[32m\"text-4xl font-extrabold bg-gradient-to-r from-foreground to-muted-foreground bg-clip-text text-transparent mb-6\"\u001b[39m\n            \u001b[36m>\u001b[39m\n              \u001b[0mSubscription Management\u001b[0m\n            \u001b[36m</h1>\u001b[39m\n            \u001b[36m<p\u001b[39m\n              \u001b[33mclass\u001b[39m=\u001b[32m\"text-1xl text-muted-foreground max-w-3xl mx-auto leading-relaxed\"\u001b[39m\n            \u001b[36m>\u001b[39m\n              \u001b[0mChoose the perfect plan for your needs. Upgrade, downgrade, or manage your subscription with ease.\u001b[0m\n            \u001b[36m</p>\u001b[39m\n          \u001b[36m</div>\u001b[39m\n          \u001b[36m<div\u001b[39m\n            \u001b[33mclass\u001b[39m=\u001b[32m\"bg-card text-card-foreground mb-20 shadow-2xl border-0 rounded-2xl overflow-hidden\"\u001b[39m\n          \u001b[36m>\u001b[39m\n            \u001b[36m<div\u001b[39m\n              \u001b[33mclass\u001b[39m=\u001b[32m\"flex flex-col space-y-1.5 text-primary-foreground p-8 relative overflow-hidden bg-primary\"\u001b[39m\n            \u001b[36m>\u001b[39m\n              \u001b[36m<h3\u001b[39m\n                \u001b[33mclass\u001b[39m=\u001b[32m\"tracking-tight flex items-center text-primary-foreground text-3xl font-bold relative z-10\"\u001b[39m\n              \u001b[36m>\u001b[39m\n                \u001b[36m<svg\u001b[39m\n                  \u001b[33mclass\u001b[39m=\u001b[32m\"lucide lucide-zap h-6 w-6 text-blue-500\"\u001b[39m\n                  \u001b[33mfill\u001b[39m=\u001b[32m\"none\"\u001b[39m\n                  \u001b[33mheight\u001b[39m=\u001b[32m\"24\"\u001b[39m\n                  \u001b[33mstroke\u001b[39m=\u001b[32m\"currentColor\"\u001b[39m\n                  \u001b[33mstroke-linecap\u001b[39m=\u001b[32m\"round\"\u001b[39m\n                  \u001b[33mstroke-linejoin\u001b[39m=\u001b[32m\"round\"\u001b[39m\n                  \u001b[33mstroke-width\u001b[39m=\u001b[32m\"2\"\u001b[39m\n                  \u001b[33mviewBox\u001b[39m=\u001b[32m\"0 0 24 24\"\u001b[39m\n                  \u001b[33mwidth\u001b[39m=\u001b[32m\"24\"\u001b[39m\n                  \u001b[33mxmlns\u001b[39m=\u001b[32m\"http://www.w3.org/2000/svg\"\u001b[39m\n                \u001b[36m>\u001b[39m\n                  \u001b[36m<path\u001b[39m\n                    \u001b[33md\u001b[39m=\u001b[32m\"M4 14a1 1 0 0 1-.78-1.63l9.9-10.2a.5.5 0 0 1 .86.46l-1.92 6.02A1 1 0 0 0 13 10h7a1 1 0 0 1 .78 1.63l-9.9 10.2a.5.5 0 0 1-.86-.46l1.92-6.02A1 1 0 0 0 11 14z\"\u001b[39m\n                  \u001b[36m/>\u001b[39m\n                \u001b[36m</svg>\u001b[39m\n                \u001b[36m<span\u001b[39m\n                  \u001b[33mclass\u001b[39m=\u001b[32m\"ml-4\"\u001b[39m\n                \u001b[36m>\u001b[39m\n                  \u001b[0mCurrent Subscription:\u001b[0m\n                  \u001b[0m \u001b[0m\n                  \u001b[0mPlus\u001b[0m\n                \u001b[36m</span>\u001b[39m\n              \u001b[36m</h3>\u001b[39m\n              \u001b[36m<p\u001b[39m\n                \u001b[33mclass\u001b[39m=\u001b[32m\"text-primary-foreground/80 text-lg mt-2 relative z-10\"\u001b[39m\n              \u001b[36m>\u001b[39m\n                \u001b[0mManage your current subscription and billing preferences.\u001b[0m\n              \u001b[36m</p>\u001b[39m\n            \u001b[36m</div>\u001b[39m\n            \u001b[36m<div\u001b[39m\n              \u001b[33mclass\u001b[39m=\u001b[32m\"p-8 bg-card\"\u001b[39m\n            \u001b[36m>\u001b[39m\n              \u001b[36m<div\u001b[39m\n                \u001b[33mclass\u001b[39m=\u001b[32m\"space-y-6\"\u001b[39m\n              \u001b[36m>\u001b[39m\n                \u001b[36m<div\u001b[39m\n                  \u001b[33mclass\u001b[39m=\u001b[32m\"grid grid-cols-1 md:grid-cols-2 lg:grid-cols-3 gap-8\"\u001b[39m\n                \u001b[36m>\u001b[39m\n                  \u001b[36m<div>\u001b[39m\n                    \u001b[36m<label\u001b[39m\n                      \u001b[33mclass\u001b[39m=\u001b[32m\"text-sm font-medium text-muted-foreground\"\u001b[39m\n                    \u001b[36m>\u001b[39m\n                      \u001b[0mStatus\u001b[0m\n                    \u001b[36m</label>\u001b[39m\n                    \u001b[36m<div\u001b[39m\n                      \u001b[33mclass\u001b[39m=\u001b[32m\"mt-2\"\u001b[39m\n                    \u001b[36m>\u001b[39m\n                      \u001b[36m<div\u001b[39m\n                        \u001b[33mclass\u001b[39m=\u001b[32m\"inline-flex items-center rounded-full border px-2.5 py-0.5 text-xs font-semibold transition-colors focus:outline-none focus:ring-2 focus:ring-ring focus:ring-offset-2 border-transparent hover:bg-primary/80 bg-green-100 text-green-800\"\u001b[39m\n                      \u001b[36m>\u001b[39m\n                        \u001b[0mactive\u001b[0m\n                      \u001b[36m</div>\u001b[39m\n                    \u001b[36m</div>\u001b[39m\n                  \u001b[36m</div>\u001b[39m\n                  \u001b[36m<div>\u001b[39m\n                    \u001b[36m<label\u001b[39m\n                      \u001b[33mclass\u001b[39m=\u001b[32m\"text-sm font-medium text-muted-foreground\"\u001b[39m\n                    \u001b[36m>\u001b[39m\n                      \u001b[0mPlan\u001b[0m\n                    \u001b[36m</label>\u001b[39m\n                    \u001b[36m<div\u001b[39m\n                      \u001b[33mclass\u001b[39m=\u001b[32m\"mt-2 text-primary text-xl\"\u001b[39m\n                    \u001b[36m>\u001b[39m\n                      \u001b[0mPlus\u001b[0m\n                    \u001b[36m</div>\u001b[39m\n                  \u001b[36m</div>\u001b[39m\n                  \u001b[36m<div>\u001b[39m\n                    \u001b[36m<label\u001b[39m\n                      \u001b[33mclass\u001b[39m=\u001b[32m\"text-sm font-medium text-muted-foreground\"\u001b[39m\n                    \u001b[36m>\u001b[39m\n                      \u001b[0mMonthly Price\u001b[0m\n                    \u001b[36m</label>\u001b[39m\n                    \u001b[36m<div\u001b[39m\n                      \u001b[33mclass\u001b[39m=\u001b[32m\"mt-2 text-xl font-semibold text-green-600\"\u001b[39m\n                    \u001b[36m>\u001b[39m\n                      \u001b[0m€\u001b[0m\n                      \u001b[0m10\u001b[0m\n                    \u001b[36m</div>\u001b[39m\n                  \u001b[36m</div>\u001b[39m\n                \u001b[36m</div>\u001b[39m\n                \u001b[36m<div\u001b[39m\n                  \u001b[33mclass\u001b[39m=\u001b[32m\"flex flex-wrap gap-4 pt-6\"\u001b[39m\n                \u001b[36m>\u001b[39m\n                  \u001b[36m<button\u001b[39m\n                    \u001b[33mclass\u001b[39m=\u001b[32m\"inline-flex items-center justify-center gap-2 whitespace-nowrap text-sm font-medium ring-offset-background transition-colors focus-visible:outline-none focus-visible:ring-2 focus-visible:ring-ring focus-visible:ring-offset-2 disabled:pointer-events-none disabled:opacity-50 [&_svg]:pointer-events-none [&_svg]:size-4 [&_svg]:shrink-0 border border-input bg-background hover:bg-accent hover:text-accent-foreground h-11 rounded-md px-6\"\u001b[39m\n                  \u001b[36m>\u001b[39m\n                    \u001b[0mManage Billing\u001b[0m\n                  \u001b[36m</button>\u001b[39m\n                  \u001b[36m<button\u001b[39m\n                    \u001b[33mclass\u001b[39m=\u001b[32m\"inline-flex items-center justify-center gap-2 whitespace-nowrap text-sm font-medium ring-offset-background transition-colors focus-visible:outline-none focus-visible:ring-2 focus-visible:ring-ring focus-visible:ring-offset-2 disabled:pointer-events-none disabled:opacity-50 [&_svg]:pointer-events-none [&_svg]:size-4 [&_svg]:shrink-0 bg-destructive text-destructive-foreground hover:bg-destructive/90 h-11 rounded-md px-6\"\u001b[39m\n                  \u001b[36m>\u001b[39m\n                    \u001b[0mCancel Subscription\u001b[0m\n                  \u001b[36m</button>\u001b[39m\n                \u001b[36m</div>\u001b[39m\n              \u001b[36m</div>\u001b[39m\n            \u001b[36m</div>\u001b[39m\n          \u001b[36m</div>\u001b[39m\n          \u001b[36m<div\u001b[39m\n            \u001b[33mclass\u001b[39m=\u001b[32m\"mb-20\"\u001b[39m\n          \u001b[36m>\u001b[39m\n            \u001b[36m<div\u001b[39m\n              \u001b[33mclass\u001b[39m=\u001b[32m\"text-center mb-16\"\u001b[39m\n            \u001b[36m>\u001b[39m\n              \u001b[36m<h2\u001b[39m\n                \u001b[33mclass\u001b[39m=\u001b[32m\"text-5xl font-extrabold bg-gradient-to-r from-foreground to-muted-foreground bg-clip-text text-transparent mb-6\"\u001b[39m\n              \u001b[36m>\u001b[39m\n                \u001b[0mAvailable Plans\u001b[0m\n              \u001b[36m</h2>\u001b[39m\n              \u001b[36m<p\u001b[39m\n                \u001b[33mclass\u001b[39m=\u001b[32m\"text-xl text-muted-foreground max-w-3xl mx-auto leading-relaxed\"\u001b[39m\n              \u001b[36m>\u001b[39m\n                \u001b[0mFlexible pricing designed to grow with you. All subscriptions include secure billing and can be changed anytime.\u001b[0m\n              \u001b[36m</p>\u001b[39m\n            \u001b[36m</div>\u001b[39m\n            \u001b[36m<div\u001b[39m\n              \u001b[33mclass\u001b[39m=\u001b[32m\"grid grid-cols-1 sm:grid-cols-2 lg:grid-cols-3 gap-10 max-w-7xl mx-auto px-4\"\u001b[39m\n            \u001b[36m/>\u001b[39m\n          \u001b[36m</div>\u001b[39m\n        \u001b[36m</div>\u001b[39m\n      \u001b[36m</div>\u001b[39m\n    \u001b[36m</div>\u001b[39m\n  \u001b[36m</body>\u001b[39m\n\u001b[36m</html>\u001b[39m\n    at toHaveBeenCalledTimes (D:\\ai-agent-platform\\frontend\\tests\\pages\\Subscriptions.test.tsx:162:72)\n    at callback (D:\\ai-agent-platform\\frontend\\node_modules\\@testing-library\\react\\node_modules\\@testing-library\\dom\\dist\\config.js:47:12)\n    at checkCallback (D:\\ai-agent-platform\\frontend\\node_modules\\@testing-library\\react\\node_modules\\@testing-library\\dom\\dist\\wait-for.js:124:76)\n    at checkCallback (D:\\ai-agent-platform\\frontend\\node_modules\\@testing-library\\react\\node_modules\\@testing-library\\dom\\dist\\wait-for.js:118:16)\n    at Timeout.task [as _onTimeout] (D:\\ai-agent-platform\\frontend\\node_modules\\jsdom\\lib\\jsdom\\browser\\Window.js:520:19)\n    at listOnTimeout (node:internal/timers:581:17)\n    at processTimers (node:internal/timers:519:7)"],"fullName":"Subscriptions Page Manage Billing triggers billing portal and redirects","invocations":1,"location":null,"numPassingAsserts":0,"retryReasons":[],"status":"failed","title":"Manage Billing triggers billing portal and redirects"},{"ancestorTitles":["Subscriptions Page"],"duration":5038,"failureDetails":[{"matcherResult":{"message":"\u001b[2mexpect(\u001b[22m\u001b[31mjest.fn()\u001b[39m\u001b[2m).\u001b[22mtoHaveBeenCalledWith\u001b[2m(\u001b[22m\u001b[32m...expected\u001b[39m\u001b[2m)\u001b[22m\n\nExpected: \u001b[32mfalse\u001b[39m\n\nNumber of calls: \u001b[31m0\u001b[39m","pass":false}}],"failureMessages":["Error: \u001b[2mexpect(\u001b[22m\u001b[31mjest.fn()\u001b[39m\u001b[2m).\u001b[22mtoHaveBeenCalledWith\u001b[2m(\u001b[22m\u001b[32m...expected\u001b[39m\u001b[2m)\u001b[22m\n\nExpected: \u001b[32mfalse\u001b[39m\n\nNumber of calls: \u001b[31m0\u001b[39m\n\nIgnored nodes: comments, script, style\n\u001b[36m<html\u001b[39m\n  \u001b[33mclass\u001b[39m=\u001b[32m\"light\"\u001b[39m\n\u001b[36m>\u001b[39m\n  \u001b[36m<head />\u001b[39m\n  \u001b[36m<body>\u001b[39m\n    \u001b[36m<div>\u001b[39m\n      \u001b[36m<div\u001b[39m\n        \u001b[33mclass\u001b[39m=\u001b[32m\"min-h-screen bg-background py-16 px-6 lg:px-12\"\u001b[39m\n      \u001b[36m>\u001b[39m\n        \u001b[36m<div\u001b[39m\n          \u001b[33mclass\u001b[39m=\u001b[32m\"max-w-7xl mx-auto\"\u001b[39m\n        \u001b[36m>\u001b[39m\n          \u001b[36m<div\u001b[39m\n            \u001b[33mclass\u001b[39m=\u001b[32m\"text-center mb-20\"\u001b[39m\n          \u001b[36m>\u001b[39m\n            \u001b[36m<h1\u001b[39m\n              \u001b[33mclass\u001b[39m=\u001b[32m\"text-4xl font-extrabold bg-gradient-to-r from-foreground to-muted-foreground bg-clip-text text-transparent mb-6\"\u001b[39m\n            \u001b[36m>\u001b[39m\n              \u001b[0mSubscription Management\u001b[0m\n            \u001b[36m</h1>\u001b[39m\n            \u001b[36m<p\u001b[39m\n              \u001b[33mclass\u001b[39m=\u001b[32m\"text-1xl text-muted-foreground max-w-3xl mx-auto leading-relaxed\"\u001b[39m\n            \u001b[36m>\u001b[39m\n              \u001b[0mChoose the perfect plan for your needs. Upgrade, downgrade, or manage your subscription with ease.\u001b[0m\n            \u001b[36m</p>\u001b[39m\n          \u001b[36m</div>\u001b[39m\n          \u001b[36m<div\u001b[39m\n            \u001b[33mclass\u001b[39m=\u001b[32m\"bg-card text-card-foreground mb-20 shadow-2xl border-0 rounded-2xl overflow-hidden\"\u001b[39m\n          \u001b[36m>\u001b[39m\n            \u001b[36m<div\u001b[39m\n              \u001b[33mclass\u001b[39m=\u001b[32m\"flex flex-col space-y-1.5 text-primary-foreground p-8 relative overflow-hidden bg-primary\"\u001b[39m\n            \u001b[36m>\u001b[39m\n              \u001b[36m<h3\u001b[39m\n                \u001b[33mclass\u001b[39m=\u001b[32m\"tracking-tight flex items-center text-primary-foreground text-3xl font-bold relative z-10\"\u001b[39m\n              \u001b[36m>\u001b[39m\n                \u001b[36m<svg\u001b[39m\n                  \u001b[33mclass\u001b[39m=\u001b[32m\"lucide lucide-zap h-6 w-6 text-blue-500\"\u001b[39m\n                  \u001b[33mfill\u001b[39m=\u001b[32m\"none\"\u001b[39m\n                  \u001b[33mheight\u001b[39m=\u001b[32m\"24\"\u001b[39m\n                  \u001b[33mstroke\u001b[39m=\u001b[32m\"currentColor\"\u001b[39m\n                  \u001b[33mstroke-linecap\u001b[39m=\u001b[32m\"round\"\u001b[39m\n                  \u001b[33mstroke-linejoin\u001b[39m=\u001b[32m\"round\"\u001b[39m\n                  \u001b[33mstroke-width\u001b[39m=\u001b[32m\"2\"\u001b[39m\n                  \u001b[33mviewBox\u001b[39m=\u001b[32m\"0 0 24 24\"\u001b[39m\n                  \u001b[33mwidth\u001b[39m=\u001b[32m\"24\"\u001b[39m\n                  \u001b[33mxmlns\u001b[39m=\u001b[32m\"http://www.w3.org/2000/svg\"\u001b[39m\n                \u001b[36m>\u001b[39m\n                  \u001b[36m<path\u001b[39m\n                    \u001b[33md\u001b[39m=\u001b[32m\"M4 14a1 1 0 0 1-.78-1.63l9.9-10.2a.5.5 0 0 1 .86.46l-1.92 6.02A1 1 0 0 0 13 10h7a1 1 0 0 1 .78 1.63l-9.9 10.2a.5.5 0 0 1-.86-.46l1.92-6.02A1 1 0 0 0 11 14z\"\u001b[39m\n                  \u001b[36m/>\u001b[39m\n                \u001b[36m</svg>\u001b[39m\n                \u001b[36m<span\u001b[39m\n                  \u001b[33mclass\u001b[39m=\u001b[32m\"ml-4\"\u001b[39m\n                \u001b[36m>\u001b[39m\n                  \u001b[0mCurrent Subscription:\u001b[0m\n                  \u001b[0m \u001b[0m\n                  \u001b[0mPlus\u001b[0m\n                \u001b[36m</span>\u001b[39m\n              \u001b[36m</h3>\u001b[39m\n              \u001b[36m<p\u001b[39m\n                \u001b[33mclass\u001b[39m=\u001b[32m\"text-primary-foreground/80 text-lg mt-2 relative z-10\"\u001b[39m\n              \u001b[36m>\u001b[39m\n                \u001b[0mManage your current subscription and billing preferences.\u001b[0m\n              \u001b[36m</p>\u001b[39m\n            \u001b[36m</div>\u001b[39m\n            \u001b[36m<div\u001b[39m\n              \u001b[33mclass\u001b[39m=\u001b[32m\"p-8 bg-card\"\u001b[39m\n            \u001b[36m>\u001b[39m\n              \u001b[36m<div\u001b[39m\n                \u001b[33mclass\u001b[39m=\u001b[32m\"space-y-6\"\u001b[39m\n              \u001b[36m>\u001b[39m\n                \u001b[36m<div\u001b[39m\n                  \u001b[33mclass\u001b[39m=\u001b[32m\"grid grid-cols-1 md:grid-cols-2 lg:grid-cols-3 gap-8\"\u001b[39m\n                \u001b[36m>\u001b[39m\n                  \u001b[36m<div>\u001b[39m\n                    \u001b[36m<label\u001b[39m\n                      \u001b[33mclass\u001b[39m=\u001b[32m\"text-sm font-medium text-muted-foreground\"\u001b[39m\n                    \u001b[36m>\u001b[39m\n                      \u001b[0mStatus\u001b[0m\n                    \u001b[36m</label>\u001b[39m\n                    \u001b[36m<div\u001b[39m\n                      \u001b[33mclass\u001b[39m=\u001b[32m\"mt-2\"\u001b[39m\n                    \u001b[36m>\u001b[39m\n                      \u001b[36m<div\u001b[39m\n                        \u001b[33mclass\u001b[39m=\u001b[32m\"inline-flex items-center rounded-full border px-2.5 py-0.5 text-xs font-semibold transition-colors focus:outline-none focus:ring-2 focus:ring-ring focus:ring-offset-2 border-transparent hover:bg-primary/80 bg-green-100 text-green-800\"\u001b[39m\n                      \u001b[36m>\u001b[39m\n                        \u001b[0mactive\u001b[0m\n                      \u001b[36m</div>\u001b[39m\n                    \u001b[36m</div>\u001b[39m\n                  \u001b[36m</div>\u001b[39m\n                  \u001b[36m<div>\u001b[39m\n                    \u001b[36m<label\u001b[39m\n                      \u001b[33mclass\u001b[39m=\u001b[32m\"text-sm font-medium text-muted-foreground\"\u001b[39m\n                    \u001b[36m>\u001b[39m\n                      \u001b[0mPlan\u001b[0m\n                    \u001b[36m</label>\u001b[39m\n                    \u001b[36m<div\u001b[39m\n                      \u001b[33mclass\u001b[39m=\u001b[32m\"mt-2 text-primary text-xl\"\u001b[39m\n                    \u001b[36m>\u001b[39m\n                      \u001b[0mPlus\u001b[0m\n                    \u001b[36m</div>\u001b[39m\n                  \u001b[36m</div>\u001b[39m\n                  \u001b[36m<div>\u001b[39m\n                    \u001b[36m<label\u001b[39m\n                      \u001b[33mclass\u001b[39m=\u001b[32m\"text-sm font-medium text-muted-foreground\"\u001b[39m\n                    \u001b[36m>\u001b[39m\n                      \u001b[0mMonthly Price\u001b[0m\n                    \u001b[36m</label>\u001b[39m\n                    \u001b[36m<div\u001b[39m\n                      \u001b[33mclass\u001b[39m=\u001b[32m\"mt-2 text-xl font-semibold text-green-600\"\u001b[39m\n                    \u001b[36m>\u001b[39m\n                      \u001b[0m€\u001b[0m\n                      \u001b[0m10\u001b[0m\n                    \u001b[36m</div>\u001b[39m\n                  \u001b[36m</div>\u001b[39m\n                \u001b[36m</div>\u001b[39m\n                \u001b[36m<div\u001b[39m\n                  \u001b[33mclass\u001b[39m=\u001b[32m\"flex flex-wrap gap-4 pt-6\"\u001b[39m\n                \u001b[36m>\u001b[39m\n                  \u001b[36m<button\u001b[39m\n                    \u001b[33mclass\u001b[39m=\u001b[32m\"inline-flex items-center justify-center gap-2 whitespace-nowrap text-sm font-medium ring-offset-background transition-colors focus-visible:outline-none focus-visible:ring-2 focus-visible:ring-ring focus-visible:ring-offset-2 disabled:pointer-events-none disabled:opacity-50 [&_svg]:pointer-events-none [&_svg]:size-4 [&_svg]:shrink-0 border border-input bg-background hover:bg-accent hover:text-accent-foreground h-11 rounded-md px-6\"\u001b[39m\n                  \u001b[36m>\u001b[39m\n                    \u001b[0mManage Billing\u001b[0m\n                  \u001b[36m</button>\u001b[39m\n                  \u001b[36m<button\u001b[39m\n                    \u001b[33mclass\u001b[39m=\u001b[32m\"inline-flex items-center justify-center gap-2 whitespace-nowrap text-sm font-medium ring-offset-background transition-colors focus-visible:outline-none focus-visible:ring-2 focus-visible:ring-ring focus-visible:ring-offset-2 disabled:pointer-events-none disabled:opacity-50 [&_svg]:pointer-events-none [&_svg]:size-4 [&_svg]:shrink-0 bg-destructive text-destructive-foreground hover:bg-destructive/90 h-11 rounded-md px-6\"\u001b[39m\n                  \u001b[36m>\u001b[39m\n                    \u001b[0mCancel Subscription\u001b[0m\n                  \u001b[36m</button>\u001b[39m\n                \u001b[36m</div>\u001b[39m\n              \u001b[36m</div>\u001b[39m\n            \u001b[36m</div>\u001b[39m\n          \u001b[36m</div>\u001b[39m\n          \u001b[36m<div\u001b[39m\n            \u001b[33mclass\u001b[39m=\u001b[32m\"mb-20\"\u001b[39m\n          \u001b[36m>\u001b[39m\n            \u001b[36m<div\u001b[39m\n              \u001b[33mclass\u001b[39m=\u001b[32m\"text-center mb-16\"\u001b[39m\n            \u001b[36m>\u001b[39m\n              \u001b[36m<h2\u001b[39m\n                \u001b[33mclass\u001b[39m=\u001b[32m\"text-5xl font-extrabold bg-gradient-to-r from-foreground to-muted-foreground bg-clip-text text-transparent mb-6\"\u001b[39m\n              \u001b[36m>\u001b[39m\n                \u001b[0mAvailable Plans\u001b[0m\n              \u001b[36m</h2>\u001b[39m\n              \u001b[36m<p\u001b[39m\n                \u001b[33mclass\u001b[39m=\u001b[32m\"text-xl text-muted-foreground max-w-3xl mx-auto leading-relaxed\"\u001b[39m\n              \u001b[36m>\u001b[39m\n                \u001b[0mFlexible pricing designed to grow with you. All subscriptions include secure billing and can be changed anytime.\u001b[0m\n              \u001b[36m</p>\u001b[39m\n            \u001b[36m</div>\u001b[39m\n            \u001b[36m<div\u001b[39m\n              \u001b[33mclass\u001b[39m=\u001b[32m\"grid grid-cols-1 sm:grid-cols-2 lg:grid-cols-3 gap-10 max-w-7xl mx-auto px-4\"\u001b[39m\n            \u001b[36m/>\u001b[39m\n          \u001b[36m</div>\u001b[39m\n        \u001b[36m</div>\u001b[39m\n      \u001b[36m</div>\u001b[39m\n    \u001b[36m</div>\u001b[39m\n  \u001b[36m</body>\u001b[39m\n\u001b[36m</html>\u001b[39m\n    at toHaveBeenCalledWith (D:\\ai-agent-platform\\frontend\\tests\\pages\\Subscriptions.test.tsx:188:64)\n    at callback (D:\\ai-agent-platform\\frontend\\node_modules\\@testing-library\\react\\node_modules\\@testing-library\\dom\\dist\\config.js:47:12)\n    at checkCallback (D:\\ai-agent-platform\\frontend\\node_modules\\@testing-library\\react\\node_modules\\@testing-library\\dom\\dist\\wait-for.js:124:76)\n    at checkCallback (D:\\ai-agent-platform\\frontend\\node_modules\\@testing-library\\react\\node_modules\\@testing-library\\dom\\dist\\wait-for.js:118:16)\n    at Timeout.task [as _onTimeout] (D:\\ai-agent-platform\\frontend\\node_modules\\jsdom\\lib\\jsdom\\browser\\Window.js:520:19)\n    at listOnTimeout (node:internal/timers:581:17)\n    at processTimers (node:internal/timers:519:7)"],"fullName":"Subscriptions Page Cancel Subscription calls service and refetches","invocations":1,"location":null,"numPassingAsserts":0,"retryReasons":[],"status":"failed","title":"Cancel Subscription calls service and refetches"},{"ancestorTitles":["Subscriptions Page"],"duration":5042,"failureDetails":[{"matcherResult":{"message":"\u001b[2mexpect(\u001b[22m\u001b[31mjest.fn()\u001b[39m\u001b[2m).\u001b[22mtoHaveBeenCalledWith\u001b[2m(\u001b[22m\u001b[32m...expected\u001b[39m\u001b[2m)\u001b[22m\n\nExpected: \u001b[32m\"plus-plan\"\u001b[39m\n\nNumber of calls: \u001b[31m0\u001b[39m","pass":false}}],"failureMessages":["Error: \u001b[2mexpect(\u001b[22m\u001b[31mjest.fn()\u001b[39m\u001b[2m).\u001b[22mtoHaveBeenCalledWith\u001b[2m(\u001b[22m\u001b[32m...expected\u001b[39m\u001b[2m)\u001b[22m\n\nExpected: \u001b[32m\"plus-plan\"\u001b[39m\n\nNumber of calls: \u001b[31m0\u001b[39m\n\nIgnored nodes: comments, script, style\n\u001b[36m<html\u001b[39m\n  \u001b[33mclass\u001b[39m=\u001b[32m\"light\"\u001b[39m\n\u001b[36m>\u001b[39m\n  \u001b[36m<head />\u001b[39m\n  \u001b[36m<body>\u001b[39m\n    \u001b[36m<div>\u001b[39m\n      \u001b[36m<div\u001b[39m\n        \u001b[33mclass\u001b[39m=\u001b[32m\"min-h-screen bg-background py-16 px-6 lg:px-12\"\u001b[39m\n      \u001b[36m>\u001b[39m\n        \u001b[36m<div\u001b[39m\n          \u001b[33mclass\u001b[39m=\u001b[32m\"max-w-7xl mx-auto\"\u001b[39m\n        \u001b[36m>\u001b[39m\n          \u001b[36m<div\u001b[39m\n            \u001b[33mclass\u001b[39m=\u001b[32m\"text-center mb-20\"\u001b[39m\n          \u001b[36m>\u001b[39m\n            \u001b[36m<h1\u001b[39m\n              \u001b[33mclass\u001b[39m=\u001b[32m\"text-4xl font-extrabold bg-gradient-to-r from-foreground to-muted-foreground bg-clip-text text-transparent mb-6\"\u001b[39m\n            \u001b[36m>\u001b[39m\n              \u001b[0mSubscription Management\u001b[0m\n            \u001b[36m</h1>\u001b[39m\n            \u001b[36m<p\u001b[39m\n              \u001b[33mclass\u001b[39m=\u001b[32m\"text-1xl text-muted-foreground max-w-3xl mx-auto leading-relaxed\"\u001b[39m\n            \u001b[36m>\u001b[39m\n              \u001b[0mChoose the perfect plan for your needs. Upgrade, downgrade, or manage your subscription with ease.\u001b[0m\n            \u001b[36m</p>\u001b[39m\n          \u001b[36m</div>\u001b[39m\n          \u001b[36m<div\u001b[39m\n            \u001b[33mclass\u001b[39m=\u001b[32m\"bg-card text-card-foreground mb-20 shadow-2xl border-0 rounded-2xl overflow-hidden\"\u001b[39m\n          \u001b[36m>\u001b[39m\n            \u001b[36m<div\u001b[39m\n              \u001b[33mclass\u001b[39m=\u001b[32m\"flex flex-col space-y-1.5 text-primary-foreground p-8 relative overflow-hidden bg-primary\"\u001b[39m\n            \u001b[36m>\u001b[39m\n              \u001b[36m<h3\u001b[39m\n                \u001b[33mclass\u001b[39m=\u001b[32m\"tracking-tight flex items-center text-primary-foreground text-3xl font-bold relative z-10\"\u001b[39m\n              \u001b[36m>\u001b[39m\n                \u001b[36m<svg\u001b[39m\n                  \u001b[33mclass\u001b[39m=\u001b[32m\"lucide lucide-star h-6 w-6 text-gray-400\"\u001b[39m\n                  \u001b[33mfill\u001b[39m=\u001b[32m\"none\"\u001b[39m\n                  \u001b[33mheight\u001b[39m=\u001b[32m\"24\"\u001b[39m\n                  \u001b[33mstroke\u001b[39m=\u001b[32m\"currentColor\"\u001b[39m\n                  \u001b[33mstroke-linecap\u001b[39m=\u001b[32m\"round\"\u001b[39m\n                  \u001b[33mstroke-linejoin\u001b[39m=\u001b[32m\"round\"\u001b[39m\n                  \u001b[33mstroke-width\u001b[39m=\u001b[32m\"2\"\u001b[39m\n                  \u001b[33mviewBox\u001b[39m=\u001b[32m\"0 0 24 24\"\u001b[39m\n                  \u001b[33mwidth\u001b[39m=\u001b[32m\"24\"\u001b[39m\n                  \u001b[33mxmlns\u001b[39m=\u001b[32m\"http://www.w3.org/2000/svg\"\u001b[39m\n                \u001b[36m>\u001b[39m\n                  \u001b[36m<path\u001b[39m\n                    \u001b[33md\u001b[39m=\u001b[32m\"M11.525 2.295a.53.53 0 0 1 .95 0l2.31 4.679a2.123 2.123 0 0 0 1.595 1.16l5.166.756a.53.53 0 0 1 .294.904l-3.736 3.638a2.123 2.123 0 0 0-.611 1.878l.882 5.14a.53.53 0 0 1-.771.56l-4.618-2.428a2.122 2.122 0 0 0-1.973 0L6.396 21.01a.53.53 0 0 1-.77-.56l.881-5.139a2.122 2.122 0 0 0-.611-1.879L2.16 9.795a.53.53 0 0 1 .294-.906l5.165-.755a2.122 2.122 0 0 0 1.597-1.16z\"\u001b[39m\n                  \u001b[36m/>\u001b[39m\n                \u001b[36m</svg>\u001b[39m\n                \u001b[36m<span\u001b[39m\n                  \u001b[33mclass\u001b[39m=\u001b[32m\"ml-4\"\u001b[39m\n                \u001b[36m>\u001b[39m\n                  \u001b[0mCurrent Subscription:\u001b[0m\n                  \u001b[0m \u001b[0m\n                  \u001b[0mFree Plan\u001b[0m\n                \u001b[36m</span>\u001b[39m\n              \u001b[36m</h3>\u001b[39m\n              \u001b[36m<p\u001b[39m\n                \u001b[33mclass\u001b[39m=\u001b[32m\"text-primary-foreground/80 text-lg mt-2 relative z-10\"\u001b[39m\n              \u001b[36m>\u001b[39m\n                \u001b[0mManage your current subscription and billing preferences.\u001b[0m\n              \u001b[36m</p>\u001b[39m\n            \u001b[36m</div>\u001b[39m\n            \u001b[36m<div\u001b[39m\n              \u001b[33mclass\u001b[39m=\u001b[32m\"p-8 bg-card\"\u001b[39m\n            \u001b[36m>\u001b[39m\n              \u001b[36m<div\u001b[39m\n                \u001b[33mclass\u001b[39m=\u001b[32m\"text-center py-12\"\u001b[39m\n              \u001b[36m>\u001b[39m\n                \u001b[36m<svg\u001b[39m\n                  \u001b[33mclass\u001b[39m=\u001b[32m\"lucide lucide-star h-14 w-14 text-muted-foreground mx-auto mb-6\"\u001b[39m\n                  \u001b[33mfill\u001b[39m=\u001b[32m\"none\"\u001b[39m\n                  \u001b[33mheight\u001b[39m=\u001b[32m\"24\"\u001b[39m\n                  \u001b[33mstroke\u001b[39m=\u001b[32m\"currentColor\"\u001b[39m\n                  \u001b[33mstroke-linecap\u001b[39m=\u001b[32m\"round\"\u001b[39m\n                  \u001b[33mstroke-linejoin\u001b[39m=\u001b[32m\"round\"\u001b[39m\n                  \u001b[33mstroke-width\u001b[39m=\u001b[32m\"2\"\u001b[39m\n                  \u001b[33mviewBox\u001b[39m=\u001b[32m\"0 0 24 24\"\u001b[39m\n                  \u001b[33mwidth\u001b[39m=\u001b[32m\"24\"\u001b[39m\n                  \u001b[33mxmlns\u001b[39m=\u001b[32m\"http://www.w3.org/2000/svg\"\u001b[39m\n                \u001b[36m>\u001b[39m\n                  \u001b[36m<path\u001b[39m\n                    \u001b[33md\u001b[39m=\u001b[32m\"M11.525 2.295a.53.53 0 0 1 .95 0l2.31 4.679a2.123 2.123 0 0 0 1.595 1.16l5.166.756a.53.53 0 0 1 .294.904l-3.736 3.638a2.123 2.123 0 0 0-.611 1.878l.882 5.14a.53.53 0 0 1-.771.56l-4.618-2.428a2.122 2.122 0 0 0-1.973 0L6.396 21.01a.53.53 0 0 1-.77-.56l.881-5.139a2.122 2.122 0 0 0-.611-1.879L2.16 9.795a.53.53 0 0 1 .294-.906l5.165-.755a2.122 2.122 0 0 0 1.597-1.16z\"\u001b[39m\n                  \u001b[36m/>\u001b[39m\n                \u001b[36m</svg>\u001b[39m\n                \u001b[36m<h3\u001b[39m\n                  \u001b[33mclass\u001b[39m=\u001b[32m\"text-2xl font-semibold text-foreground mb-3\"\u001b[39m\n                \u001b[36m>\u001b[39m\n                  \u001b[0mNo Active Subscription\u001b[0m\n                \u001b[36m</h3>\u001b[39m\n                \u001b[36m<p\u001b[39m\n                  \u001b[33mclass\u001b[39m=\u001b[32m\"text-muted-foreground text-lg\"\u001b[39m\n                \u001b[36m>\u001b[39m\n                  \u001b[0mYou're currently on the free plan. Upgrade to unlock premium features.\u001b[0m\n                \u001b[36m</p>\u001b[39m\n              \u001b[36m</div>\u001b[39m\n            \u001b[36m</div>\u001b[39m\n          \u001b[36m</div>\u001b[39m\n          \u001b[36m<div\u001b[39m\n            \u001b[33mclass\u001b[39m=\u001b[32m\"mb-20\"\u001b[39m\n          \u001b[36m>\u001b[39m\n            \u001b[36m<div\u001b[39m\n              \u001b[33mclass\u001b[39m=\u001b[32m\"text-center mb-16\"\u001b[39m\n            \u001b[36m>\u001b[39m\n              \u001b[36m<h2\u001b[39m\n                \u001b[33mclass\u001b[39m=\u001b[32m\"text-5xl font-extrabold bg-gradient-to-r from-foreground to-muted-foreground bg-clip-text text-transparent mb-6\"\u001b[39m\n              \u001b[36m>\u001b[39m\n                \u001b[0mAvailable Plans\u001b[0m\n              \u001b[36m</h2>\u001b[39m\n              \u001b[36m<p\u001b[39m\n                \u001b[33mclass\u001b[39m=\u001b[32m\"text-xl text-muted-foreground max-w-3xl mx-auto leading-relaxed\"\u001b[39m\n              \u001b[36m>\u001b[39m\n                \u001b[0mFlexible pricing designed to grow with you. All subscriptions include secure billing and can be changed anytime.\u001b[0m\n              \u001b[36m</p>\u001b[39m\n            \u001b[36m</div>\u001b[39m\n            \u001b[36m<div\u001b[39m\n              \u001b[33mclass\u001b[39m=\u001b[32m\"grid grid-cols-1 sm:grid-cols-2 lg:grid-cols-3 gap-10 max-w-7xl mx-auto px-4\"\u001b[39m\n            \u001b[36m>\u001b[39m\n              \u001b[36m<div\u001b[39m\n                \u001b[33mclass\u001b[39m=\u001b[32m\"bg-card relative flex flex-col justify-between transition-all duration-300 rounded-2xl p-8 bg-gradient-to-b from-indigo-600 to-purple-700 text-white shadow-xl border border-indigo-300\"\u001b[39m\n              \u001b[36m>\u001b[39m\n                \u001b[36m<div\u001b[39m\n                  \u001b[33mclass\u001b[39m=\u001b[32m\"absolute -top-4 left-1/2 transform -translate-x-1/2\"\u001b[39m\n                \u001b[36m>\u001b[39m\n                  \u001b[36m<span\u001b[39m\n                    \u001b[33mclass\u001b[39m=\u001b[32m\"bg-yellow-400 text-gray-900 px-6 py-1.5 rounded-full text-sm font-bold uppercase tracking-wide shadow-md border border-yellow-500\"\u001b[39m\n                  \u001b[36m>\u001b[39m\n                    \u001b[0m★ Most Popular\u001b[0m\n                  \u001b[36m</span>\u001b[39m\n                \u001b[36m</div>\u001b[39m\n                \u001b[36m<div\u001b[39m\n                  \u001b[33mclass\u001b[39m=\u001b[32m\"flex flex-col space-y-1.5 p-6 text-center pb-6 pt-8\"\u001b[39m\n                \u001b[36m>\u001b[39m\n                  \u001b[36m<h3\u001b[39m\n                    \u001b[33mclass\u001b[39m=\u001b[32m\"tracking-tight text-3xl font-bold mb-3\"\u001b[39m\n                  \u001b[36m>\u001b[39m\n                    \u001b[0mPlus\u001b[0m\n                  \u001b[36m</h3>\u001b[39m\n                  \u001b[36m<p\u001b[39m\n                    \u001b[33mclass\u001b[39m=\u001b[32m\"text-base mb-5 text-gray-200\"\u001b[39m\n                  \u001b[36m>\u001b[39m\n                    \u001b[0mIntelligence for everyday tasks\u001b[0m\n                  \u001b[36m</p>\u001b[39m\n                  \u001b[36m<div\u001b[39m\n                    \u001b[33mclass\u001b[39m=\u001b[32m\"mb-6\"\u001b[39m\n                  \u001b[36m>\u001b[39m\n                    \u001b[36m<span\u001b[39m\n                      \u001b[33mclass\u001b[39m=\u001b[32m\"text-lg font-semibold\"\u001b[39m\n                    \u001b[36m>\u001b[39m\n                      \u001b[0m€\u001b[0m\n                    \u001b[36m</span>\u001b[39m\n                    \u001b[36m<span\u001b[39m\n                      \u001b[33mclass\u001b[39m=\u001b[32m\"text-5xl font-extrabold\"\u001b[39m\n                    \u001b[36m>\u001b[39m\n                      \u001b[0m10\u001b[0m\n                    \u001b[36m</span>\u001b[39m\n                    \u001b[36m<span\u001b[39m\n                      \u001b[33mclass\u001b[39m=\u001b[32m\"text-lg ml-1 text-gray-300\"\u001b[39m\n                    \u001b[36m>\u001b[39m\n                      \u001b[0m/month\u001b[0m\n                    \u001b[36m</span>\u001b[39m\n                    \u001b[36m<p\u001b[39m\n                      \u001b[33mclass\u001b[39m=\u001b[32m\"text-sm mt-2 text-gray-400\"\u001b[39m\n                    \u001b[36m>\u001b[39m\n                      \u001b[0m(Includes €\u001b[0m\n                      \u001b[0m2.10\u001b[0m\n                      \u001b[0m VAT)\u001b[0m\n                    \u001b[36m</p>\u001b[39m\n                    \u001b[36m<div\u001b[39m\n                      \u001b[33mclass\u001b[39m=\u001b[32m\"mt-4\"\u001b[39m\n                    \u001b[36m>\u001b[39m\n                      \u001b[36m<button\u001b[39m\n                        \u001b[33mclass\u001b[39m=\u001b[32m\"inline-flex items-center justify-center gap-2 whitespace-nowrap rounded-md ring-offset-background focus-visible:outline-none focus-visible:ring-2 focus-visible:ring-ring focus-visible:ring-offset-2 disabled:pointer-events-none disabled:opacity-50 [&_svg]:pointer-events-none [&_svg]:size-4 [&_svg]:shrink-0 px-4 py-2 w-full h-12 text-base font-semibold transition-all duration-200 bg-white text-indigo-700 hover:bg-gray-100\"\u001b[39m\n                      \u001b[36m>\u001b[39m\n                        \u001b[0mGet Plus\u001b[0m\n                      \u001b[36m</button>\u001b[39m\n                    \u001b[36m</div>\u001b[39m\n                  \u001b[36m</div>\u001b[39m\n                \u001b[36m</div>\u001b[39m\n                \u001b[36m<div\u001b[39m\n                  \u001b[33mclass\u001b[39m=\u001b[32m\"p-6 pt-0 px-6 pb-8 flex-1\"\u001b[39m\n                \u001b[36m>\u001b[39m\n                  \u001b[36m<ul\u001b[39m\n                    \u001b[33mclass\u001b[39m=\u001b[32m\"space-y-4 mb-10\"\u001b[39m\n                  \u001b[36m>\u001b[39m\n                    \u001b[36m<li\u001b[39m\n                      \u001b[33mclass\u001b[39m=\u001b[32m\"flex items-center text-base leading-relaxed\"\u001b[39m\n                    \u001b[36m>\u001b[39m\n                      \u001b[36m<svg\u001b[39m\n                        \u001b[33mclass\u001b[39m=\u001b[32m\"lucide lucide-check h-5 w-5 mr-3 flex-shrink-0 text-white\"\u001b[39m\n                        \u001b[33mfill\u001b[39m=\u001b[32m\"none\"\u001b[39m\n                        \u001b[33mheight\u001b[39m=\u001b[32m\"24\"\u001b[39m\n                        \u001b[33mstroke\u001b[39m=\u001b[32m\"currentColor\"\u001b[39m\n                        \u001b[33mstroke-linecap\u001b[39m=\u001b[32m\"round\"\u001b[39m\n                        \u001b[33mstroke-linejoin\u001b[39m=\u001b[32m\"round\"\u001b[39m\n                        \u001b[33mstroke-width\u001b[39m=\u001b[32m\"2\"\u001b[39m\n                        \u001b[33mviewBox\u001b[39m=\u001b[32m\"0 0 24 24\"\u001b[39m\n                        \u001b[33mwidth\u001b[39m=\u001b[32m\"24\"\u001b[39m\n                        \u001b[33mxmlns\u001b[39m=\u001b[32m\"http://www.w3.org/2000/svg\"\u001b[39m\n                      \u001b[36m>\u001b[39m\n                        \u001b[36m<path\u001b[39m\n                          \u001b[33md\u001b[39m=\u001b[32m\"M20 6 9 17l-5-5\"\u001b[39m\n                        \u001b[36m/>\u001b[39m\n                      \u001b[36m</svg>\u001b[39m\n                      \u001b[36m<span\u001b[39m\n                        \u001b[33mclass\u001b[39m=\u001b[32m\"text-gray-100\"\u001b[39m\n                      \u001b[36m>\u001b[39m\n                        \u001b[0mFeature C\u001b[0m\n                      \u001b[36m</span>\u001b[39m\n                    \u001b[36m</li>\u001b[39m\n                  \u001b[36m</ul>\u001b[39m\n                \u001b[36m</div>\u001b[39m\n              \u001b[36m</div>\u001b[39m\n            \u001b[36m</div>\u001b[39m\n          \u001b[36m</div>\u001b[39m\n        \u001b[36m</div>\u001b[39m\n      \u001b[36m</div>\u001b[39m\n    \u001b[36m</div>\u001b[39m\n  \u001b[36m</body>\u001b[39m\n\u001b[36m</html>\u001b[39m\n    at toHaveBeenCalledWith (D:\\ai-agent-platform\\frontend\\tests\\pages\\Subscriptions.test.tsx:213:67)\n    at callback (D:\\ai-agent-platform\\frontend\\node_modules\\@testing-library\\react\\node_modules\\@testing-library\\dom\\dist\\config.js:47:12)\n    at checkCallback (D:\\ai-agent-platform\\frontend\\node_modules\\@testing-library\\react\\node_modules\\@testing-library\\dom\\dist\\wait-for.js:124:76)\n    at checkCallback (D:\\ai-agent-platform\\frontend\\node_modules\\@testing-library\\react\\node_modules\\@testing-library\\dom\\dist\\wait-for.js:118:16)\n    at Timeout.task [as _onTimeout] (D:\\ai-agent-platform\\frontend\\node_modules\\jsdom\\lib\\jsdom\\browser\\Window.js:520:19)\n    at listOnTimeout (node:internal/timers:581:17)\n    at processTimers (node:internal/timers:519:7)"],"fullName":"Subscriptions Page Subscribe to paid plan creates checkout session and redirects","invocations":1,"location":null,"numPassingAsserts":0,"retryReasons":[],"status":"failed","title":"Subscribe to paid plan creates checkout session and redirects"},{"ancestorTitles":["Subscriptions Page"],"duration":5070,"failureDetails":[{"matcherResult":{"message":"\u001b[2mexpect(\u001b[22m\u001b[31mjest.fn()\u001b[39m\u001b[2m).\u001b[22mtoHaveBeenCalledWith\u001b[2m(\u001b[22m\u001b[32m...expected\u001b[39m\u001b[2m)\u001b[22m\n\nExpected: \u001b[32m\"free\"\u001b[39m\n\nNumber of calls: \u001b[31m0\u001b[39m","pass":false}}],"failureMessages":["Error: \u001b[2mexpect(\u001b[22m\u001b[31mjest.fn()\u001b[39m\u001b[2m).\u001b[22mtoHaveBeenCalledWith\u001b[2m(\u001b[22m\u001b[32m...expected\u001b[39m\u001b[2m)\u001b[22m\n\nExpected: \u001b[32m\"free\"\u001b[39m\n\nNumber of calls: \u001b[31m0\u001b[39m\n\nIgnored nodes: comments, script, style\n\u001b[36m<html\u001b[39m\n  \u001b[33mclass\u001b[39m=\u001b[32m\"light\"\u001b[39m\n\u001b[36m>\u001b[39m\n  \u001b[36m<head />\u001b[39m\n  \u001b[36m<body>\u001b[39m\n    \u001b[36m<div>\u001b[39m\n      \u001b[36m<div\u001b[39m\n        \u001b[33mclass\u001b[39m=\u001b[32m\"min-h-screen bg-background py-16 px-6 lg:px-12\"\u001b[39m\n      \u001b[36m>\u001b[39m\n        \u001b[36m<div\u001b[39m\n          \u001b[33mclass\u001b[39m=\u001b[32m\"max-w-7xl mx-auto\"\u001b[39m\n        \u001b[36m>\u001b[39m\n          \u001b[36m<div\u001b[39m\n            \u001b[33mclass\u001b[39m=\u001b[32m\"text-center mb-20\"\u001b[39m\n          \u001b[36m>\u001b[39m\n            \u001b[36m<h1\u001b[39m\n              \u001b[33mclass\u001b[39m=\u001b[32m\"text-4xl font-extrabold bg-gradient-to-r from-foreground to-muted-foreground bg-clip-text text-transparent mb-6\"\u001b[39m\n            \u001b[36m>\u001b[39m\n              \u001b[0mSubscription Management\u001b[0m\n            \u001b[36m</h1>\u001b[39m\n            \u001b[36m<p\u001b[39m\n              \u001b[33mclass\u001b[39m=\u001b[32m\"text-1xl text-muted-foreground max-w-3xl mx-auto leading-relaxed\"\u001b[39m\n            \u001b[36m>\u001b[39m\n              \u001b[0mChoose the perfect plan for your needs. Upgrade, downgrade, or manage your subscription with ease.\u001b[0m\n            \u001b[36m</p>\u001b[39m\n          \u001b[36m</div>\u001b[39m\n          \u001b[36m<div\u001b[39m\n            \u001b[33mclass\u001b[39m=\u001b[32m\"bg-card text-card-foreground mb-20 shadow-2xl border-0 rounded-2xl overflow-hidden\"\u001b[39m\n          \u001b[36m>\u001b[39m\n            \u001b[36m<div\u001b[39m\n              \u001b[33mclass\u001b[39m=\u001b[32m\"flex flex-col space-y-1.5 text-primary-foreground p-8 relative overflow-hidden bg-primary\"\u001b[39m\n            \u001b[36m>\u001b[39m\n              \u001b[36m<h3\u001b[39m\n                \u001b[33mclass\u001b[39m=\u001b[32m\"tracking-tight flex items-center text-primary-foreground text-3xl font-bold relative z-10\"\u001b[39m\n              \u001b[36m>\u001b[39m\n                \u001b[36m<svg\u001b[39m\n                  \u001b[33mclass\u001b[39m=\u001b[32m\"lucide lucide-zap h-6 w-6 text-blue-500\"\u001b[39m\n                  \u001b[33mfill\u001b[39m=\u001b[32m\"none\"\u001b[39m\n                  \u001b[33mheight\u001b[39m=\u001b[32m\"24\"\u001b[39m\n                  \u001b[33mstroke\u001b[39m=\u001b[32m\"currentColor\"\u001b[39m\n                  \u001b[33mstroke-linecap\u001b[39m=\u001b[32m\"round\"\u001b[39m\n                  \u001b[33mstroke-linejoin\u001b[39m=\u001b[32m\"round\"\u001b[39m\n                  \u001b[33mstroke-width\u001b[39m=\u001b[32m\"2\"\u001b[39m\n                  \u001b[33mviewBox\u001b[39m=\u001b[32m\"0 0 24 24\"\u001b[39m\n                  \u001b[33mwidth\u001b[39m=\u001b[32m\"24\"\u001b[39m\n                  \u001b[33mxmlns\u001b[39m=\u001b[32m\"http://www.w3.org/2000/svg\"\u001b[39m\n                \u001b[36m>\u001b[39m\n                  \u001b[36m<path\u001b[39m\n                    \u001b[33md\u001b[39m=\u001b[32m\"M4 14a1 1 0 0 1-.78-1.63l9.9-10.2a.5.5 0 0 1 .86.46l-1.92 6.02A1 1 0 0 0 13 10h7a1 1 0 0 1 .78 1.63l-9.9 10.2a.5.5 0 0 1-.86-.46l1.92-6.02A1 1 0 0 0 11 14z\"\u001b[39m\n                  \u001b[36m/>\u001b[39m\n                \u001b[36m</svg>\u001b[39m\n                \u001b[36m<span\u001b[39m\n                  \u001b[33mclass\u001b[39m=\u001b[32m\"ml-4\"\u001b[39m\n                \u001b[36m>\u001b[39m\n                  \u001b[0mCurrent Subscription:\u001b[0m\n                  \u001b[0m \u001b[0m\n                  \u001b[0mPlus\u001b[0m\n                \u001b[36m</span>\u001b[39m\n              \u001b[36m</h3>\u001b[39m\n              \u001b[36m<p\u001b[39m\n                \u001b[33mclass\u001b[39m=\u001b[32m\"text-primary-foreground/80 text-lg mt-2 relative z-10\"\u001b[39m\n              \u001b[36m>\u001b[39m\n                \u001b[0mManage your current subscription and billing preferences.\u001b[0m\n              \u001b[36m</p>\u001b[39m\n            \u001b[36m</div>\u001b[39m\n            \u001b[36m<div\u001b[39m\n              \u001b[33mclass\u001b[39m=\u001b[32m\"p-8 bg-card\"\u001b[39m\n            \u001b[36m>\u001b[39m\n              \u001b[36m<div\u001b[39m\n                \u001b[33mclass\u001b[39m=\u001b[32m\"space-y-6\"\u001b[39m\n              \u001b[36m>\u001b[39m\n                \u001b[36m<div\u001b[39m\n                  \u001b[33mclass\u001b[39m=\u001b[32m\"grid grid-cols-1 md:grid-cols-2 lg:grid-cols-3 gap-8\"\u001b[39m\n                \u001b[36m>\u001b[39m\n                  \u001b[36m<div>\u001b[39m\n                    \u001b[36m<label\u001b[39m\n                      \u001b[33mclass\u001b[39m=\u001b[32m\"text-sm font-medium text-muted-foreground\"\u001b[39m\n                    \u001b[36m>\u001b[39m\n                      \u001b[0mStatus\u001b[0m\n                    \u001b[36m</label>\u001b[39m\n                    \u001b[36m<div\u001b[39m\n                      \u001b[33mclass\u001b[39m=\u001b[32m\"mt-2\"\u001b[39m\n                    \u001b[36m>\u001b[39m\n                      \u001b[36m<div\u001b[39m\n                        \u001b[33mclass\u001b[39m=\u001b[32m\"inline-flex items-center rounded-full border px-2.5 py-0.5 text-xs font-semibold transition-colors focus:outline-none focus:ring-2 focus:ring-ring focus:ring-offset-2 border-transparent hover:bg-primary/80 bg-green-100 text-green-800\"\u001b[39m\n                      \u001b[36m>\u001b[39m\n                        \u001b[0mactive\u001b[0m\n                      \u001b[36m</div>\u001b[39m\n                    \u001b[36m</div>\u001b[39m\n                  \u001b[36m</div>\u001b[39m\n                  \u001b[36m<div>\u001b[39m\n                    \u001b[36m<label\u001b[39m\n                      \u001b[33mclass\u001b[39m=\u001b[32m\"text-sm font-medium text-muted-foreground\"\u001b[39m\n                    \u001b[36m>\u001b[39m\n                      \u001b[0mPlan\u001b[0m\n                    \u001b[36m</label>\u001b[39m\n                    \u001b[36m<div\u001b[39m\n                      \u001b[33mclass\u001b[39m=\u001b[32m\"mt-2 text-primary text-xl\"\u001b[39m\n                    \u001b[36m>\u001b[39m\n                      \u001b[0mPlus\u001b[0m\n                    \u001b[36m</div>\u001b[39m\n                  \u001b[36m</div>\u001b[39m\n                  \u001b[36m<div>\u001b[39m\n                    \u001b[36m<label\u001b[39m\n                      \u001b[33mclass\u001b[39m=\u001b[32m\"text-sm font-medium text-muted-foreground\"\u001b[39m\n                    \u001b[36m>\u001b[39m\n                      \u001b[0mMonthly Price\u001b[0m\n                    \u001b[36m</label>\u001b[39m\n                    \u001b[36m<div\u001b[39m\n                      \u001b[33mclass\u001b[39m=\u001b[32m\"mt-2 text-xl font-semibold text-green-600\"\u001b[39m\n                    \u001b[36m>\u001b[39m\n                      \u001b[0m€\u001b[0m\n                      \u001b[0m10\u001b[0m\n                    \u001b[36m</div>\u001b[39m\n                  \u001b[36m</div>\u001b[39m\n                \u001b[36m</div>\u001b[39m\n                \u001b[36m<div\u001b[39m\n                  \u001b[33mclass\u001b[39m=\u001b[32m\"flex flex-wrap gap-4 pt-6\"\u001b[39m\n                \u001b[36m>\u001b[39m\n                  \u001b[36m<button\u001b[39m\n                    \u001b[33mclass\u001b[39m=\u001b[32m\"inline-flex items-center justify-center gap-2 whitespace-nowrap text-sm font-medium ring-offset-background transition-colors focus-visible:outline-none focus-visible:ring-2 focus-visible:ring-ring focus-visible:ring-offset-2 disabled:pointer-events-none disabled:opacity-50 [&_svg]:pointer-events-none [&_svg]:size-4 [&_svg]:shrink-0 border border-input bg-background hover:bg-accent hover:text-accent-foreground h-11 rounded-md px-6\"\u001b[39m\n                  \u001b[36m>\u001b[39m\n                    \u001b[0mManage Billing\u001b[0m\n                  \u001b[36m</button>\u001b[39m\n                  \u001b[36m<button\u001b[39m\n                    \u001b[33mclass\u001b[39m=\u001b[32m\"inline-flex items-center justify-center gap-2 whitespace-nowrap text-sm font-medium ring-offset-background transition-colors focus-visible:outline-none focus-visible:ring-2 focus-visible:ring-ring focus-visible:ring-offset-2 disabled:pointer-events-none disabled:opacity-50 [&_svg]:pointer-events-none [&_svg]:size-4 [&_svg]:shrink-0 bg-destructive text-destructive-foreground hover:bg-destructive/90 h-11 rounded-md px-6\"\u001b[39m\n                  \u001b[36m>\u001b[39m\n                    \u001b[0mCancel Subscription\u001b[0m\n                  \u001b[36m</button>\u001b[39m\n                \u001b[36m</div>\u001b[39m\n              \u001b[36m</div>\u001b[39m\n            \u001b[36m</div>\u001b[39m\n          \u001b[36m</div>\u001b[39m\n          \u001b[36m<div\u001b[39m\n            \u001b[33mclass\u001b[39m=\u001b[32m\"mb-20\"\u001b[39m\n          \u001b[36m>\u001b[39m\n            \u001b[36m<div\u001b[39m\n              \u001b[33mclass\u001b[39m=\u001b[32m\"text-center mb-16\"\u001b[39m\n            \u001b[36m>\u001b[39m\n              \u001b[36m<h2\u001b[39m\n                \u001b[33mclass\u001b[39m=\u001b[32m\"text-5xl font-extrabold bg-gradient-to-r from-foreground to-muted-foreground bg-clip-text text-transparent mb-6\"\u001b[39m\n              \u001b[36m>\u001b[39m\n                \u001b[0mAvailable Plans\u001b[0m\n              \u001b[36m</h2>\u001b[39m\n              \u001b[36m<p\u001b[39m\n                \u001b[33mclass\u001b[39m=\u001b[32m\"text-xl text-muted-foreground max-w-3xl mx-auto leading-relaxed\"\u001b[39m\n              \u001b[36m>\u001b[39m\n                \u001b[0mFlexible pricing designed to grow with you. All subscriptions include secure billing and can be changed anytime.\u001b[0m\n              \u001b[36m</p>\u001b[39m\n            \u001b[36m</div>\u001b[39m\n            \u001b[36m<div\u001b[39m\n              \u001b[33mclass\u001b[39m=\u001b[32m\"grid grid-cols-1 sm:grid-cols-2 lg:grid-cols-3 gap-10 max-w-7xl mx-auto px-4\"\u001b[39m\n            \u001b[36m>\u001b[39m\n              \u001b[36m<div\u001b[39m\n                \u001b[33mclass\u001b[39m=\u001b[32m\"relative flex flex-col justify-between transition-all duration-300 border-0 rounded-2xl p-8 bg-primary text-primary-foreground shadow-2xl scale-[1.02]\"\u001b[39m\n              \u001b[36m>\u001b[39m\n                \u001b[36m<div\u001b[39m\n                  \u001b[33mclass\u001b[39m=\u001b[32m\"absolute -top-4 right-6\"\u001b[39m\n                \u001b[36m>\u001b[39m\n                  \u001b[36m<span\u001b[39m\n                    \u001b[33mclass\u001b[39m=\u001b[32m\"bg-green-500 text-white px-4 py-1.5 rounded-full text-sm font-semibold shadow-md\"\u001b[39m\n                  \u001b[36m>\u001b[39m\n                    \u001b[0mYour Current Plan\u001b[0m\n                  \u001b[36m</span>\u001b[39m\n                \u001b[36m</div>\u001b[39m\n                \u001b[36m<div\u001b[39m\n                  \u001b[33mclass\u001b[39m=\u001b[32m\"flex flex-col space-y-1.5 p-6 text-center pb-6 pt-8\"\u001b[39m\n                \u001b[36m>\u001b[39m\n                  \u001b[36m<h3\u001b[39m\n                    \u001b[33mclass\u001b[39m=\u001b[32m\"tracking-tight text-3xl font-bold mb-3\"\u001b[39m\n                  \u001b[36m>\u001b[39m\n                    \u001b[0mFree\u001b[0m\n                  \u001b[36m</h3>\u001b[39m\n                  \u001b[36m<p\u001b[39m\n                    \u001b[33mclass\u001b[39m=\u001b[32m\"text-base mb-5 text-gray-200\"\u001b[39m\n                  \u001b[36m>\u001b[39m\n                    \u001b[0mIntelligence for everyday tasks\u001b[0m\n                  \u001b[36m</p>\u001b[39m\n                  \u001b[36m<div\u001b[39m\n                    \u001b[33mclass\u001b[39m=\u001b[32m\"mb-6\"\u001b[39m\n                  \u001b[36m>\u001b[39m\n                    \u001b[36m<span\u001b[39m\n                      \u001b[33mclass\u001b[39m=\u001b[32m\"text-lg font-semibold\"\u001b[39m\n                    \u001b[36m>\u001b[39m\n                      \u001b[0m€\u001b[0m\n                    \u001b[36m</span>\u001b[39m\n                    \u001b[36m<span\u001b[39m\n                      \u001b[33mclass\u001b[39m=\u001b[32m\"text-5xl font-extrabold\"\u001b[39m\n                    \u001b[36m>\u001b[39m\n                      \u001b[0m0\u001b[0m\n                    \u001b[36m</span>\u001b[39m\n                    \u001b[36m<span\u001b[39m\n                      \u001b[33mclass\u001b[39m=\u001b[32m\"text-lg ml-1 text-gray-300\"\u001b[39m\n                    \u001b[36m/>\u001b[39m\n                    \u001b[36m<div\u001b[39m\n                      \u001b[33mclass\u001b[39m=\u001b[32m\"mt-4\"\u001b[39m\n                    \u001b[36m>\u001b[39m\n                      \u001b[36m<button\u001b[39m\n                        \u001b[33mclass\u001b[39m=\u001b[32m\"inline-flex items-center justify-center gap-2 whitespace-nowrap rounded-md ring-offset-background focus-visible:outline-none focus-visible:ring-2 focus-visible:ring-ring focus-visible:ring-offset-2 disabled:pointer-events-none disabled:opacity-50 [&_svg]:pointer-events-none [&_svg]:size-4 [&_svg]:shrink-0 border bg-background px-4 py-2 w-full h-12 text-base font-medium border-border text-primary-foreground hover:bg-accent hover:text-accent-foreground transition-all duration-200\"\u001b[39m\n                      \u001b[36m>\u001b[39m\n                        \u001b[0mManage Billing\u001b[0m\n                      \u001b[36m</button>\u001b[39m\n                    \u001b[36m</div>\u001b[39m\n                  \u001b[36m</div>\u001b[39m\n                \u001b[36m</div>\u001b[39m\n                \u001b[36m<div\u001b[39m\n                  \u001b[33mclass\u001b[39m=\u001b[32m\"p-6 pt-0 px-6 pb-8 flex-1\"\u001b[39m\n                \u001b[36m>\u001b[39m\n                  \u001b[36m<ul\u001b[39m\n                    \u001b[33mclass\u001b[39m=\u001b[32m\"space-y-4 mb-10\"\u001b[39m\n                  \u001b[36m>\u001b[39m\n                    \u001b[36m<li\u001b[39m\n                      \u001b[33mclass\u001b[39m=\u001b[32m\"flex items-center text-base leading-relaxed\"\u001b[39m\n                    \u001b[36m>\u001b[39m\n                      \u001b[36m<svg\u001b[39m\n                        \u001b[33mclass\u001b[39m=\u001b[32m\"lucide lucide-check h-5 w-5 mr-3 flex-shrink-0 text-white\"\u001b[39m\n                        \u001b[33mfill\u001b[39m=\u001b[32m\"none\"\u001b[39m\n                        \u001b[33mheight\u001b[39m=\u001b[32m\"24\"\u001b[39m\n                        \u001b[33mstroke\u001b[39m=\u001b[32m\"currentColor\"\u001b[39m\n                        \u001b[33mstroke-linecap\u001b[39m=\u001b[32m\"round\"\u001b[39m\n                        \u001b[33mstroke-linejoin\u001b[39m=\u001b[32m\"round\"\u001b[39m\n                        \u001b[33mstroke-width\u001b[39m=\u001b[32m\"2\"\u001b[39m\n                        \u001b[33mviewBox\u001b[39m=\u001b[32m\"0 0 24 24\"\u001b[39m\n                        \u001b[33mwidth\u001b[39m=\u001b[32m\"24\"\u001b[39m\n                        \u001b[33mxmlns\u001b[39m=\u001b[32m\"http://www.w3.org/2000/svg\"\u001b[39m\n                      \u001b[36m>\u001b[39m\n                        \u001b[36m<path\u001b[39m\n                          \u001b[33md\u001b[39m=\u001b[32m\"M20 6 9 17l-5-5\"\u001b[39m\n                        \u001b[36m/>\u001b[39m\n                      \u001b[36m</svg>\u001b[39m\n                      \u001b[36m<span\u001b[39m\n                        \u001b[33mclass\u001b[39m=\u001b[32m\"text-gray-100\"\u001b[39m\n                      \u001b[36m>\u001b[39m\n                        \u001b[0mFeature A\u001b[0m\n                      \u001b[36m</span>\u001b[39m\n                    \u001b[36m</li>\u001b[39m\n                  \u001b[36m</ul>\u001b[39m\n                \u001b[36m</div>\u001b[39m\n              \u001b[36m</div>\u001b[39m\n            \u001b[36m</div>\u001b[39m\n          \u001b[36m</div>\u001b[39m\n        \u001b[36m</div>\u001b[39m\n      \u001b[36m</div>\u001b[39m\n    \u001b[36m</div>\u001b[39m\n  \u001b[36m</body>\u001b[39m\n\u001b[36m</html>\u001b[39m\n    at toHaveBeenCalledWith (D:\\ai-agent-platform\\frontend\\tests\\pages\\Subscriptions.test.tsx:242:68)\n    at callback (D:\\ai-agent-platform\\frontend\\node_modules\\@testing-library\\react\\node_modules\\@testing-library\\dom\\dist\\config.js:47:12)\n    at checkCallback (D:\\ai-agent-platform\\frontend\\node_modules\\@testing-library\\react\\node_modules\\@testing-library\\dom\\dist\\wait-for.js:124:76)\n    at checkCallback (D:\\ai-agent-platform\\frontend\\node_modules\\@testing-library\\react\\node_modules\\@testing-library\\dom\\dist\\wait-for.js:118:16)\n    at Timeout.task [as _onTimeout] (D:\\ai-agent-platform\\frontend\\node_modules\\jsdom\\lib\\jsdom\\browser\\Window.js:520:19)\n    at listOnTimeout (node:internal/timers:581:17)\n    at processTimers (node:internal/timers:519:7)"],"fullName":"Subscriptions Page Subscribe to free plan updates plan and refetches","invocations":1,"location":null,"numPassingAsserts":0,"retryReasons":[],"status":"failed","title":"Subscribe to free plan updates plan and refetches"},{"ancestorTitles":["Subscriptions Page"],"duration":5027,"failureDetails":[{"matcherResult":{"message":"\u001b[2mexpect(\u001b[22m\u001b[31mjest.fn()\u001b[39m\u001b[2m).\u001b[22mtoHaveBeenCalledWith\u001b[2m(\u001b[22m\u001b[32m...expected\u001b[39m\u001b[2m)\u001b[22m\n\nExpected: \u001b[32m\"sess_abc\"\u001b[39m, \u001b[32m\"plus-plan\"\u001b[39m\n\nNumber of calls: \u001b[31m0\u001b[39m","pass":false}}],"failureMessages":["Error: \u001b[2mexpect(\u001b[22m\u001b[31mjest.fn()\u001b[39m\u001b[2m).\u001b[22mtoHaveBeenCalledWith\u001b[2m(\u001b[22m\u001b[32m...expected\u001b[39m\u001b[2m)\u001b[22m\n\nExpected: \u001b[32m\"sess_abc\"\u001b[39m, \u001b[32m\"plus-plan\"\u001b[39m\n\nNumber of calls: \u001b[31m0\u001b[39m\n\nIgnored nodes: comments, script, style\n\u001b[36m<html\u001b[39m\n  \u001b[33mclass\u001b[39m=\u001b[32m\"light\"\u001b[39m\n\u001b[36m>\u001b[39m\n  \u001b[36m<head />\u001b[39m\n  \u001b[36m<body>\u001b[39m\n    \u001b[36m<div>\u001b[39m\n      \u001b[36m<div\u001b[39m\n        \u001b[33mclass\u001b[39m=\u001b[32m\"min-h-screen bg-background py-16 px-6 lg:px-12\"\u001b[39m\n      \u001b[36m>\u001b[39m\n        \u001b[36m<div\u001b[39m\n          \u001b[33mclass\u001b[39m=\u001b[32m\"max-w-7xl mx-auto\"\u001b[39m\n        \u001b[36m>\u001b[39m\n          \u001b[36m<div\u001b[39m\n            \u001b[33mclass\u001b[39m=\u001b[32m\"text-center mb-20\"\u001b[39m\n          \u001b[36m>\u001b[39m\n            \u001b[36m<h1\u001b[39m\n              \u001b[33mclass\u001b[39m=\u001b[32m\"text-4xl font-extrabold bg-gradient-to-r from-foreground to-muted-foreground bg-clip-text text-transparent mb-6\"\u001b[39m\n            \u001b[36m>\u001b[39m\n              \u001b[0mSubscription Management\u001b[0m\n            \u001b[36m</h1>\u001b[39m\n            \u001b[36m<p\u001b[39m\n              \u001b[33mclass\u001b[39m=\u001b[32m\"text-1xl text-muted-foreground max-w-3xl mx-auto leading-relaxed\"\u001b[39m\n            \u001b[36m>\u001b[39m\n              \u001b[0mChoose the perfect plan for your needs. Upgrade, downgrade, or manage your subscription with ease.\u001b[0m\n            \u001b[36m</p>\u001b[39m\n          \u001b[36m</div>\u001b[39m\n          \u001b[36m<div\u001b[39m\n            \u001b[33mclass\u001b[39m=\u001b[32m\"bg-card text-card-foreground mb-20 shadow-2xl border-0 rounded-2xl overflow-hidden\"\u001b[39m\n          \u001b[36m>\u001b[39m\n            \u001b[36m<div\u001b[39m\n              \u001b[33mclass\u001b[39m=\u001b[32m\"flex flex-col space-y-1.5 text-primary-foreground p-8 relative overflow-hidden bg-primary\"\u001b[39m\n            \u001b[36m>\u001b[39m\n              \u001b[36m<h3\u001b[39m\n                \u001b[33mclass\u001b[39m=\u001b[32m\"tracking-tight flex items-center text-primary-foreground text-3xl font-bold relative z-10\"\u001b[39m\n              \u001b[36m>\u001b[39m\n                \u001b[36m<svg\u001b[39m\n                  \u001b[33mclass\u001b[39m=\u001b[32m\"lucide lucide-star h-6 w-6 text-gray-400\"\u001b[39m\n                  \u001b[33mfill\u001b[39m=\u001b[32m\"none\"\u001b[39m\n                  \u001b[33mheight\u001b[39m=\u001b[32m\"24\"\u001b[39m\n                  \u001b[33mstroke\u001b[39m=\u001b[32m\"currentColor\"\u001b[39m\n                  \u001b[33mstroke-linecap\u001b[39m=\u001b[32m\"round\"\u001b[39m\n                  \u001b[33mstroke-linejoin\u001b[39m=\u001b[32m\"round\"\u001b[39m\n                  \u001b[33mstroke-width\u001b[39m=\u001b[32m\"2\"\u001b[39m\n                  \u001b[33mviewBox\u001b[39m=\u001b[32m\"0 0 24 24\"\u001b[39m\n                  \u001b[33mwidth\u001b[39m=\u001b[32m\"24\"\u001b[39m\n                  \u001b[33mxmlns\u001b[39m=\u001b[32m\"http://www.w3.org/2000/svg\"\u001b[39m\n                \u001b[36m>\u001b[39m\n                  \u001b[36m<path\u001b[39m\n                    \u001b[33md\u001b[39m=\u001b[32m\"M11.525 2.295a.53.53 0 0 1 .95 0l2.31 4.679a2.123 2.123 0 0 0 1.595 1.16l5.166.756a.53.53 0 0 1 .294.904l-3.736 3.638a2.123 2.123 0 0 0-.611 1.878l.882 5.14a.53.53 0 0 1-.771.56l-4.618-2.428a2.122 2.122 0 0 0-1.973 0L6.396 21.01a.53.53 0 0 1-.77-.56l.881-5.139a2.122 2.122 0 0 0-.611-1.879L2.16 9.795a.53.53 0 0 1 .294-.906l5.165-.755a2.122 2.122 0 0 0 1.597-1.16z\"\u001b[39m\n                  \u001b[36m/>\u001b[39m\n                \u001b[36m</svg>\u001b[39m\n                \u001b[36m<span\u001b[39m\n                  \u001b[33mclass\u001b[39m=\u001b[32m\"ml-4\"\u001b[39m\n                \u001b[36m>\u001b[39m\n                  \u001b[0mCurrent Subscription:\u001b[0m\n                  \u001b[0m \u001b[0m\n                  \u001b[0mFree Plan\u001b[0m\n                \u001b[36m</span>\u001b[39m\n              \u001b[36m</h3>\u001b[39m\n              \u001b[36m<p\u001b[39m\n                \u001b[33mclass\u001b[39m=\u001b[32m\"text-primary-foreground/80 text-lg mt-2 relative z-10\"\u001b[39m\n              \u001b[36m>\u001b[39m\n                \u001b[0mManage your current subscription and billing preferences.\u001b[0m\n              \u001b[36m</p>\u001b[39m\n            \u001b[36m</div>\u001b[39m\n            \u001b[36m<div\u001b[39m\n              \u001b[33mclass\u001b[39m=\u001b[32m\"p-8 bg-card\"\u001b[39m\n            \u001b[36m>\u001b[39m\n              \u001b[36m<div\u001b[39m\n                \u001b[33mclass\u001b[39m=\u001b[32m\"text-center py-12\"\u001b[39m\n              \u001b[36m>\u001b[39m\n                \u001b[36m<svg\u001b[39m\n                  \u001b[33mclass\u001b[39m=\u001b[32m\"lucide lucide-star h-14 w-14 text-muted-foreground mx-auto mb-6\"\u001b[39m\n                  \u001b[33mfill\u001b[39m=\u001b[32m\"none\"\u001b[39m\n                  \u001b[33mheight\u001b[39m=\u001b[32m\"24\"\u001b[39m\n                  \u001b[33mstroke\u001b[39m=\u001b[32m\"currentColor\"\u001b[39m\n                  \u001b[33mstroke-linecap\u001b[39m=\u001b[32m\"round\"\u001b[39m\n                  \u001b[33mstroke-linejoin\u001b[39m=\u001b[32m\"round\"\u001b[39m\n                  \u001b[33mstroke-width\u001b[39m=\u001b[32m\"2\"\u001b[39m\n                  \u001b[33mviewBox\u001b[39m=\u001b[32m\"0 0 24 24\"\u001b[39m\n                  \u001b[33mwidth\u001b[39m=\u001b[32m\"24\"\u001b[39m\n                  \u001b[33mxmlns\u001b[39m=\u001b[32m\"http://www.w3.org/2000/svg\"\u001b[39m\n                \u001b[36m>\u001b[39m\n                  \u001b[36m<path\u001b[39m\n                    \u001b[33md\u001b[39m=\u001b[32m\"M11.525 2.295a.53.53 0 0 1 .95 0l2.31 4.679a2.123 2.123 0 0 0 1.595 1.16l5.166.756a.53.53 0 0 1 .294.904l-3.736 3.638a2.123 2.123 0 0 0-.611 1.878l.882 5.14a.53.53 0 0 1-.771.56l-4.618-2.428a2.122 2.122 0 0 0-1.973 0L6.396 21.01a.53.53 0 0 1-.77-.56l.881-5.139a2.122 2.122 0 0 0-.611-1.879L2.16 9.795a.53.53 0 0 1 .294-.906l5.165-.755a2.122 2.122 0 0 0 1.597-1.16z\"\u001b[39m\n                  \u001b[36m/>\u001b[39m\n                \u001b[36m</svg>\u001b[39m\n                \u001b[36m<h3\u001b[39m\n                  \u001b[33mclass\u001b[39m=\u001b[32m\"text-2xl font-semibold text-foreground mb-3\"\u001b[39m\n                \u001b[36m>\u001b[39m\n                  \u001b[0mNo Active Subscription\u001b[0m\n                \u001b[36m</h3>\u001b[39m\n                \u001b[36m<p\u001b[39m\n                  \u001b[33mclass\u001b[39m=\u001b[32m\"text-muted-foreground text-lg\"\u001b[39m\n                \u001b[36m>\u001b[39m\n                  \u001b[0mYou're currently on the free plan. Upgrade to unlock premium features.\u001b[0m\n                \u001b[36m</p>\u001b[39m\n              \u001b[36m</div>\u001b[39m\n            \u001b[36m</div>\u001b[39m\n          \u001b[36m</div>\u001b[39m\n          \u001b[36m<div\u001b[39m\n            \u001b[33mclass\u001b[39m=\u001b[32m\"mb-20\"\u001b[39m\n          \u001b[36m>\u001b[39m\n            \u001b[36m<div\u001b[39m\n              \u001b[33mclass\u001b[39m=\u001b[32m\"text-center mb-16\"\u001b[39m\n            \u001b[36m>\u001b[39m\n              \u001b[36m<h2\u001b[39m\n                \u001b[33mclass\u001b[39m=\u001b[32m\"text-5xl font-extrabold bg-gradient-to-r from-foreground to-muted-foreground bg-clip-text text-transparent mb-6\"\u001b[39m\n              \u001b[36m>\u001b[39m\n                \u001b[0mAvailable Plans\u001b[0m\n              \u001b[36m</h2>\u001b[39m\n              \u001b[36m<p\u001b[39m\n                \u001b[33mclass\u001b[39m=\u001b[32m\"text-xl text-muted-foreground max-w-3xl mx-auto leading-relaxed\"\u001b[39m\n              \u001b[36m>\u001b[39m\n                \u001b[0mFlexible pricing designed to grow with you. All subscriptions include secure billing and can be changed anytime.\u001b[0m\n              \u001b[36m</p>\u001b[39m\n            \u001b[36m</div>\u001b[39m\n            \u001b[36m<div\u001b[39m\n              \u001b[33mclass\u001b[39m=\u001b[32m\"grid grid-cols-1 sm:grid-cols-2 lg:grid-cols-3 gap-10 max-w-7xl mx-auto px-4\"\u001b[39m\n            \u001b[36m/>\u001b[39m\n          \u001b[36m</div>\u001b[39m\n        \u001b[36m</div>\u001b[39m\n      \u001b[36m</div>\u001b[39m\n    \u001b[36m</div>\u001b[39m\n  \u001b[36m</body>\u001b[39m\n\u001b[36m</html>\u001b[39m\n    at toHaveBeenCalledWith (D:\\ai-agent-platform\\frontend\\tests\\pages\\Subscriptions.test.tsx:264:68)\n    at callback (D:\\ai-agent-platform\\frontend\\node_modules\\@testing-library\\react\\node_modules\\@testing-library\\dom\\dist\\config.js:47:12)\n    at checkCallback (D:\\ai-agent-platform\\frontend\\node_modules\\@testing-library\\react\\node_modules\\@testing-library\\dom\\dist\\wait-for.js:124:76)\n    at checkCallback (D:\\ai-agent-platform\\frontend\\node_modules\\@testing-library\\react\\node_modules\\@testing-library\\dom\\dist\\wait-for.js:118:16)\n    at Timeout.task [as _onTimeout] (D:\\ai-agent-platform\\frontend\\node_modules\\jsdom\\lib\\jsdom\\browser\\Window.js:520:19)\n    at listOnTimeout (node:internal/timers:581:17)\n    at processTimers (node:internal/timers:519:7)"],"fullName":"Subscriptions Page Checkout success via URL processes success and refetches","invocations":1,"location":null,"numPassingAsserts":0,"retryReasons":[],"status":"failed","title":"Checkout success via URL processes success and refetches"},{"ancestorTitles":["Subscriptions Page"],"duration":5057,"failureDetails":[{"matcherResult":{"message":"\u001b[2mexpect(\u001b[22m\u001b[31mjest.fn()\u001b[39m\u001b[2m).\u001b[22mtoHaveBeenCalledTimes\u001b[2m(\u001b[22m\u001b[32mexpected\u001b[39m\u001b[2m)\u001b[22m\n\nExpected number of calls: \u001b[32m1\u001b[39m\nReceived number of calls: \u001b[31m0\u001b[39m","pass":false}}],"failureMessages":["Error: \u001b[2mexpect(\u001b[22m\u001b[31mjest.fn()\u001b[39m\u001b[2m).\u001b[22mtoHaveBeenCalledTimes\u001b[2m(\u001b[22m\u001b[32mexpected\u001b[39m\u001b[2m)\u001b[22m\n\nExpected number of calls: \u001b[32m1\u001b[39m\nReceived number of calls: \u001b[31m0\u001b[39m\n\nIgnored nodes: comments, script, style\n\u001b[36m<html\u001b[39m\n  \u001b[33mclass\u001b[39m=\u001b[32m\"light\"\u001b[39m\n\u001b[36m>\u001b[39m\n  \u001b[36m<head />\u001b[39m\n  \u001b[36m<body>\u001b[39m\n    \u001b[36m<div>\u001b[39m\n      \u001b[36m<div\u001b[39m\n        \u001b[33mclass\u001b[39m=\u001b[32m\"min-h-screen bg-background py-16 px-6 lg:px-12\"\u001b[39m\n      \u001b[36m>\u001b[39m\n        \u001b[36m<div\u001b[39m\n          \u001b[33mclass\u001b[39m=\u001b[32m\"max-w-7xl mx-auto\"\u001b[39m\n        \u001b[36m>\u001b[39m\n          \u001b[36m<div\u001b[39m\n            \u001b[33mclass\u001b[39m=\u001b[32m\"text-center mb-20\"\u001b[39m\n          \u001b[36m>\u001b[39m\n            \u001b[36m<h1\u001b[39m\n              \u001b[33mclass\u001b[39m=\u001b[32m\"text-4xl font-extrabold bg-gradient-to-r from-foreground to-muted-foreground bg-clip-text text-transparent mb-6\"\u001b[39m\n            \u001b[36m>\u001b[39m\n              \u001b[0mSubscription Management\u001b[0m\n            \u001b[36m</h1>\u001b[39m\n            \u001b[36m<p\u001b[39m\n              \u001b[33mclass\u001b[39m=\u001b[32m\"text-1xl text-muted-foreground max-w-3xl mx-auto leading-relaxed\"\u001b[39m\n            \u001b[36m>\u001b[39m\n              \u001b[0mChoose the perfect plan for your needs. Upgrade, downgrade, or manage your subscription with ease.\u001b[0m\n            \u001b[36m</p>\u001b[39m\n          \u001b[36m</div>\u001b[39m\n          \u001b[36m<div\u001b[39m\n            \u001b[33mclass\u001b[39m=\u001b[32m\"bg-card text-card-foreground mb-20 shadow-2xl border-0 rounded-2xl overflow-hidden\"\u001b[39m\n          \u001b[36m>\u001b[39m\n            \u001b[36m<div\u001b[39m\n              \u001b[33mclass\u001b[39m=\u001b[32m\"flex flex-col space-y-1.5 text-primary-foreground p-8 relative overflow-hidden bg-primary\"\u001b[39m\n            \u001b[36m>\u001b[39m\n              \u001b[36m<h3\u001b[39m\n                \u001b[33mclass\u001b[39m=\u001b[32m\"tracking-tight flex items-center text-primary-foreground text-3xl font-bold relative z-10\"\u001b[39m\n              \u001b[36m>\u001b[39m\n                \u001b[36m<svg\u001b[39m\n                  \u001b[33mclass\u001b[39m=\u001b[32m\"lucide lucide-star h-6 w-6 text-gray-400\"\u001b[39m\n                  \u001b[33mfill\u001b[39m=\u001b[32m\"none\"\u001b[39m\n                  \u001b[33mheight\u001b[39m=\u001b[32m\"24\"\u001b[39m\n                  \u001b[33mstroke\u001b[39m=\u001b[32m\"currentColor\"\u001b[39m\n                  \u001b[33mstroke-linecap\u001b[39m=\u001b[32m\"round\"\u001b[39m\n                  \u001b[33mstroke-linejoin\u001b[39m=\u001b[32m\"round\"\u001b[39m\n                  \u001b[33mstroke-width\u001b[39m=\u001b[32m\"2\"\u001b[39m\n                  \u001b[33mviewBox\u001b[39m=\u001b[32m\"0 0 24 24\"\u001b[39m\n                  \u001b[33mwidth\u001b[39m=\u001b[32m\"24\"\u001b[39m\n                  \u001b[33mxmlns\u001b[39m=\u001b[32m\"http://www.w3.org/2000/svg\"\u001b[39m\n                \u001b[36m>\u001b[39m\n                  \u001b[36m<path\u001b[39m\n                    \u001b[33md\u001b[39m=\u001b[32m\"M11.525 2.295a.53.53 0 0 1 .95 0l2.31 4.679a2.123 2.123 0 0 0 1.595 1.16l5.166.756a.53.53 0 0 1 .294.904l-3.736 3.638a2.123 2.123 0 0 0-.611 1.878l.882 5.14a.53.53 0 0 1-.771.56l-4.618-2.428a2.122 2.122 0 0 0-1.973 0L6.396 21.01a.53.53 0 0 1-.77-.56l.881-5.139a2.122 2.122 0 0 0-.611-1.879L2.16 9.795a.53.53 0 0 1 .294-.906l5.165-.755a2.122 2.122 0 0 0 1.597-1.16z\"\u001b[39m\n                  \u001b[36m/>\u001b[39m\n                \u001b[36m</svg>\u001b[39m\n                \u001b[36m<span\u001b[39m\n                  \u001b[33mclass\u001b[39m=\u001b[32m\"ml-4\"\u001b[39m\n                \u001b[36m>\u001b[39m\n                  \u001b[0mCurrent Subscription:\u001b[0m\n                  \u001b[0m \u001b[0m\n                  \u001b[0mFree Plan\u001b[0m\n                \u001b[36m</span>\u001b[39m\n              \u001b[36m</h3>\u001b[39m\n              \u001b[36m<p\u001b[39m\n                \u001b[33mclass\u001b[39m=\u001b[32m\"text-primary-foreground/80 text-lg mt-2 relative z-10\"\u001b[39m\n              \u001b[36m>\u001b[39m\n                \u001b[0mManage your current subscription and billing preferences.\u001b[0m\n              \u001b[36m</p>\u001b[39m\n            \u001b[36m</div>\u001b[39m\n            \u001b[36m<div\u001b[39m\n              \u001b[33mclass\u001b[39m=\u001b[32m\"p-8 bg-card\"\u001b[39m\n            \u001b[36m>\u001b[39m\n              \u001b[36m<div\u001b[39m\n                \u001b[33mclass\u001b[39m=\u001b[32m\"text-center py-12\"\u001b[39m\n              \u001b[36m>\u001b[39m\n                \u001b[36m<svg\u001b[39m\n                  \u001b[33mclass\u001b[39m=\u001b[32m\"lucide lucide-star h-14 w-14 text-muted-foreground mx-auto mb-6\"\u001b[39m\n                  \u001b[33mfill\u001b[39m=\u001b[32m\"none\"\u001b[39m\n                  \u001b[33mheight\u001b[39m=\u001b[32m\"24\"\u001b[39m\n                  \u001b[33mstroke\u001b[39m=\u001b[32m\"currentColor\"\u001b[39m\n                  \u001b[33mstroke-linecap\u001b[39m=\u001b[32m\"round\"\u001b[39m\n                  \u001b[33mstroke-linejoin\u001b[39m=\u001b[32m\"round\"\u001b[39m\n                  \u001b[33mstroke-width\u001b[39m=\u001b[32m\"2\"\u001b[39m\n                  \u001b[33mviewBox\u001b[39m=\u001b[32m\"0 0 24 24\"\u001b[39m\n                  \u001b[33mwidth\u001b[39m=\u001b[32m\"24\"\u001b[39m\n                  \u001b[33mxmlns\u001b[39m=\u001b[32m\"http://www.w3.org/2000/svg\"\u001b[39m\n                \u001b[36m>\u001b[39m\n                  \u001b[36m<path\u001b[39m\n                    \u001b[33md\u001b[39m=\u001b[32m\"M11.525 2.295a.53.53 0 0 1 .95 0l2.31 4.679a2.123 2.123 0 0 0 1.595 1.16l5.166.756a.53.53 0 0 1 .294.904l-3.736 3.638a2.123 2.123 0 0 0-.611 1.878l.882 5.14a.53.53 0 0 1-.771.56l-4.618-2.428a2.122 2.122 0 0 0-1.973 0L6.396 21.01a.53.53 0 0 1-.77-.56l.881-5.139a2.122 2.122 0 0 0-.611-1.879L2.16 9.795a.53.53 0 0 1 .294-.906l5.165-.755a2.122 2.122 0 0 0 1.597-1.16z\"\u001b[39m\n                  \u001b[36m/>\u001b[39m\n                \u001b[36m</svg>\u001b[39m\n                \u001b[36m<h3\u001b[39m\n                  \u001b[33mclass\u001b[39m=\u001b[32m\"text-2xl font-semibold text-foreground mb-3\"\u001b[39m\n                \u001b[36m>\u001b[39m\n                  \u001b[0mNo Active Subscription\u001b[0m\n                \u001b[36m</h3>\u001b[39m\n                \u001b[36m<p\u001b[39m\n                  \u001b[33mclass\u001b[39m=\u001b[32m\"text-muted-foreground text-lg\"\u001b[39m\n                \u001b[36m>\u001b[39m\n                  \u001b[0mYou're currently on the free plan. Upgrade to unlock premium features.\u001b[0m\n                \u001b[36m</p>\u001b[39m\n              \u001b[36m</div>\u001b[39m\n            \u001b[36m</div>\u001b[39m\n          \u001b[36m</div>\u001b[39m\n          \u001b[36m<div\u001b[39m\n            \u001b[33mclass\u001b[39m=\u001b[32m\"mb-20\"\u001b[39m\n          \u001b[36m>\u001b[39m\n            \u001b[36m<div\u001b[39m\n              \u001b[33mclass\u001b[39m=\u001b[32m\"text-center mb-16\"\u001b[39m\n            \u001b[36m>\u001b[39m\n              \u001b[36m<h2\u001b[39m\n                \u001b[33mclass\u001b[39m=\u001b[32m\"text-5xl font-extrabold bg-gradient-to-r from-foreground to-muted-foreground bg-clip-text text-transparent mb-6\"\u001b[39m\n              \u001b[36m>\u001b[39m\n                \u001b[0mAvailable Plans\u001b[0m\n              \u001b[36m</h2>\u001b[39m\n              \u001b[36m<p\u001b[39m\n                \u001b[33mclass\u001b[39m=\u001b[32m\"text-xl text-muted-foreground max-w-3xl mx-auto leading-relaxed\"\u001b[39m\n              \u001b[36m>\u001b[39m\n                \u001b[0mFlexible pricing designed to grow with you. All subscriptions include secure billing and can be changed anytime.\u001b[0m\n              \u001b[36m</p>\u001b[39m\n            \u001b[36m</div>\u001b[39m\n            \u001b[36m<div\u001b[39m\n              \u001b[33mclass\u001b[39m=\u001b[32m\"grid grid-cols-1 sm:grid-cols-2 lg:grid-cols-3 gap-10 max-w-7xl mx-auto px-4\"\u001b[39m\n            \u001b[36m>\u001b[39m\n              \u001b[36m<div\u001b[39m\n                \u001b[33mclass\u001b[39m=\u001b[32m\"bg-card relative flex flex-col justify-between transition-all duration-300 rounded-2xl p-8 bg-gradient-to-b from-indigo-600 to-purple-700 text-white shadow-xl border border-indigo-300\"\u001b[39m\n              \u001b[36m>\u001b[39m\n                \u001b[36
[...]
7":3,"38":1,"39":1,"40":1,"41":1,"42":1,"43":1,"44":1,"45":8,"46":1,"47":3,"48":0,"49":3,"50":1,"51":1,"52":1,"53":1,"54":1,"55":8,"56":8,"57":8,"58":8,"59":8,"60":8,"61":0,"62":8,"63":0,"64":0,"65":8,"66":2,"67":0,"68":2,"69":2,"70":8,"71":8,"72":8,"73":1,"74":7,"75":5,"76":2,"77":1,"78":1,"79":0,"80":0,"81":0,"82":0,"83":0,"84":1,"85":1,"86":0,"87":0,"88":1},"f":{"0":8,"1":3,"2":0,"3":1,"4":8,"5":3,"6":1,"7":1,"8":2,"9":8,"10":4,"11":1,"12":1,"13":3,"14":1,"15":8,"16":0,"17":0,"18":2,"19":8,"20":0,"21":0,"22":0,"23":0},"b":{"0":[0],"1":[8],"2":[8],"3":[0],"4":[2,1],"5":[3,1],"6":[0,0],"7":[1,2],"8":[3,2],"9":[8,8],"10":[3,1],"11":[0,3],"12":[1],"13":[8],"14":[7],"15":[8],"16":[8],"17":[8,1],"18":[8,1,1],"19":[8,6],"20":[8,8],"21":[0,2],"22":[1,7],"23":[8,8],"24":[5,2],"25":[7,6,4],"26":[2,1,1,0],"27":[1,1],"28":[2,0],"29":[2,0],"30":[0],"31":[0,0],"32":[0,0],"33":[0,0],"34":[0],"35":[0],"36":[0,0]},"_coverageSchema":"1a1c01bbd47fc00a2c39e90264f33305004495a9","hash":"5ca1a5e04ae255e73d75154adb429e437c15bbf5"},"D:\\ai-agent-platform\\frontend\\src\\components\\LazyComponents.tsx":{"path":"D:\\ai-agent-platform\\frontend\\src\\components\\LazyComponents.tsx","statementMap":{"0":{"start":{"line":10,"column":24},"end":{"line":17,"column":1}},"1":{"start":{"line":11,"column":2},"end":{"line":16,"column":9}},"2":{"start":{"line":20,"column":24},"end":{"line":29,"column":1}},"3":{"start":{"line":24,"column":2},"end":{"line":28,"column":4}},"4":{"start":{"line":25,"column":4},"end":{"line":27,"column":15}},"5":{"start":{"line":32,"column":40},"end":{"line":32,"column":95}},"6":{"start":{"line":32,"column":51},"end":{"line":32,"column":94}},"7":{"start":{"line":33,"column":41},"end":{"line":33,"column":97}},"8":{"start":{"line":33,"column":52},"end":{"line":33,"column":96}},"9":{"start":{"line":34,"column":35},"end":{"line":34,"column":80}},"10":{"start":{"line":34,"column":46},"end":{"line":34,"column":79}},"11":{"start":{"line":35,"column":33},"end":{"line":35,"column":76}},"12":{"start":{"line":35,"column":44},"end":{"line":35,"column":75}},"13":{"start":{"line":36,"column":28},"end":{"line":36,"column":66}},"14":{"start":{"line":36,"column":39},"end":{"line":36,"column":65}},"15":{"start":{"line":39,"column":47},"end":{"line":42,"column":1}},"16":{"start":{"line":44,"column":48},"end":{"line":47,"column":1}},"17":{"start":{"line":49,"column":42},"end":{"line":52,"column":1}},"18":{"start":{"line":54,"column":40},"end":{"line":57,"column":1}},"19":{"start":{"line":59,"column":35},"end":{"line":62,"column":1}}},"fnMap":{"0":{"name":"(anonymous_0)","decl":{"start":{"line":10,"column":24},"end":{"line":10,"column":25}},"loc":{"start":{"line":11,"column":2},"end":{"line":16,"column":9}},"line":11},"1":{"name":"(anonymous_1)","decl":{"start":{"line":20,"column":24},"end":{"line":20,"column":25}},"loc":{"start":{"line":23,"column":5},"end":{"line":29,"column":1}},"line":23},"2":{"name":"(anonymous_2)","decl":{"start":{"line":24,"column":9},"end":{"line":24,"column":10}},"loc":{"start":{"line":25,"column":4},"end":{"line":27,"column":15}},"line":25},"3":{"name":"(anonymous_3)","decl":{"start":{"line":32,"column":45},"end":{"line":32,"column":46}},"loc":{"start":{"line":32,"column":51},"end":{"line":32,"column":94}},"line":32},"4":{"name":"(anonymous_4)","decl":{"start":{"line":33,"column":46},"end":{"line":33,"column":47}},"loc":{"start":{"line":33,"column":52},"end":{"line":33,"column":96}},"line":33},"5":{"name":"(anonymous_5)","decl":{"start":{"line":34,"column":40},"end":{"line":34,"column":41}},"loc":{"start":{"line":34,"column":46},"end":{"line":34,"column":79}},"line":34},"6":{"name":"(anonymous_6)","decl":{"start":{"line":35,"column":38},"end":{"line":35,"column":39}},"loc":{"start":{"line":35,"column":44},"end":{"line":35,"column":75}},"line":35},"7":{"name":"(anonymous_7)","decl":{"start":{"line":36,"column":33},"end":{"line":36,"column":34}},"loc":{"start":{"line":36,"column":39},"end":{"line":36,"column":65}},"line":36}},"branchMap":{"0":{"loc":{"start":{"line":10,"column":27},"end":{"line":10,"column":49}},"type":"default-arg","locations":[{"start":{"line":10,"column":37},"end":{"line":10,"column":49}}],"line":10}},"s":{"0":1,"1":1,"2":1,"3":6,"4":1,"5":1,"6":0,"7":1,"8":0,"9":1,"10":0,"11":1,"12":0,"13":1,"14":0,"15":1,"16":1,"17":1,"18":1,"19":1},"f":{"0":1,"1":6,"2":1,"3":0,"4":0,"5":0,"6":0,"7":0},"b":{"0":[0]},"_coverageSchema":"1a1c01bbd47fc00a2c39e90264f33305004495a9","hash":"234bed6f372749e5398d243dd9f13cc15cf0906a"},"D:\\ai-agent-platform\\frontend\\src\\api\\authApi.js":{"path":"D:\\ai-agent-platform\\frontend\\src\\api\\authApi.js","statementMap":{},"fnMap":{},"branchMap":{},"s":{},"f":{},"b":{}},"D:\\ai-agent-platform\\frontend\\src\\context\\AuthContext.tsx":{"path":"D:\\ai-agent-platform\\frontend\\src\\context\\AuthContext.tsx","statementMap":{},"fnMap":{},"branchMap":{},"s":{},"f":{},"b":{}},"D:\\ai-agent-platform\\frontend\\src\\components\\Button.tsx":{"path":"D:\\ai-agent-platform\\frontend\\src\\components\\Button.tsx","statementMap":{},"fnMap":{},"branchMap":{},"s":{},"f":{},"b":{}},"D:\\ai-agent-platform\\frontend\\src\\stores\\authStore.ts":{"path":"D:\\ai-agent-platform\\frontend\\src\\stores\\authStore.ts","statementMap":{"0":{"start":{"line":20,"column":51},"end":{"line":20,"column":53}},"1":{"start":{"line":23,"column":4},"end":{"line":23,"column":34}},"2":{"start":{"line":24,"column":4},"end":{"line":29,"column":6}},"3":{"start":{"line":25,"column":20},"end":{"line":25,"column":52}},"4":{"start":{"line":26,"column":6},"end":{"line":28,"column":7}},"5":{"start":{"line":27,"column":8},"end":{"line":27,"column":40}},"6":{"start":{"line":33,"column":4},"end":{"line":33,"column":56}},"7":{"start":{"line":33,"column":39},"end":{"line":33,"column":54}},"8":{"start":{"line":37,"column":40},"end":{"line":37,"column":70}},"9":{"start":{"line":54,"column":28},"end":{"line":184,"column":3}},"10":{"start":{"line":54,"column":61},"end":{"line":184,"column":1}},"11":{"start":{"line":59,"column":21},"end":{"line":59,"column":34}},"12":{"start":{"line":61,"column":27},"end":{"line":61,"column":40}},"13":{"start":{"line":63,"column":4},"end":{"line":68,"column":5}},"14":{"start":{"line":67,"column":6},"end":{"line":67,"column":23}},"15":{"start":{"line":70,"column":27},"end":{"line":70,"column":43}},"16":{"start":{"line":73,"column":24},"end":{"line":73,"column":29}},"17":{"start":{"line":74,"column":4},"end":{"line":74,"column":21}},"18":{"start":{"line":80,"column":4},"end":{"line":80,"column":32}},"19":{"start":{"line":82,"column":4},"end":{"line":82,"column":39}},"20":{"start":{"line":88,"column":33},"end":{"line":88,"column":102}},"21":{"start":{"line":89,"column":38},"end":{"line":89,"column":97}},"22":{"start":{"line":91,"column":31},"end":{"line":91,"column":36}},"23":{"start":{"line":93,"column":4},"end":{"line":101,"column":5}},"24":{"start":{"line":94,"column":6},"end":{"line":94,"column":88}},"25":{"start":{"line":96,"column":6},"end":{"line":96,"column":55}},"26":{"start":{"line":97,"column":6},"end":{"line":97,"column":65}},"27":{"start":{"line":99,"column":6},"end":{"line":99,"column":47}},"28":{"start":{"line":100,"column":6},"end":{"line":100,"column":34}},"29":{"start":{"line":103,"column":4},"end":{"line":110,"column":5}},"30":{"start":{"line":104,"column":6},"end":{"line":104,"column":88}},"31":{"start":{"line":106,"column":6},"end":{"line":106,"column":55}},"32":{"start":{"line":108,"column":6},"end":{"line":108,"column":52}},"33":{"start":{"line":109,"column":6},"end":{"line":109,"column":34}},"34":{"start":{"line":112,"column":4},"end":{"line":116,"column":5}},"35":{"start":{"line":113,"column":6},"end":{"line":113,"column":73}},"36":{"start":{"line":115,"column":6},"end":{"line":115,"column":67}},"37":{"start":{"line":120,"column":24},"end":{"line":120,"column":29}},"38":{"start":{"line":123,"column":4},"end":{"line":125,"column":5}},"39":{"start":{"line":124,"column":6},"end":{"line":124,"column":13}},"40":{"start":{"line":127,"column":4},"end":{"line":157,"column":5}},"41":{"start":{"line":128,"column":6},"end":{"line":128,"column":72}},"42":{"start":{"line":131,"column":48},"end":{"line":131,"column":96}},"43":{"start":{"line":133,"column":23},"end":{"line":133,"column":78}},"44":{"start":{"line":135,"column":6},"end":{"line":153,"column":7}},"45":{"start":{"line":136,"column":33},"end":{"line":136,"column":41}},"46":{"start":{"line":139,"column":26},"end":{"line":149,"column":9}},"47":{"start":{"line":151,"column":8},"end":{"line":151,"column":43}},"48":{"start":{"line":152,"column":8},"end":{"line":152,"column":70}},"49":{"start":{"line":155,"column":6},"end":{"line":155,"column":69}},"50":{"start":{"line":161,"column":4},"end":{"line":161,"column":34}},"51":{"start":{"line":162,"column":4},"end":{"line":162,"column":27}},"52":{"start":{"line":166,"column":4},"end":{"line":182,"column":5}},"53":{"start":{"line":167,"column":36},"end":{"line":167,"column":68}},"54":{"start":{"line":169,"column":6},"end":{"line":177,"column":7}},"55":{"start":{"line":172,"column":8},"end":{"line":172,"column":70}},"56":{"start":{"line":175,"column":8},"end":{"line":175,"column":31}},"57":{"start":{"line":176,"column":8},"end":{"line":176,"column":32}},"58":{"start":{"line":179,"column":6},"end":{"line":179,"column":57}},"59":{"start":{"line":180,"column":6},"end":{"line":180,"column":29}},"60":{"start":{"line":181,"column":6},"end":{"line":181,"column":30}},"61":{"start":{"line":187,"column":0},"end":{"line":207,"column":3}},"62":{"start":{"line":188,"column":104},"end":{"line":188,"column":127}},"63":{"start":{"line":190,"column":2},"end":{"line":206,"column":3}},"64":{"start":{"line":193,"column":4},"end":{"line":193,"column":78}},"65":{"start":{"line":194,"column":4},"end":{"line":194,"column":24}},"66":{"start":{"line":195,"column":4},"end":{"line":195,"column":26}},"67":{"start":{"line":198,"column":4},"end":{"line":198,"column":35}},"68":{"start":{"line":199,"column":9},"end":{"line":206,"column":3}},"69":{"start":{"line":201,"column":4},"end":{"line":201,"column":21}},"70":{"start":{"line":202,"column":9},"end":{"line":206,"column":3}},"71":{"start":{"line":204,"column":4},"end":{"line":204,"column":24}},"72":{"start":{"line":205,"column":4},"end":{"line":205,"column":26}}},"fnMap":{"0":{"name":"(anonymous_0)","decl":{"start":{"line":22,"column":2},"end":{"line":22,"column":3}},"loc":{"start":{"line":22,"column":49},"end":{"line":30,"column":3}},"line":22},"1":{"name":"(anonymous_1)","decl":{"start":{"line":24,"column":11},"end":{"line":24,"column":12}},"loc":{"start":{"line":24,"column":17},"end":{"line":29,"column":5}},"line":24},"2":{"name":"(anonymous_2)","decl":{"start":{"line":32,"column":2},"end":{"line":32,"column":3}},"loc":{"start":{"line":32,"column":38},"end":{"line":34,"column":3}},"line":32},"3":{"name":"(anonymous_3)","decl":{"start":{"line":33,"column":27},"end":{"line":33,"column":28}},"loc":{"start":{"line":33,"column":39},"end":{"line":33,"column":54}},"line":33},"4":{"name":"(anonymous_4)","decl":{"start":{"line":54,"column":46},"end":{"line":54,"column":47}},"loc":{"start":{"line":54,"column":61},"end":{"line":184,"column":1}},"line":54},"5":{"name":"(anonymous_5)","decl":{"start":{"line":59,"column":11},"end":{"line":59,"column":12}},"loc":{"start":{"line":59,"column":21},"end":{"line":59,"column":34}},"line":59},"6":{"name":"(anonymous_6)","decl":{"start":{"line":60,"column":14},"end":{"line":60,"column":15}},"loc":{"start":{"line":60,"column":27},"end":{"line":69,"column":3}},"line":60},"7":{"name":"(anonymous_7)","decl":{"start":{"line":70,"column":14},"end":{"line":70,"column":15}},"loc":{"start":{"line":70,"column":27},"end":{"line":70,"column":43}},"line":70},"8":{"name":"(anonymous_8)","decl":{"start":{"line":72,"column":19},"end":{"line":72,"column":20}},"loc":{"start":{"line":72,"column":25},"end":{"line":75,"column":3}},"line":72},"9":{"name":"(anonymous_9)","decl":{"start":{"line":77,"column":18},"end":{"line":77,"column":19}},"loc":{"start":{"line":77,"column":24},"end":{"line":83,"column":3}},"line":77},"10":{"name":"(anonymous_10)","decl":{"start":{"line":85,"column":26},"end":{"line":85,"column":27}},"loc":{"start":{"line":85,"column":38},"end":{"line":117,"column":3}},"line":85},"11":{"name":"(anonymous_11)","decl":{"start":{"line":119,"column":32},"end":{"line":119,"column":33}},"loc":{"start":{"line":119,"column":44},"end":{"line":158,"column":3}},"line":119},"12":{"name":"(anonymous_12)","decl":{"start":{"line":160,"column":11},"end":{"line":160,"column":12}},"loc":{"start":{"line":160,"column":23},"end":{"line":163,"column":3}},"line":160},"13":{"name":"(anonymous_13)","decl":{"start":{"line":165,"column":18},"end":{"line":165,"column":19}},"loc":{"start":{"line":165,"column":30},"end":{"line":183,"column":3}},"line":165},"14":{"name":"(anonymous_14)","decl":{"start":{"line":187,"column":32},"end":{"line":187,"column":33}},"loc":{"start":{"line":187,"column":58},"end":{"line":207,"column":1}},"line":187}},"branchMap":{"0":{"loc":{"start":{"line":26,"column":6},"end":{"line":28,"column":7}},"type":"if","locations":[{"start":{"line":26,"column":6},"end":{"line":28,"column":7}},{"start":{},"end":{}}],"line":26},"1":{"loc":{"start":{"line":63,"column":4},"end":{"line":68,"column":5}},"type":"if","locations":[{"start":{"line":63,"column":4},"end":{"line":68,"column":5}},{"start":{},"end":{}}],"line":63},"2":{"loc":{"start":{"line":63,"column":8},"end":{"line":66,"column":36}},"type":"binary-expr","locations":[{"start":{"line":63,"column":8},"end":{"line":63,"column":62}},{"start":{"line":64,"column":8},"end":{"line":64,"column":64}},{"start":{"line":65,"column":9},"end":{"line":65,"column":24}},{"start":{"line":65,"column":28},"end":{"line":65,"column":35}},{"start":{"line":66,"column":9},"end":{"line":66,"column":23}},{"start":{"line":66,"column":27},"end":{"line":66,"column":35}}],"line":63},"3":{"loc":{"start":{"line":93,"column":4},"end":{"line":101,"column":5}},"type":"if","locations":[{"start":{"line":93,"column":4},"end":{"line":101,"column":5}},{"start":{},"end":{}}],"line":93},"4":{"loc":{"start":{"line":103,"column":4},"end":{"line":110,"column":5}},"type":"if","locations":[{"start":{"line":103,"column":4},"end":{"line":110,"column":5}},{"start":{},"end":{}}],"line":103},"5":{"loc":{"start":{"line":112,"column":4},"end":{"line":116,"column":5}},"type":"if","locations":[{"start":{"line":112,"column":4},"end":{"line":116,"column":5}},{"start":{"line":114,"column":11},"end":{"line":116,"column":5}}],"line":112},"6":{"loc":{"start":{"line":123,"column":4},"end":{"line":125,"column":5}},"type":"if","locations":[{"start":{"line":123,"column":4},"end":{"line":125,"column":5}},{"start":{},"end":{}}],"line":123},"7":{"loc":{"start":{"line":123,"column":8},"end":{"line":123,"column":47}},"type":"binary-expr","locations":[{"start":{"line":123,"column":8},"end":{"line":123,"column":16}},{"start":{"line":123,"column":20},"end":{"line":123,"column":47}}],"line":123},"8":{"loc":{"start":{"line":135,"column":6},"end":{"line":153,"column":7}},"type":"if","locations":[{"start":{"line":135,"column":6},"end":{"line":153,"column":7}},{"start":{},"end":{}}],"line":135},"9":{"loc":{"start":{"line":140,"column":14},"end":{"line":140,"column":56}},"type":"binary-expr","locations":[{"start":{"line":140,"column":14},"end":{"line":140,"column":33}},{"start":{"line":140,"column":37},"end":{"line":140,"column":56}}],"line":140},"10":{"loc":{"start":{"line":141,"column":24},"end":{"line":145,"column":11}},"type":"binary-expr","locations":[{"start":{"line":141,"column":24},"end":{"line":141,"column":53}},{"start":{"line":141,"column":57},"end":{"line":145,"column":11}}],"line":141},"11":{"loc":{"start":{"line":142,"column":18},"end":{"line":142,"column":49}},"type":"binary-expr","locations":[{"start":{"line":142,"column":18},"end":{"line":142,"column":39}},{"start":{"line":142,"column":43},"end":{"line":142,"column":49}}],"line":142},"12":{"loc":{"start":{"line":146,"column":18},"end":{"line":146,"column":53}},"type":"binary-expr","locations":[{"start":{"line":146,"column":18},"end":{"line":146,"column":41}},{"start":{"line":146,"column":45},"end":{"line":146,"column":53}}],"line":146},"13":{"loc":{"start":{"line":169,"column":6},"end":{"line":177,"column":7}},"type":"if","locations":[{"start":{"line":169,"column":6},"end":{"line":177,"column":7}},{"start":{"line":173,"column":13},"end":{"line":177,"column":7}}],"line":169},"14":{"loc":{"start":{"line":172,"column":29},"end":{"line":172,"column":50}},"type":"binary-expr","locations":[{"start":{"line":172,"column":29},"end":{"line":172,"column":42}},{"start":{"line":172,"column":46},"end":{"line":172,"column":50}}],"line":172},"15":{"loc":{"start":{"line":190,"column":2},"end":{"line":206,"column":3}},"type":"if","locations":[{"start":{"line":190,"column":2},"end":{"line":206,"column":3}},{"start":{"line":199,"column":9},"end":{"line":206,"column":3}}],"line":190},"16":{"loc":{"start":{"line":190,"column":6},"end":{"line":190,"column":38}},"type":"binary-expr","locations":[{"start":{"line":190,"column":6},"end":{"line":190,"column":27}},{"start":{"line":190,"column":31},"end":{"line":190,"column":38}}],"line":190},"17":{"loc":{"start":{"line":199,"column":9},"end":{"line":206,"column":3}},"type":"if","locations":[{"start":{"line":199,"column":9},"end":{"line":206,"column":3}},{"start":{"line":202,"column":9},"end":{"line":206,"column":3}}],"line":199},"18":{"loc":{"start":{"line":202,"column":9},"end":{"line":206,"column":3}},"type":"if","locations":[{"start":{"line":202,"column":9},"end":{"line":206,"column":3}},{"start":{},"end":{}}],"line":202},"19":{"loc":{"start":{"line":202,"column":13},"end":{"line":202,"column":51}},"type":"binary-expr","locations":[{"start":{"line":202,"column":13},"end":{"line":202,"column":40}},{"start":{"line":202,"column":44},"end":{"line":202,"column":51}}],"line":202}},"s":{"0":0,"1":0,"2":0,"3":0,"4":0,"5":0,"6":0,"7":0,"8":0,"9":0,"10":0,"11":0,"12":0,"13":0,"14":0,"15":0,"16":0,"17":0,"18":0,"19":0,"20":0,"21":0,"22":0,"23":0,"24":0,"25":0,"26":0,"27":0,"28":0,"29":0,"30":0,"31":0,"32":0,"33":0,"34":0,"35":0,"36":0,"37":0,"38":0,"39":0,"40":0,"41":0,"42":0,"43":0,"44":0,"45":0,"46":0,"47":0,"48":0,"49":0,"50":0,"51":0,"52":0,"53":0,"54":0,"55":0,"56":0,"57":0,"58":0,"59":0,"60":0,"61":0,"62":0,"63":0,"64":0,"65":0,"66":0,"67":0,"68":0,"69":0,"70":0,"71":0,"72":0},"f":{"0":0,"1":0,"2":0,"3":0,"4":0,"5":0,"6":0,"7":0,"8":0,"9":0,"10":0,"11":0,"12":0,"13":0,"14":0},"b":{"0":[0,0],"1":[0,0],"2":[0,0,0,0,0,0],"3":[0,0],"4":[0,0],"5":[0,0],"6":[0,0],"7":[0,0],"8":[0,0],"9":[0,0],"10":[0,0],"11":[0,0],"12":[0,0],"13":[0,0],"14":[0,0],"15":[0,0],"16":[0,0],"17":[0,0],"18":[0,0],"19":[0,0]}},"D:\\ai-agent-platform\\frontend\\src\\types\\subscription.ts":{"path":"D:\\ai-agent-platform\\frontend\\src\\types\\subscription.ts","statementMap":{},"fnMap":{},"branchMap":{},"s":{},"f":{},"b":{}},"D:\\ai-agent-platform\\frontend\\src\\components\\ChatMessage.tsx":{"path":"D:\\ai-agent-platform\\frontend\\src\\components\\ChatMessage.tsx","statementMap":{},"fnMap":{},"branchMap":{},"s":{},"f":{},"b":{}},"D:\\ai-agent-platform\\frontend\\src\\components\\Input.tsx":{"path":"D:\\ai-agent-platform\\frontend\\src\\components\\Input.tsx","statementMap":{},"fnMap":{},"branchMap":{},"s":{},"f":{},"b":{}},"D:\\ai-agent-platform\\frontend\\src\\components\\Navbar.tsx":{"path":"D:\\ai-agent-platform\\frontend\\src\\components\\Navbar.tsx","statementMap":{},"fnMap":{},"branchMap":{},"s":{},"f":{},"b":{}},"D:\\ai-agent-platform\\frontend\\src\\components\\ProtectedRoute.tsx":{"path":"D:\\ai-agent-platform\\frontend\\src\\components\\ProtectedRoute.tsx","statementMap":{},"fnMap":{},"branchMap":{},"s":{},"f":{},"b":{}},"D:\\ai-agent-platform\\frontend\\src\\components\\Sidebar.tsx":{"path":"D:\\ai-agent-platform\\frontend\\src\\components\\Sidebar.tsx","statementMap":{},"fnMap":{},"branchMap":{},"s":{},"f":{},"b":{}}}}
