{"numFailedTestSuites":0,"numFailedTests":0,"numPassedTestSuites":24,"numPassedTests":139,"numPendingTestSuites":0,"numPendingTests":0,"numRuntimeErrorTestSuites":0,"numTodoTests":0,"numTotalTestSuites":24,"numTotalTests":139,"openHandles":[],"snapshot":{"added":0,"didUpdate":false,"failure":false,"filesAdded":0,"filesRemoved":0,"filesRemovedList":[],"filesUnmatched":0,"filesUpdated":0,"matched":0,"total":0,"unchecked":0,"uncheckedKeysByFile":[],"unmatched":0,"updated":0},"startTime":1759592387193,"success":true,"testResults":[{"assertionResults":[{"ancestorTitles":["ErrorMonitoringSettings"],"duration":218,"failureDetails":[],"failureMessages":[],"fullName":"ErrorMonitoringSettings renders and toggles monitoring enabled","invocations":1,"location":null,"numPassingAsserts":1,"retryReasons":[],"status":"passed","title":"renders and toggles monitoring enabled"},{"ancestorTitles":["ErrorMonitoringSettings"],"duration":213,"failureDetails":[],"failureMessages":[],"fullName":"ErrorMonitoringSettings changes reporting thresholds","invocations":1,"location":null,"numPassingAsserts":1,"retryReasons":[],"status":"passed","title":"changes reporting thresholds"},{"ancestorTitles":["ErrorMonitoringSettings"],"duration":886,"failureDetails":[],"failureMessages":[],"fullName":"ErrorMonitoringSettings adds and removes filters","invocations":1,"location":null,"numPassingAsserts":6,"retryReasons":[],"status":"passed","title":"adds and removes filters"},{"ancestorTitles":["ErrorMonitoringSettings"],"duration":230,"failureDetails":[],"failureMessages":[],"fullName":"ErrorMonitoringSettings tests notifications","invocations":1,"location":null,"numPassingAsserts":5,"retryReasons":[],"status":"passed","title":"tests notifications"},{"ancestorTitles":["ErrorMonitoringSettings"],"duration":185,"failureDetails":[],"failureMessages":[],"fullName":"ErrorMonitoringSettings resets statistics","invocations":1,"location":null,"numPassingAsserts":5,"retryReasons":[],"status":"passed","title":"resets statistics"}],"endTime":1759592390523,"message":"","name":"D:\\ai-agent-platform\\frontend\\tests\\components\\ErrorMonitoringSettings.test.tsx","startTime":1759592387610,"status":"passed","summary":""},{"assertionResults":[{"ancestorTitles":["Sidebar UI primitives"],"duration":27,"failureDetails":[],"failureMessages":[],"fullName":"Sidebar UI primitives renders expanded by default on desktop and toggles via SidebarTrigger","invocations":1,"location":null,"numPassingAsserts":5,"retryReasons":[],"status":"passed","title":"renders expanded by default on desktop and toggles via SidebarTrigger"},{"ancestorTitles":["Sidebar UI primitives"],"duration":8,"failureDetails":[],"failureMessages":[],"fullName":"Sidebar UI primitives toggles via SidebarRail click","invocations":1,"location":null,"numPassingAsserts":2,"retryReasons":[],"status":"passed","title":"toggles via SidebarRail click"},{"ancestorTitles":["Sidebar UI primitives"],"duration":9,"failureDetails":[],"failureMessages":[],"fullName":"Sidebar UI primitives shows tooltip for menu button when collapsed and not mobile","invocations":1,"location":null,"numPassingAsserts":2,"retryReasons":[],"status":"passed","title":"shows tooltip for menu button when collapsed and not mobile"},{"ancestorTitles":["Sidebar UI primitives"],"duration":84,"failureDetails":[],"failureMessages":[],"fullName":"Sidebar UI primitives renders mobile sheet variant when isMobile is true and toggles without errors","invocations":1,"location":null,"numPassingAsserts":2,"retryReasons":[],"status":"passed","title":"renders mobile sheet variant when isMobile is true and toggles without errors"},{"ancestorTitles":["Sidebar UI primitives"],"duration":10,"failureDetails":[],"failureMessages":[],"fullName":"Sidebar UI primitives applies active state and size variants on SidebarMenuButton","invocations":1,"location":null,"numPassingAsserts":4,"retryReasons":[],"status":"passed","title":"applies active state and size variants on SidebarMenuButton"}],"endTime":1759592390938,"message":"","name":"D:\\ai-agent-platform\\frontend\\tests\\components\\ui\\sidebar.test.tsx","startTime":1759592390552,"status":"passed","summary":""},{"assertionResults":[{"ancestorTitles":["ManageBackgroundImages Component"],"duration":43,"failureDetails":[],"failureMessages":[],"fullName":"ManageBackgroundImages Component renders heading and description after loading","invocations":1,"location":null,"numPassingAsserts":3,"retryReasons":[],"status":"passed","title":"renders heading and description after loading"},{"ancestorTitles":["ManageBackgroundImages Component"],"duration":22,"failureDetails":[],"failureMessages":[],"fullName":"ManageBackgroundImages Component shows error when initial fetch fails","invocations":1,"location":null,"numPassingAsserts":1,"retryReasons":[],"status":"passed","title":"shows error when initial fetch fails"},{"ancestorTitles":["ManageBackgroundImages Component"],"duration":93,"failureDetails":[],"failureMessages":[],"fullName":"ManageBackgroundImages Component creates a background image via URL payload","invocations":1,"location":null,"numPassingAsserts":1,"retryReasons":[],"status":"passed","title":"creates a background image via URL payload"},{"ancestorTitles":["ManageBackgroundImages Component"],"duration":96,"failureDetails":[],"failureMessages":[],"fullName":"ManageBackgroundImages Component edits an existing image and updates it","invocations":1,"location":null,"numPassingAsserts":1,"retryReasons":[],"status":"passed","title":"edits an existing image and updates it"},{"ancestorTitles":["ManageBackgroundImages Component"],"duration":47,"failureDetails":[],"failureMessages":[],"fullName":"ManageBackgroundImages Component toggles image active status (hide/show)","invocations":1,"location":null,"numPassingAsserts":1,"retryReasons":[],"status":"passed","title":"toggles image active status (hide/show)"},{"ancestorTitles":["ManageBackgroundImages Component"],"duration":61,"failureDetails":[],"failureMessages":[],"fullName":"ManageBackgroundImages Component deletes an image when confirmed","invocations":1,"location":null,"numPassingAsserts":2,"retryReasons":[],"status":"passed","title":"deletes an image when confirmed"},{"ancestorTitles":["ManageBackgroundImages Component"],"duration":92,"failureDetails":[],"failureMessages":[],"fullName":"ManageBackgroundImages Component uploads a file and creates background image (Upload & Create)","invocations":1,"location":null,"numPassingAsserts":3,"retryReasons":[],"status":"passed","title":"uploads a file and creates background image (Upload & Create)"},{"ancestorTitles":["ManageBackgroundImages Component"],"duration":90,"failureDetails":[],"failureMessages":[],"fullName":"ManageBackgroundImages Component shows error when upload fails","invocations":1,"location":null,"numPassingAsserts":2,"retryReasons":[],"status":"passed","title":"shows error when upload fails"}],"endTime":1759592391687,"message":"","name":"D:\\ai-agent-platform\\frontend\\tests\\components\\admin\\ManageBackgroundImages.component.test.tsx","startTime":1759592390964,"status":"passed","summary":""},{"assertionResults":[{"ancestorTitles":["AnimatedLoadingPage"],"duration":283,"failureDetails":[],"failureMessages":[],"fullName":"AnimatedLoadingPage renders and calls onLoadingComplete after duration","invocations":1,"location":null,"numPassingAsserts":2,"retryReasons":[],"status":"passed","title":"renders and calls onLoadingComplete after duration"}],"endTime":1759592392134,"message":"","name":"D:\\ai-agent-platform\\frontend\\tests\\components\\AnimatedLoadingPage.test.tsx","startTime":1759592391707,"status":"passed","summary":""},{"assertionResults":[{"ancestorTitles":["StreamingErrorBoundary"],"duration":4,"failureDetails":[],"failureMessages":[],"fullName":"StreamingErrorBoundary renders children when there is no error","invocations":1,"location":null,"numPassingAsserts":1,"retryReasons":[],"status":"passed","title":"renders children when there is no error"},{"ancestorTitles":["StreamingErrorBoundary"],"duration":27,"failureDetails":[],"failureMessages":[],"fullName":"StreamingErrorBoundary catches and displays streaming errors","invocations":1,"location":null,"numPassingAsserts":2,"retryReasons":[],"status":"passed","title":"catches and displays streaming errors"},{"ancestorTitles":["StreamingErrorBoundary"],"duration":5,"failureDetails":[],"failureMessages":[],"fullName":"StreamingErrorBoundary catches and displays network errors","invocations":1,"location":null,"numPassingAsserts":2,"retryReasons":[],"status":"passed","title":"catches and displays network errors"},{"ancestorTitles":["StreamingErrorBoundary"],"duration":6,"failureDetails":[],"failureMessages":[],"fullName":"StreamingErrorBoundary catches and displays generic errors","invocations":1,"location":null,"numPassingAsserts":2,"retryReasons":[],"status":"passed","title":"catches and displays generic errors"},{"ancestorTitles":["StreamingErrorBoundary"],"duration":42,"failureDetails":[],"failureMessages":[],"fullName":"StreamingErrorBoundary handles retry functionality","invocations":1,"location":null,"numPassingAsserts":2,"retryReasons":[],"status":"passed","title":"handles retry functionality"},{"ancestorTitles":["StreamingErrorBoundary"],"duration":5,"failureDetails":[],"failureMessages":[],"fullName":"StreamingErrorBoundary tracks errors with error tracking service","invocations":1,"location":null,"numPassingAsserts":1,"retryReasons":[],"status":"passed","title":"tracks errors with error tracking service"},{"ancestorTitles":["StreamingErrorBoundary"],"duration":5,"failureDetails":[],"failureMessages":[],"fullName":"StreamingErrorBoundary shows notifications for critical errors","invocations":1,"location":null,"numPassingAsserts":1,"retryReasons":[],"status":"passed","title":"shows notifications for critical errors"},{"ancestorTitles":["StreamingErrorBoundary"],"duration":10,"failureDetails":[],"failureMessages":[],"fullName":"StreamingErrorBoundary implements auto-retry for streaming errors","invocations":1,"location":null,"numPassingAsserts":2,"retryReasons":[],"status":"passed","title":"implements auto-retry for streaming errors"},{"ancestorTitles":["StreamingErrorBoundary"],"duration":5,"failureDetails":[],"failureMessages":[],"fullName":"StreamingErrorBoundary handles custom fallback UI","invocations":1,"location":null,"numPassingAsserts":2,"retryReasons":[],"status":"passed","title":"handles custom fallback UI"},{"ancestorTitles":["StreamingErrorBoundary"],"duration":5,"failureDetails":[],"failureMessages":[],"fullName":"StreamingErrorBoundary calls onError callback when provided","invocations":1,"location":null,"numPassingAsserts":1,"retryReasons":[],"status":"passed","title":"calls onError callback when provided"},{"ancestorTitles":["useStreamingError hook"],"duration":147,"failureDetails":[],"failureMessages":[],"fullName":"useStreamingError hook dispatches streaming errors correctly","invocations":1,"location":null,"numPassingAsserts":3,"retryReasons":[],"status":"passed","title":"dispatches streaming errors correctly"},{"ancestorTitles":["withStreamingErrorBoundary HOC"],"duration":2,"failureDetails":[],"failureMessages":[],"fullName":"withStreamingErrorBoundary HOC wraps component with streaming error boundary","invocations":1,"location":null,"numPassingAsserts":1,"retryReasons":[],"status":"passed","title":"wraps component with streaming error boundary"},{"ancestorTitles":["withStreamingErrorBoundary HOC"],"duration":1,"failureDetails":[],"failureMessages":[],"fullName":"withStreamingErrorBoundary HOC passes props to wrapped component","invocations":1,"location":null,"numPassingAsserts":1,"retryReasons":[],"status":"passed","title":"passes props to wrapped component"},{"ancestorTitles":["StreamingErrorBoundary event listeners"],"duration":3,"failureDetails":[],"failureMessages":[],"fullName":"StreamingErrorBoundary event listeners sets up streaming error event listeners","invocations":1,"location":null,"numPassingAsserts":3,"retryReasons":[],"status":"passed","title":"sets up streaming error event listeners"},{"ancestorTitles":["StreamingErrorBoundary event listeners"],"duration":2,"failureDetails":[],"failureMessages":[],"fullName":"StreamingErrorBoundary event listeners cleans up event listeners on unmount","invocations":1,"location":null,"numPassingAsserts":2,"retryReasons":[],"status":"passed","title":"cleans up event listeners on unmount"}],"endTime":1759592392582,"message":"","name":"D:\\ai-agent-platform\\frontend\\tests\\components\\StreamingErrorBoundary.test.tsx","startTime":1759592392154,"status":"passed","summary":""},{"assertionResults":[{"ancestorTitles":["AsyncErrorBoundary"],"duration":4,"failureDetails":[],"failureMessages":[],"fullName":"AsyncErrorBoundary renders children when there is no error","invocations":1,"location":null,"numPassingAsserts":2,"retryReasons":[],"status":"passed","title":"renders children when there is no error"},{"ancestorTitles":["AsyncErrorBoundary"],"duration":28,"failureDetails":[],"failureMessages":[],"fullName":"AsyncErrorBoundary catches and displays synchronous errors","invocations":1,"location":null,"numPassingAsserts":2,"retryReasons":[],"status":"passed","title":"catches and displays synchronous errors"},{"ancestorTitles":["AsyncErrorBoundary"],"duration":6,"failureDetails":[],"failureMessages":[],"fullName":"AsyncErrorBoundary tracks errors with error tracking service","invocations":1,"location":null,"numPassingAsserts":1,"retryReasons":[],"status":"passed","title":"tracks errors with error tracking service"},{"ancestorTitles":["AsyncErrorBoundary"],"duration":2,"failureDetails":[],"failureMessages":[],"fullName":"AsyncErrorBoundary handles async errors through unhandledrejection event","invocations":1,"location":null,"numPassingAsserts":1,"retryReasons":[],"status":"passed","title":"handles async errors through unhandledrejection event"},{"ancestorTitles":["AsyncErrorBoundary"],"duration":23,"failureDetails":[],"failureMessages":[],"fullName":"AsyncErrorBoundary provides retry functionality","invocations":1,"location":null,"numPassingAsserts":3,"retryReasons":[],"status":"passed","title":"provides retry functionality"},{"ancestorTitles":["AsyncErrorBoundary"],"duration":3,"failureDetails":[],"failureMessages":[],"fullName":"AsyncErrorBoundary displays custom error message when provided","invocations":1,"location":null,"numPassingAsserts":1,"retryReasons":[],"status":"passed","title":"displays custom error message when provided"},{"ancestorTitles":["AsyncErrorBoundary"],"duration":6,"failureDetails":[],"failureMessages":[],"fullName":"AsyncErrorBoundary resets error state when children change","invocations":1,"location":null,"numPassingAsserts":3,"retryReasons":[],"status":"passed","title":"resets error state when children change"},{"ancestorTitles":["AsyncErrorBoundary"],"duration":8,"failureDetails":[],"failureMessages":[],"fullName":"AsyncErrorBoundary handles errors in nested components","invocations":1,"location":null,"numPassingAsserts":1,"retryReasons":[],"status":"passed","title":"handles errors in nested components"},{"ancestorTitles":["AsyncErrorBoundary"],"duration":6,"failureDetails":[],"failureMessages":[],"fullName":"AsyncErrorBoundary provides error details in development mode","invocations":1,"location":null,"numPassingAsserts":1,"retryReasons":[],"status":"passed","title":"provides error details in development mode"},{"ancestorTitles":["AsyncErrorBoundary"],"duration":2,"failureDetails":[],"failureMessages":[],"fullName":"AsyncErrorBoundary cleans up event listeners on unmount","invocations":1,"location":null,"numPassingAsserts":1,"retryReasons":[],"status":"passed","title":"cleans up event listeners on unmount"}],"endTime":1759592392844,"message":"","name":"D:\\ai-agent-platform\\frontend\\tests\\components\\AsyncErrorBoundary.test.tsx","startTime":1759592392603,"status":"passed","summary":""},{"assertionResults":[{"ancestorTitles":["AppSidebar","Basic Rendering"],"duration":28,"failureDetails":[],"failureMessages":[],"fullName":"AppSidebar Basic Rendering renders the sidebar with basic components","invocations":1,"location":null,"numPassingAsserts":3,"retryReasons":[],"status":"passed","title":"renders the sidebar with basic components"},{"ancestorTitles":["AppSidebar","Basic Rendering"],"duration":8,"failureDetails":[],"failureMessages":[],"fullName":"AppSidebar Basic Rendering renders components for authenticated non-admin users","invocations":1,"location":null,"numPassingAsserts":3,"retryReasons":[],"status":"passed","title":"renders components for authenticated non-admin users"},{"ancestorTitles":["AppSidebar","Basic Rendering"],"duration":5,"failureDetails":[],"failureMessages":[],"fullName":"AppSidebar Basic Rendering renders recent chats panel for non-admin users when expanded","invocations":1,"location":null,"numPassingAsserts":1,"retryReasons":[],"status":"passed","title":"renders recent chats panel for non-admin users when expanded"},{"ancestorTitles":["AppSidebar","Admin User Interface"],"duration":6,"failureDetails":[],"failureMessages":[],"fullName":"AppSidebar Admin User Interface renders admin master panel for admin users","invocations":1,"location":null,"numPassingAsserts":2,"retryReasons":[],"status":"passed","title":"renders admin master panel for admin users"},{"ancestorTitles":["AppSidebar","Admin User Interface"],"duration":5,"failureDetails":[],"failureMessages":[],"fullName":"AppSidebar Admin User Interface does not render new chat button for admin users","invocations":1,"location":null,"numPassingAsserts":1,"retryReasons":[],"status":"passed","title":"does not render new chat button for admin users"},{"ancestorTitles":["AppSidebar","Admin User Interface"],"duration":5,"failureDetails":[],"failureMessages":[],"fullName":"AppSidebar Admin User Interface does not render dashboard button for admin users","invocations":1,"location":null,"numPassingAsserts":1,"retryReasons":[],"status":"passed","title":"does not render dashboard button for admin users"},{"ancestorTitles":["AppSidebar","Admin User Interface"],"duration":5,"failureDetails":[],"failureMessages":[],"fullName":"AppSidebar Admin User Interface does not render recent chats panel for admin users","invocations":1,"location":null,"numPassingAsserts":1,"retryReasons":[],"status":"passed","title":"does not render recent chats panel for admin users"},{"ancestorTitles":["AppSidebar","Collapsed State"],"duration":8,"failureDetails":[],"failureMessages":[],"fullName":"AppSidebar Collapsed State passes collapsed state to child components","invocations":1,"location":null,"numPassingAsserts":3,"retryReasons":[],"status":"passed","title":"passes collapsed state to child components"},{"ancestorTitles":["AppSidebar","Collapsed State"],"duration":6,"failureDetails":[],"failureMessages":[],"fullName":"AppSidebar Collapsed State hides recent chats panel when collapsed","invocations":1,"location":null,"numPassingAsserts":1,"retryReasons":[],"status":"passed","title":"hides recent chats panel when collapsed"},{"ancestorTitles":["AppSidebar","Search Functionality"],"duration":13,"failureDetails":[],"failureMessages":[],"fullName":"AppSidebar Search Functionality opens search modal when search button is clicked","invocations":1,"location":null,"numPassingAsserts":1,"retryReasons":[],"status":"passed","title":"opens search modal when search button is clicked"},{"ancestorTitles":["AppSidebar","Settings Modal"],"duration":6,"failureDetails":[],"failureMessages":[],"fullName":"AppSidebar Settings Modal opens settings modal when settings is clicked","invocations":1,"location":null,"numPassingAsserts":1,"retryReasons":[],"status":"passed","title":"opens settings modal when settings is clicked"},{"ancestorTitles":["AppSidebar","Settings Modal"],"duration":6,"failureDetails":[],"failureMessages":[],"fullName":"AppSidebar Settings Modal renders settings modal when settings hash is active","invocations":1,"location":null,"numPassingAsserts":1,"retryReasons":[],"status":"passed","title":"renders settings modal when settings hash is active"},{"ancestorTitles":["AppSidebar","Help Modal"],"duration":5,"failureDetails":[],"failureMessages":[],"fullName":"AppSidebar Help Modal renders help modal when help hash is active","invocations":1,"location":null,"numPassingAsserts":1,"retryReasons":[],"status":"passed","title":"renders help modal when help hash is active"},{"ancestorTitles":["AppSidebar","Help Modal"],"duration":8,"failureDetails":[],"failureMessages":[],"fullName":"AppSidebar Help Modal closes help modal when close button is clicked","invocations":1,"location":null,"numPassingAsserts":1,"retryReasons":[],"status":"passed","title":"closes help modal when close button is clicked"},{"ancestorTitles":["AppSidebar","Help Modal"],"duration":6,"failureDetails":[],"failureMessages":[],"fullName":"AppSidebar Help Modal closes help modal when escape key is pressed","invocations":1,"location":null,"numPassingAsserts":1,"retryReasons":[],"status":"passed","title":"closes help modal when escape key is pressed"},{"ancestorTitles":["AppSidebar","Subscription Modal"],"duration":5,"failureDetails":[],"failureMessages":[],"fullName":"AppSidebar Subscription Modal renders subscription page when subscription hash is active","invocations":1,"location":null,"numPassingAsserts":1,"retryReasons":[],"status":"passed","title":"renders subscription page when subscription hash is active"},{"ancestorTitles":["AppSidebar","Authentication States"],"duration":6,"failureDetails":[],"failureMessages":[],"fullName":"AppSidebar Authentication States does not render user-specific components when not authenticated","invocations":1,"location":null,"numPassingAsserts":3,"retryReasons":[],"status":"passed","title":"does not render user-specific components when not authenticated"},{"ancestorTitles":["AppSidebar","Authentication States"],"duration":5,"failureDetails":[],"failureMessages":[],"fullName":"AppSidebar Authentication States renders only logo when not authenticated","invocations":1,"location":null,"numPassingAsserts":1,"retryReasons":[],"status":"passed","title":"renders only logo when not authenticated"},{"ancestorTitles":["AppSidebar","Subscription Management"],"duration":9,"failureDetails":[],"failureMessages":[],"fullName":"AppSidebar Subscription Management loads cached subscription on mount","invocations":1,"location":null,"numPassingAsserts":1,"retryReasons":[],"status":"passed","title":"loads cached subscription on mount"},{"ancestorTitles":["AppSidebar","Subscription Management"],"duration":8,"failureDetails":[],"failureMessages":[],"fullName":"AppSidebar Subscription Management updates subscription when live data changes","invocations":1,"location":null,"numPassingAsserts":1,"retryReasons":[],"status":"passed","title":"updates subscription when live data changes"},{"ancestorTitles":["AppSidebar","Error Handling"],"duration":10,"failureDetails":[],"failureMessages":[],"fullName":"AppSidebar Error Handling handles logout errors gracefully","invocations":1,"location":null,"numPassingAsserts":1,"retryReasons":[],"status":"passed","title":"handles logout errors gracefully"},{"ancestorTitles":["AppSidebar","Performance Optimizations"],"duration":2,"failureDetails":[],"failureMessages":[],"fullName":"AppSidebar Performance Optimizations memoizes the component to prevent unnecessary re-renders","invocations":1,"location":null,"numPassingAsserts":1,"retryReasons":[],"status":"passed","title":"memoizes the component to prevent unnecessary re-renders"}],"endTime":1759592393199,"message":"","name":"D:\\ai-agent-platform\\frontend\\tests\\components\\layout\\AppSidebar.test.tsx","startTime":1759592392868,"status":"passed","summary":""},{"assertionResults":[{"ancestorTitles":["GlobalErrorHandler"],"duration":4,"failureDetails":[],"failureMessages":[],"fullName":"GlobalErrorHandler renders children without errors","invocations":1,"location":null,"numPassingAsserts":1,"retryReasons":[],"status":"passed","title":"renders children without errors"},{"ancestorTitles":["GlobalErrorHandler"],"duration":2,"failureDetails":[],"failureMessages":[],"fullName":"GlobalErrorHandler sets up global error event listeners on mount","invocations":1,"location":null,"numPassingAsserts":2,"retryReasons":[],"status":"passed","title":"sets up global error event listeners on mount"},{"ancestorTitles":["GlobalErrorHandler"],"duration":2,"failureDetails":[],"failureMessages":[],"fullName":"GlobalErrorHandler removes event listeners on unmount","invocations":1,"location":null,"numPassingAsserts":2,"retryReasons":[],"status":"passed","title":"removes event listeners on unmount"},{"ancestorTitles":["GlobalErrorHandler"],"duration":26,"failureDetails":[],"failureMessages":[],"fullName":"GlobalErrorHandler handles global JavaScript errors","invocations":1,"location":null,"numPassingAsserts":2,"retryReasons":[],"status":"passed","title":"handles global JavaScript errors"},{"ancestorTitles":["GlobalErrorHandler"],"duration":30,"failureDetails":[],"failureMessages":[],"fullName":"GlobalErrorHandler handles unhandled promise rejections","invocations":1,"location":null,"numPassingAsserts":2,"retryReasons":[],"status":"passed","title":"handles unhandled promise rejections"},{"ancestorTitles":["GlobalErrorHandler"],"duration":16,"failureDetails":[],"failureMessages":[],"fullName":"GlobalErrorHandler shows notifications for critical errors","invocations":1,"location":null,"numPassingAsserts":1,"retryReasons":[],"status":"passed","title":"shows notifications for critical errors"},{"ancestorTitles":["GlobalErrorHandler"],"duration":2,"failureDetails":[],"failureMessages":[],"fullName":"GlobalErrorHandler overrides console.error in development mode","invocations":1,"location":null,"numPassingAsserts":1,"retryReasons":[],"status":"passed","title":"overrides console.error in development mode"},{"ancestorTitles":["GlobalErrorHandler"],"duration":1,"failureDetails":[],"failureMessages":[],"fullName":"GlobalErrorHandler does not override console.error in production mode","invocations":1,"location":null,"numPassingAsserts":1,"retryReasons":[],"status":"passed","title":"does not override console.error in production mode"},{"ancestorTitles":["GlobalErrorHandler"],"duration":9,"failureDetails":[],"failureMessages":[],"fullName":"GlobalErrorHandler handles errors without error objects gracefully","invocations":1,"location":null,"numPassingAsserts":1,"retryReasons":[],"status":"passed","title":"handles errors without error objects gracefully"},{"ancestorTitles":["GlobalErrorHandler"],"duration":15,"failureDetails":[],"failureMessages":[],"fullName":"GlobalErrorHandler handles promise rejections with non-error reasons","invocations":1,"location":null,"numPassingAsserts":2,"retryReasons":[],"status":"passed","title":"handles promise rejections with non-error reasons"},{"ancestorTitles":["GlobalErrorHandler"],"duration":1,"failureDetails":[],"failureMessages":[],"fullName":"GlobalErrorHandler exports trackPerformanceMetrics function","invocations":1,"location":null,"numPassingAsserts":1,"retryReasons":[],"status":"passed","title":"exports trackPerformanceMetrics function"},{"ancestorTitles":["GlobalErrorHandler"],"duration":2,"failureDetails":[],"failureMessages":[],"fullName":"GlobalErrorHandler trackPerformanceMetrics can be called without errors","invocations":1,"location":null,"numPassingAsserts":1,"retryReasons":[],"status":"passed","title":"trackPerformanceMetrics can be called without errors"},{"ancestorTitles":["useGlobalErrorHandler hook"],"duration":3,"failureDetails":[],"failureMessages":[],"fullName":"useGlobalErrorHandler hook provides error reporting functions","invocations":1,"location":null,"numPassingAsserts":5,"retryReasons":[],"status":"passed","title":"provides error reporting functions"},{"ancestorTitles":["useGlobalErrorHandler hook"],"duration":23,"failureDetails":[],"failureMessages":[],"fullName":"useGlobalErrorHandler hook reports errors through the hook","invocations":1,"location":null,"numPassingAsserts":2,"retryReasons":[],"status":"passed","title":"reports errors through the hook"},{"ancestorTitles":["useGlobalErrorHandler hook"],"duration":2,"failureDetails":[],"failureMessages":[],"fullName":"useGlobalErrorHandler hook can be used outside GlobalErrorHandler without throwing","invocations":1,"location":null,"numPassingAsserts":1,"retryReasons":[],"status":"passed","title":"can be used outside GlobalErrorHandler without throwing"},{"ancestorTitles":["GlobalErrorHandler error classification"],"duration":14,"failureDetails":[],"failureMessages":[],"fullName":"GlobalErrorHandler error classification correctly identifies critical errors","invocations":1,"location":null,"numPassingAsserts":1,"retryReasons":[],"status":"passed","title":"correctly identifies critical errors"},{"ancestorTitles":["GlobalErrorHandler error classification"],"duration":6,"failureDetails":[],"failureMessages":[],"fullName":"GlobalErrorHandler error classification correctly identifies error severity levels","invocations":1,"location":null,"numPassingAsserts":1,"retryReasons":[],"status":"passed","title":"correctly identifies error severity levels"}],"endTime":1759592393538,"message":"","name":"D:\\ai-agent-platform\\frontend\\tests\\components\\GlobalErrorHandler.test.tsx","startTime":1759592393230,"status":"passed","summary":""},{"assertionResults":[{"ancestorTitles":["Error monitoring pages"],"duration":62,"failureDetails":[],"failureMessages":[],"fullName":"Error monitoring pages renders ErrorDashboard","invocations":1,"location":null,"numPassingAsserts":1,"retryReasons":[],"status":"passed","title":"renders ErrorDashboard"},{"ancestorTitles":["Error monitoring pages"],"duration":39,"failureDetails":[],"failureMessages":[],"fullName":"Error monitoring pages submits ErrorFeedbackForm","invocations":1,"location":null,"numPassingAsserts":1,"retryReasons":[],"status":"passed","title":"submits ErrorFeedbackForm"}],"endTime":1759592393823,"message":"","name":"D:\\ai-agent-platform\\frontend\\tests\\components\\ErrorMonitoringPages.test.tsx","startTime":1759592393565,"status":"passed","summary":""},{"assertionResults":[{"ancestorTitles":["NewChatButton"],"duration":56,"failureDetails":[],"failureMessages":[],"fullName":"NewChatButton renders new chat button","invocations":1,"location":null,"numPassingAsserts":2,"retryReasons":[],"status":"passed","title":"renders new chat button"},{"ancestorTitles":["NewChatButton"],"duration":6,"failureDetails":[],"failureMessages":[],"fullName":"NewChatButton renders collapsed button without text","invocations":1,"location":null,"numPassingAsserts":2,"retryReasons":[],"status":"passed","title":"renders collapsed button without text"},{"ancestorTitles":["NewChatButton"],"duration":7,"failureDetails":[],"failureMessages":[],"fullName":"NewChatButton navigates to chat when clicked","invocations":1,"location":null,"numPassingAsserts":1,"retryReasons":[],"status":"passed","title":"navigates to chat when clicked"},{"ancestorTitles":["NewChatButton"],"duration":7,"failureDetails":[],"failureMessages":[],"fullName":"NewChatButton can be focused for keyboard navigation","invocations":1,"location":null,"numPassingAsserts":1,"retryReasons":[],"status":"passed","title":"can be focused for keyboard navigation"},{"ancestorTitles":["NewChatButton"],"duration":6,"failureDetails":[],"failureMessages":[],"fullName":"NewChatButton applies correct styling classes","invocations":1,"location":null,"numPassingAsserts":3,"retryReasons":[],"status":"passed","title":"applies correct styling classes"},{"ancestorTitles":["NewChatButton"],"duration":15,"failureDetails":[],"failureMessages":[],"fullName":"NewChatButton shows plus icon in both collapsed and expanded states","invocations":1,"location":null,"numPassingAsserts":2,"retryReasons":[],"status":"passed","title":"shows plus icon in both collapsed and expanded states"}],"endTime":1759592394122,"message":"","name":"D:\\ai-agent-platform\\frontend\\tests\\components\\sidebar\\NewChatButton.test.tsx","startTime":1759592393842,"status":"passed","summary":""},{"assertionResults":[{"ancestorTitles":["AdminMasterPanel"],"duration":26,"failureDetails":[],"failureMessages":[],"fullName":"AdminMasterPanel renders admin menu items","invocations":1,"location":null,"numPassingAsserts":3,"retryReasons":[],"status":"passed","title":"renders admin menu items"},{"ancestorTitles":["AdminMasterPanel"],"duration":10,"failureDetails":[],"failureMessages":[],"fullName":"AdminMasterPanel navigates when clicking a menu item","invocations":1,"location":null,"numPassingAsserts":1,"retryReasons":[],"status":"passed","title":"navigates when clicking a menu item"}],"endTime":1759592394372,"message":"","name":"D:\\ai-agent-platform\\frontend\\tests\\components\\sidebar\\AdminMasterPanel.test.tsx","startTime":1759592394162,"status":"passed","summary":""},{"assertionResults":[{"ancestorTitles":["EnhancedStreamingChat"],"duration":51,"failureDetails":[],"failureMessages":[],"fullName":"EnhancedStreamingChat renders without crashing","invocations":1,"location":null,"numPassingAsserts":1,"retryReasons":[],"status":"passed","title":"renders without crashing"},{"ancestorTitles":["EnhancedStreamingChat"],"duration":18,"failureDetails":[],"failureMessages":[],"fullName":"EnhancedStreamingChat displays the chat interface","invocations":1,"location":null,"numPassingAsserts":2,"retryReasons":[],"status":"passed","title":"displays the chat interface"}],"endTime":1759592394615,"message":"","name":"D:\\ai-agent-platform\\frontend\\tests\\components\\EnhancedStreamingChat.test.tsx","startTime":1759592394392,"status":"passed","summary":""},{"assertionResults":[{"ancestorTitles":["OAuthButton"],"duration":21,"failureDetails":[],"failureMessages":[],"fullName":"OAuthButton renders OAuth button with correct provider","invocations":1,"location":null,"numPassingAsserts":2,"retryReasons":[],"status":"passed","title":"renders OAuth button with correct provider"},{"ancestorTitles":["OAuthButton"],"duration":16,"failureDetails":[],"failureMessages":[],"fullName":"OAuthButton handles OAuth sign in successfully","invocations":1,"location":null,"numPassingAsserts":1,"retryReasons":[],"status":"passed","title":"handles OAuth sign in successfully"},{"ancestorTitles":["OAuthButton"],"duration":14,"failureDetails":[],"failureMessages":[],"fullName":"OAuthButton handles OAuth sign in error","invocations":1,"location":null,"numPassingAsserts":2,"retryReasons":[],"status":"passed","title":"handles OAuth sign in error"},{"ancestorTitles":["OAuthButton"],"duration":6,"failureDetails":[],"failureMessages":[],"fullName":"OAuthButton disables button during local loading state","invocations":1,"location":null,"numPassingAsserts":2,"retryReasons":[],"status":"passed","title":"disables button during local loading state"},{"ancestorTitles":["OAuthButton"],"duration":40,"failureDetails":[],"failureMessages":[],"fullName":"OAuthButton handles network error gracefully","invocations":1,"location":null,"numPassingAsserts":2,"retryReasons":[],"status":"passed","title":"handles network error gracefully"},{"ancestorTitles":["OAuthButton"],"duration":4,"failureDetails":[],"failureMessages":[],"fullName":"OAuthButton applies custom className when provided","invocations":1,"location":null,"numPassingAsserts":1,"retryReasons":[],"status":"passed","title":"applies custom className when provided"}],"endTime":1759592394884,"message":"","name":"D:\\ai-agent-platform\\frontend\\tests\\components\\auth\\OAuthButton.test.tsx","startTime":1759592394636,"status":"passed","summary":""},{"assertionResults":[{"ancestorTitles":["MainLayout"],"duration":16,"failureDetails":[],"failureMessages":[],"fullName":"MainLayout renders main layout with sidebar and content","invocations":1,"location":null,"numPassingAsserts":2,"retryReasons":[],"status":"passed","title":"renders main layout with sidebar and content"},{"ancestorTitles":["MainLayout"],"duration":3,"failureDetails":[],"failureMessages":[],"fullName":"MainLayout renders children content correctly","invocations":1,"location":null,"numPassingAsserts":1,"retryReasons":[],"status":"passed","title":"renders children content correctly"},{"ancestorTitles":["MainLayout"],"duration":3,"failureDetails":[],"failureMessages":[],"fullName":"MainLayout adapts layout for mobile devices","invocations":1,"location":null,"numPassingAsserts":2,"retryReasons":[],"status":"passed","title":"adapts layout for mobile devices"},{"ancestorTitles":["MainLayout"],"duration":2,"failureDetails":[],"failureMessages":[],"fullName":"MainLayout handles unauthenticated users","invocations":1,"location":null,"numPassingAsserts":1,"retryReasons":[],"status":"passed","title":"handles unauthenticated users"},{"ancestorTitles":["MainLayout"],"duration":2,"failureDetails":[],"failureMessages":[],"fullName":"MainLayout shows loading state when auth is loading","invocations":1,"location":null,"numPassingAsserts":1,"retryReasons":[],"status":"passed","title":"shows loading state when auth is loading"},{"ancestorTitles":["MainLayout"],"duration":2,"failureDetails":[],"failureMessages":[],"fullName":"MainLayout applies correct CSS classes for layout structure","invocations":1,"location":null,"numPassingAsserts":1,"retryReasons":[],"status":"passed","title":"applies correct CSS classes for layout structure"},{"ancestorTitles":["MainLayout"],"duration":1,"failureDetails":[],"failureMessages":[],"fullName":"MainLayout handles sidebar toggle on mobile","invocations":1,"location":null,"numPassingAsserts":0,"retryReasons":[],"status":"passed","title":"handles sidebar toggle on mobile"},{"ancestorTitles":["MainLayout"],"duration":2,"failureDetails":[],"failureMessages":[],"fullName":"MainLayout maintains responsive design principles","invocations":1,"location":null,"numPassingAsserts":1,"retryReasons":[],"status":"passed","title":"maintains responsive design principles"},{"ancestorTitles":["MainLayout"],"duration":2,"failureDetails":[],"failureMessages":[],"fullName":"MainLayout handles multiple children correctly","invocations":1,"location":null,"numPassingAsserts":3,"retryReasons":[],"status":"passed","title":"handles multiple children correctly"},{"ancestorTitles":["MainLayout"],"duration":11,"failureDetails":[],"failureMessages":[],"fullName":"MainLayout provides proper accessibility structure","invocations":1,"location":null,"numPassingAsserts":2,"retryReasons":[],"status":"passed","title":"provides proper accessibility structure"}],"endTime":1759592395126,"message":"","name":"D:\\ai-agent-platform\\frontend\\tests\\components\\layout\\MainLayout.test.tsx","startTime":1759592394907,"status":"passed","summary":""},{"assertionResults":[{"ancestorTitles":["StreamingChat component"],"duration":7,"failureDetails":[],"failureMessages":[],"fullName":"StreamingChat component renders header and model badge, shows messages and streaming indicator","invocations":1,"location":null,"numPassingAsserts":6,"retryReasons":[],"status":"passed","title":"renders header and model badge, shows messages and streaming indicator"},{"ancestorTitles":["StreamingChat component"],"duration":11,"failureDetails":[],"failureMessages":[],"fullName":"StreamingChat component sends a message on submit and disables input while streaming","invocations":1,"location":null,"numPassingAsserts":3,"retryReasons":[],"status":"passed","title":"sends a message on submit and disables input while streaming"}],"endTime":1759592395310,"message":"","name":"D:\\ai-agent-platform\\frontend\\tests\\components\\StreamingChat.test.tsx","startTime":1759592395149,"status":"passed","summary":""},{"assertionResults":[{"ancestorTitles":["OptimizedImage"],"duration":6,"failureDetails":[],"failureMessages":[],"fullName":"OptimizedImage shows placeholder before loading when lazy","invocations":1,"location":null,"numPassingAsserts":1,"retryReasons":[],"status":"passed","title":"shows placeholder before loading when lazy"},{"ancestorTitles":["OptimizedImage"],"duration":52,"failureDetails":[],"failureMessages":[],"fullName":"OptimizedImage loads and renders image when priority","invocations":1,"location":null,"numPassingAsserts":1,"retryReasons":[],"status":"passed","title":"loads and renders image when priority"},{"ancestorTitles":["OptimizedImage"],"duration":31,"failureDetails":[],"failureMessages":[],"fullName":"OptimizedImage renders error fallback on error","invocations":1,"location":null,"numPassingAsserts":1,"retryReasons":[],"status":"passed","title":"renders error fallback on error"}],"endTime":1759592395561,"message":"","name":"D:\\ai-agent-platform\\frontend\\tests\\components\\OptimizedImage.test.tsx","startTime":1759592395331,"status":"passed","summary":""},{"assertionResults":[{"ancestorTitles":["ProtectedLayout"],"duration":13,"failureDetails":[],"failureMessages":[],"fullName":"ProtectedLayout shows loading page when auth store is loading","invocations":1,"location":null,"numPassingAsserts":1,"retryReasons":[],"status":"passed","title":"shows loading page when auth store is loading"},{"ancestorTitles":["ProtectedLayout"],"duration":3,"failureDetails":[],"failureMessages":[],"fullName":"ProtectedLayout redirects to /login when not authenticated","invocations":1,"location":null,"numPassingAsserts":1,"retryReasons":[],"status":"passed","title":"redirects to /login when not authenticated"},{"ancestorTitles":["ProtectedLayout"],"duration":3,"failureDetails":[],"failureMessages":[],"fullName":"ProtectedLayout renders children when authenticated","invocations":1,"location":null,"numPassingAsserts":3,"retryReasons":[],"status":"passed","title":"renders children when authenticated"}],"endTime":1759592395751,"message":"","name":"D:\\ai-agent-platform\\frontend\\tests\\components\\layout\\ProtectedLayout.test.tsx","startTime":1759592395582,"status":"passed","summary":""},{"assertionResults":[{"ancestorTitles":["SettingsModal"],"duration":4,"failureDetails":[],"failureMessages":[],"fullName":"SettingsModal does not render when open is false","invocations":1,"location":null,"numPassingAsserts":1,"retryReasons":[],"status":"passed","title":"does not render when open is false"},{"ancestorTitles":["SettingsModal"],"duration":12,"failureDetails":[],"failureMessages":[],"fullName":"SettingsModal renders when open is true and shows sidebar tabs","invocations":1,"location":null,"numPassingAsserts":3,"retryReasons":[],"status":"passed","title":"renders when open is true and shows sidebar tabs"},{"ancestorTitles":["SettingsModal"],"duration":5,"failureDetails":[],"failureMessages":[],"fullName":"SettingsModal closes on ESC key press","invocations":1,"location":null,"numPassingAsserts":1,"retryReasons":[],"status":"passed","title":"closes on ESC key press"},{"ancestorTitles":["SettingsModal"],"duration":5,"failureDetails":[],"failureMessages":[],"fullName":"SettingsModal closes on outside click","invocations":1,"location":null,"numPassingAsserts":1,"retryReasons":[],"status":"passed","title":"closes on outside click"},{"ancestorTitles":["SettingsModal"],"duration":20,"failureDetails":[],"failureMessages":[],"fullName":"SettingsModal switches to Appearance tab and toggles theme","invocations":1,"location":null,"numPassingAsserts":6,"retryReasons":[],"status":"passed","title":"switches to Appearance tab and toggles theme"}],"endTime":1759592395960,"message":"","name":"D:\\ai-agent-platform\\frontend\\tests\\components\\SettingsModal.test.tsx","startTime":1759592395769,"status":"passed","summary":""},{"assertionResults":[{"ancestorTitles":["ProtectedLayout"],"duration":10,"failureDetails":[],"failureMessages":[],"fullName":"ProtectedLayout renders loading state when auth is loading","invocations":1,"location":null,"numPassingAsserts":1,"retryReasons":[],"status":"passed","title":"renders loading state when auth is loading"},{"ancestorTitles":["ProtectedLayout"],"duration":3,"failureDetails":[],"failureMessages":[],"fullName":"ProtectedLayout redirects to /login when unauthenticated (no session or user)","invocations":1,"location":null,"numPassingAsserts":2,"retryReasons":[],"status":"passed","title":"redirects to /login when unauthenticated (no session or user)"},{"ancestorTitles":["ProtectedLayout"],"duration":3,"failureDetails":[],"failureMessages":[],"fullName":"ProtectedLayout renders children inside layout when authenticated","invocations":1,"location":null,"numPassingAsserts":3,"retryReasons":[],"status":"passed","title":"renders children inside layout when authenticated"}],"endTime":1759592396129,"message":"","name":"D:\\ai-agent-platform\\frontend\\tests\\components\\ProtectedLayout.test.tsx","startTime":1759592395980,"status":"passed","summary":""},{"assertionResults":[{"ancestorTitles":["AdminRoute"],"duration":14,"failureDetails":[],"failureMessages":[],"fullName":"AdminRoute shows loading while auth or role is loading","invocations":1,"location":null,"numPassingAsserts":1,"retryReasons":[],"status":"passed","title":"shows loading while auth or role is loading"},{"ancestorTitles":["AdminRoute"],"duration":4,"failureDetails":[],"failureMessages":[],"fullName":"AdminRoute redirects to /login when not authenticated","invocations":1,"location":null,"numPassingAsserts":1,"retryReasons":[],"status":"passed","title":"redirects to /login when not authenticated"},{"ancestorTitles":["AdminRoute"],"duration":4,"failureDetails":[],"failureMessages":[],"fullName":"AdminRoute redirects to /dashboard when authenticated but not admin","invocations":1,"location":null,"numPassingAsserts":1,"retryReasons":[],"status":"passed","title":"redirects to /dashboard when authenticated but not admin"},{"ancestorTitles":["AdminRoute"],"duration":7,"failureDetails":[],"failureMessages":[],"fullName":"AdminRoute renders children when authenticated and admin","invocations":1,"location":null,"numPassingAsserts":1,"retryReasons":[],"status":"passed","title":"renders children when authenticated and admin"}],"endTime":1759592396319,"message":"","name":"D:\\ai-agent-platform\\frontend\\tests\\components\\AdminRoute.test.tsx","startTime":1759592396149,"status":"passed","summary":""},{"assertionResults":[{"ancestorTitles":["LazyComponents HOC"],"duration":14,"failureDetails":[],"failureMessages":[],"fullName":"LazyComponents HOC renders fallback during suspense","invocations":1,"location":null,"numPassingAsserts":1,"retryReasons":[],"status":"passed","title":"renders fallback during suspense"}],"endTime":1759592396492,"message":"","name":"D:\\ai-agent-platform\\frontend\\tests\\components\\LazyComponents.test.tsx","startTime":1759592396338,"status":"passed","summary":""},{"assertionResults":[{"ancestorTitles":["PerformanceMonitor"],"duration":4,"failureDetails":[],"failureMessages":[],"fullName":"PerformanceMonitor renders a toggle button initially","invocations":1,"location":null,"numPassingAsserts":1,"retryReasons":[],"status":"passed","title":"renders a toggle button initially"},{"ancestorTitles":["PerformanceMonitor"],"duration":10,"failureDetails":[],"failureMessages":[],"fullName":"PerformanceMonitor shows the monitor UI after clicking the toggle button","invocations":1,"location":null,"numPassingAsserts":1,"retryReasons":[],"status":"passed","title":"shows the monitor UI after clicking the toggle button"},{"ancestorTitles":["PerformanceMonitor"],"duration":10,"failureDetails":[],"failureMessages":[],"fullName":"PerformanceMonitor closes the monitor when clicking Close","invocations":1,"location":null,"numPassingAsserts":2,"retryReasons":[],"status":"passed","title":"closes the monitor when clicking Close"}],"endTime":1759592396676,"message":"","name":"D:\\ai-agent-platform\\frontend\\tests\\components\\PerformanceMonitor.test.tsx","startTime":1759592396511,"status":"passed","summary":""},{"assertionResults":[{"ancestorTitles":["OptimizedList"],"duration":5,"failureDetails":[],"failureMessages":[],"fullName":"OptimizedList renders loading skeleton","invocations":1,"location":null,"numPassingAsserts":1,"retryReasons":[],"status":"passed","title":"renders loading skeleton"},{"ancestorTitles":["OptimizedList"],"duration":3,"failureDetails":[],"failureMessages":[],"fullName":"OptimizedList renders empty state with custom message","invocations":1,"location":null,"numPassingAsserts":1,"retryReasons":[],"status":"passed","title":"renders empty state with custom message"},{"ancestorTitles":["OptimizedList"],"duration":5,"failureDetails":[],"failureMessages":[],"fullName":"OptimizedList renders items and handles click","invocations":1,"location":null,"numPassingAsserts":1,"retryReasons":[],"status":"passed","title":"renders items and handles click"}],"endTime":1759592396851,"message":"","name":"D:\\ai-agent-platform\\frontend\\tests\\components\\OptimizedList.test.tsx","startTime":1759592396693,"status":"passed","summary":""},{"assertionResults":[{"ancestorTitles":["AdminLayout"],"duration":11,"failureDetails":[],"failureMessages":[],"fullName":"AdminLayout wraps children with AdminRoute, ErrorBoundary, and MainLayout","invocations":1,"location":null,"numPassingAsserts":4,"retryReasons":[],"status":"passed","title":"wraps children with AdminRoute, ErrorBoundary, and MainLayout"}],"endTime":1759592397021,"message":"","name":"D:\\ai-agent-platform\\frontend\\tests\\components\\layout\\AdminLayout.test.tsx","startTime":1759592396872,"status":"passed","summary":""}],"wasInterrupted":false,"coverageMap":{"D:\\ai-agent-platform\\frontend\\src\\components\\ErrorMonitoringSettings.tsx":{"path":"D:\\ai-agent-platform\\frontend\\src\\components\\ErrorMonitoringSettings.tsx","statementMap":{"0":{"start":{"line":18,"column":79},"end":{"line":383,"column":1}},"1":{"start":{"line":21,"column":30},"end":{"line":46,"column":4}},"2":{"start":{"line":48,"column":28},"end":{"line":52,"column":4}},"3":{"start":{"line":54,"column":36},"end":{"line":54,"column":72}},"4":{"start":{"line":56,"column":2},"end":{"line":60,"column":9}},"5":{"start":{"line":58,"column":25},"end":{"line":58,"column":63}},"6":{"start":{"line":59,"column":4},"end":{"line":59,"column":27}},"7":{"start":{"line":62,"column":29},"end":{"line":67,"column":3}},"8":{"start":{"line":63,"column":22},"end":{"line":63,"column":47}},"9":{"start":{"line":64,"column":4},"end":{"line":64,"column":25}},"10":{"start":{"line":65,"column":4},"end":{"line":65,"column":51}},"11":{"start":{"line":66,"column":4},"end":{"line":66,"column":32}},"12":{"start":{"line":69,"column":32},"end":{"line":76,"column":3}},"13":{"start":{"line":70,"column":4},"end":{"line":75,"column":7}},"14":{"start":{"line":78,"column":35},"end":{"line":85,"column":3}},"15":{"start":{"line":79,"column":4},"end":{"line":84,"column":7}},"16":{"start":{"line":87,"column":20},"end":{"line":103,"column":3}},"17":{"start":{"line":88,"column":4},"end":{"line":88,"column":40}},"18":{"start":{"line":88,"column":33},"end":{"line":88,"column":40}},"19":{"start":{"line":90,"column":22},"end":{"line":90,"column":140}},"20":{"start":{"line":91,"column":27},"end":{"line":91,"column":64}},"21":{"start":{"line":93,"column":4},"end":{"line":100,"column":5}},"22":{"start":{"line":94,"column":6},"end":{"line":99,"column":9}},"23":{"start":{"line":102,"column":4},"end":{"line":102,"column":46}},"24":{"start":{"line":105,"column":23},"end":{"line":113,"column":3}},"25":{"start":{"line":106,"column":27},"end":{"line":106,"column":59}},"26":{"start":{"line":107,"column":4},"end":{"line":112,"column":7}},"27":{"start":{"line":110,"column":43},"end":{"line":110,"column":54}},"28":{"start":{"line":115,"column":28},"end":{"line":127,"column":3}},"29":{"start":{"line":116,"column":4},"end":{"line":126,"column":5}},"30":{"start":{"line":117,"column":6},"end":{"line":123,"column":9}},"31":{"start":{"line":125,"column":6},"end":{"line":125,"column":64}},"32":{"start":{"line":129,"column":21},"end":{"line":132,"column":3}},"33":{"start":{"line":130,"column":4},"end":{"line":130,"column":35}},"34":{"start":{"line":131,"column":4},"end":{"line":131,"column":70}},"35":{"start":{"line":134,"column":2},"end":{"line":382,"column":4}},"36":{"start":{"line":157,"column":44},"end":{"line":157,"column":75}},"37":{"start":{"line":181,"column":16},"end":{"line":198,"column":22}},"38":{"start":{"line":193,"column":39},"end":{"line":193,"column":154}},"39":{"start":{"line":211,"column":37},"end":{"line":211,"column":102}},"40":{"start":{"line":221,"column":37},"end":{"line":221,"column":109}},"41":{"start":{"line":251,"column":48},"end":{"line":251,"column":90}},"42":{"start":{"line":265,"column":48},"end":{"line":265,"column":92}},"43":{"start":{"line":279,"column":48},"end":{"line":279,"column":92}},"44":{"start":{"line":305,"column":35},"end":{"line":305,"column":87}},"45":{"start":{"line":315,"column":35},"end":{"line":315,"column":88}},"46":{"start":{"line":316,"column":37},"end":{"line":316,"column":69}},"47":{"start":{"line":322,"column":16},"end":{"line":331,"column":22}},"48":{"start":{"line":326,"column":22},"end":{"line":328,"column":30}},"49":{"start":{"line":326,"column":103},"end":{"line":326,"column":171}},"50":{"start":{"line":365,"column":22},"end":{"line":368,"column":28}}},"fnMap":{"0":{"name":"(anonymous_0)","decl":{"start":{"line":18,"column":79},"end":{"line":18,"column":80}},"loc":{"start":{"line":20,"column":6},"end":{"line":383,"column":1}},"line":20},"1":{"name":"(anonymous_1)","decl":{"start":{"line":56,"column":12},"end":{"line":56,"column":13}},"loc":{"start":{"line":56,"column":18},"end":{"line":60,"column":3}},"line":56},"2":{"name":"(anonymous_2)","decl":{"start":{"line":62,"column":29},"end":{"line":62,"column":30}},"loc":{"start":{"line":62,"column":74},"end":{"line":67,"column":3}},"line":62},"3":{"name":"(anonymous_3)","decl":{"start":{"line":69,"column":32},"end":{"line":69,"column":33}},"loc":{"start":{"line":69,"column":112},"end":{"line":76,"column":3}},"line":69},"4":{"name":"(anonymous_4)","decl":{"start":{"line":78,"column":35},"end":{"line":78,"column":36}},"loc":{"start":{"line":78,"column":109},"end":{"line":85,"column":3}},"line":78},"5":{"name":"(anonymous_5)","decl":{"start":{"line":87,"column":20},"end":{"line":87,"column":21}},"loc":{"start":{"line":87,"column":26},"end":{"line":103,"column":3}},"line":87},"6":{"name":"(anonymous_6)","decl":{"start":{"line":105,"column":23},"end":{"line":105,"column":24}},"loc":{"start":{"line":105,"column":88},"end":{"line":113,"column":3}},"line":105},"7":{"name":"(anonymous_7)","decl":{"start":{"line":110,"column":38},"end":{"line":110,"column":39}},"loc":{"start":{"line":110,"column":43},"end":{"line":110,"column":54}},"line":110},"8":{"name":"(anonymous_8)","decl":{"start":{"line":115,"column":28},"end":{"line":115,"column":29}},"loc":{"start":{"line":115,"column":40},"end":{"line":127,"column":3}},"line":115},"9":{"name":"(anonymous_9)","decl":{"start":{"line":129,"column":21},"end":{"line":129,"column":22}},"loc":{"start":{"line":129,"column":27},"end":{"line":132,"column":3}},"line":129},"10":{"name":"(anonymous_10)","decl":{"start":{"line":157,"column":31},"end":{"line":157,"column":32}},"loc":{"start":{"line":157,"column":44},"end":{"line":157,"column":75}},"line":157},"11":{"name":"(anonymous_11)","decl":{"start":{"line":180,"column":61},"end":{"line":180,"column":62}},"loc":{"start":{"line":181,"column":16},"end":{"line":198,"column":22}},"line":181},"12":{"name":"(anonymous_12)","decl":{"start":{"line":193,"column":32},"end":{"line":193,"column":33}},"loc":{"start":{"line":193,"column":39},"end":{"line":193,"column":154}},"line":193},"13":{"name":"(anonymous_13)","decl":{"start":{"line":211,"column":30},"end":{"line":211,"column":31}},"loc":{"start":{"line":211,"column":37},"end":{"line":211,"column":102}},"line":211},"14":{"name":"(anonymous_14)","decl":{"start":{"line":221,"column":30},"end":{"line":221,"column":31}},"loc":{"start":{"line":221,"column":37},"end":{"line":221,"column":109}},"line":221},"15":{"name":"(anonymous_15)","decl":{"start":{"line":251,"column":35},"end":{"line":251,"column":36}},"loc":{"start":{"line":251,"column":48},"end":{"line":251,"column":90}},"line":251},"16":{"name":"(anonymous_16)","decl":{"start":{"line":265,"column":35},"end":{"line":265,"column":36}},"loc":{"start":{"line":265,"column":48},"end":{"line":265,"column":92}},"line":265},"17":{"name":"(anonymous_17)","decl":{"start":{"line":279,"column":35},"end":{"line":279,"column":36}},"loc":{"start":{"line":279,"column":48},"end":{"line":279,"column":92}},"line":279},"18":{"name":"(anonymous_18)","decl":{"start":{"line":305,"column":28},"end":{"line":305,"column":29}},"loc":{"start":{"line":305,"column":35},"end":{"line":305,"column":87}},"line":305},"19":{"name":"(anonymous_19)","decl":{"start":{"line":315,"column":28},"end":{"line":315,"column":29}},"loc":{"start":{"line":315,"column":35},"end":{"line":315,"column":88}},"line":315},"20":{"name":"(anonymous_20)","decl":{"start":{"line":316,"column":30},"end":{"line":316,"column":31}},"loc":{"start":{"line":316,"column":37},"end":{"line":316,"column":69}},"line":316},"21":{"name":"(anonymous_21)","decl":{"start":{"line":321,"column":50},"end":{"line":321,"column":51}},"loc":{"start":{"line":322,"column":16},"end":{"line":331,"column":22}},"line":322},"22":{"name":"(anonymous_22)","decl":{"start":{"line":325,"column":47},"end":{"line":325,"column":48}},"loc":{"start":{"line":326,"column":22},"end":{"line":328,"column":30}},"line":326},"23":{"name":"(anonymous_23)","decl":{"start":{"line":326,"column":97},"end":{"line":326,"column":98}},"loc":{"start":{"line":326,"column":103},"end":{"line":326,"column":171}},"line":326},"24":{"name":"(anonymous_24)","decl":{"start":{"line":364,"column":60},"end":{"line":364,"column":61}},"loc":{"start":{"line":365,"column":22},"end":{"line":368,"column":28}},"line":365}},"branchMap":{"0":{"loc":{"start":{"line":88,"column":4},"end":{"line":88,"column":40}},"type":"if","locations":[{"start":{"line":88,"column":4},"end":{"line":88,"column":40}},{"start":{},"end":{}}],"line":88},"1":{"loc":{"start":{"line":93,"column":4},"end":{"line":100,"column":5}},"type":"if","locations":[{"start":{"line":93,"column":4},"end":{"line":100,"column":5}},{"start":{},"end":{}}],"line":93},"2":{"loc":{"start":{"line":183,"column":36},"end":{"line":183,"column":123}},"type":"cond-expr","locations":[{"start":{"line":183,"column":62},"end":{"line":183,"column":75}},{"start":{"line":183,"column":78},"end":{"line":183,"column":123}}],"line":183},"3":{"loc":{"start":{"line":183,"column":78},"end":{"line":183,"column":123}},"type":"cond-expr","locations":[{"start":{"line":183,"column":100},"end":{"line":183,"column":109}},{"start":{"line":183,"column":112},"end":{"line":183,"column":123}}],"line":183},"4":{"loc":{"start":{"line":193,"column":124},"end":{"line":193,"column":153}},"type":"binary-expr","locations":[{"start":{"line":193,"column":124},"end":{"line":193,"column":148}},{"start":{"line":193,"column":152},"end":{"line":193,"column":153}}],"line":193},"5":{"loc":{"start":{"line":211,"column":69},"end":{"line":211,"column":99}},"type":"binary-expr","locations":[{"start":{"line":211,"column":69},"end":{"line":211,"column":93}},{"start":{"line":211,"column":97},"end":{"line":211,"column":99}}],"line":211},"6":{"loc":{"start":{"line":221,"column":73},"end":{"line":221,"column":106}},"type":"binary-expr","locations":[{"start":{"line":221,"column":73},"end":{"line":221,"column":97}},{"start":{"line":221,"column":101},"end":{"line":221,"column":106}}],"line":221},"7":{"loc":{"start":{"line":316,"column":37},"end":{"line":316,"column":69}},"type":"binary-expr","locations":[{"start":{"line":316,"column":37},"end":{"line":316,"column":54}},{"start":{"line":316,"column":58},"end":{"line":316,"column":69}}],"line":316},"8":{"loc":{"start":{"line":360,"column":15},"end":{"line":372,"column":15}},"type":"binary-expr","locations":[{"start":{"line":360,"column":15},"end":{"line":360,"column":57}},{"start":{"line":361,"column":16},"end":{"line":371,"column":22}}],"line":360}},"s":{"0":1,"1":34,"2":34,"3":34,"4":34,"5":5,"6":5,"7":34,"8":5,"9":5,"10":5,"11":5,"12":34,"13":2,"14":34,"15":0,"16":34,"17":1,"18":0,"19":1,"20":1,"21":1,"22":1,"23":1,"24":34,"25":1,"26":1,"27":1,"28":34,"29":1,"30":1,"31":0,"32":34,"33":1,"34":1,"35":34,"36":1,"37":136,"38":2,"39":0,"40":0,"41":0,"42":0,"43":0,"44":0,"45":18,"46":18,"47":102,"48":1,"49":1,"50":0},"f":{"0":34,"1":5,"2":5,"3":2,"4":0,"5":1,"6":1,"7":1,"8":1,"9":1,"10":1,"11":136,"12":2,"13":0,"14":0,"15":0,"16":0,"17":0,"18":0,"19":18,"20":18,"21":102,"22":1,"23":1,"24":0},"b":{"0":[0,1],"1":[1,0],"2":[34,102],"3":[34,68],"4":[2,1],"5":[0,0],"6":[0,0],"7":[18,0],"8":[34,0]},"_coverageSchema":"1a1c01bbd47fc00a2c39e90264f33305004495a9","hash":"4db9af13751d82deaf1c00b560124ef8da0af866"},"D:\\ai-agent-platform\\frontend\\src\\components\\AnimatedLoadingPage.tsx":{"path":"D:\\ai-agent-platform\\frontend\\src\\components\\AnimatedLoadingPage.tsx","statementMap":{"0":{"start":{"line":10,"column":64},"end":{"line":144,"column":1}},"1":{"start":{"line":15,"column":34},"end":{"line":15,"column":45}},"2":{"start":{"line":16,"column":38},"end":{"line":16,"column":53}},"3":{"start":{"line":17,"column":40},"end":{"line":17,"column":54}},"4":{"start":{"line":19,"column":2},"end":{"line":48,"column":36}},"5":{"start":{"line":21,"column":29},"end":{"line":31,"column":21}},"6":{"start":{"line":22,"column":6},"end":{"line":30,"column":9}},"7":{"start":{"line":23,"column":8},"end":{"line":26,"column":9}},"8":{"start":{"line":24,"column":10},"end":{"line":24,"column":42}},"9":{"start":{"line":25,"column":10},"end":{"line":25,"column":21}},"10":{"start":{"line":28,"column":26},"end":{"line":28,"column":59}},"11":{"start":{"line":29,"column":8},"end":{"line":29,"column":47}},"12":{"start":{"line":34,"column":26},"end":{"line":42,"column":16}},"13":{"start":{"line":35,"column":6},"end":{"line":35,"column":26}},"14":{"start":{"line":38,"column":6},"end":{"line":41,"column":14}},"15":{"start":{"line":39,"column":8},"end":{"line":39,"column":30}},"16":{"start":{"line":40,"column":8},"end":{"line":40,"column":30}},"17":{"start":{"line":44,"column":4},"end":{"line":47,"column":6}},"18":{"start":{"line":45,"column":6},"end":{"line":45,"column":38}},"19":{"start":{"line":46,"column":6},"end":{"line":46,"column":34}},"20":{"start":{"line":50,"column":2},"end":{"line":50,"column":32}},"21":{"start":{"line":50,"column":20},"end":{"line":50,"column":32}},"22":{"start":{"line":52,"column":2},"end":{"line":143,"column":4}},"23":{"start":{"line":126,"column":12},"end":{"line":138,"column":14}}},"fnMap":{"0":{"name":"(anonymous_0)","decl":{"start":{"line":10,"column":64},"end":{"line":10,"column":65}},"loc":{"start":{"line":14,"column":6},"end":{"line":144,"column":1}},"line":14},"1":{"name":"(anonymous_1)","decl":{"start":{"line":19,"column":12},"end":{"line":19,"column":13}},"loc":{"start":{"line":19,"column":18},"end":{"line":48,"column":3}},"line":19},"2":{"name":"(anonymous_2)","decl":{"start":{"line":21,"column":41},"end":{"line":21,"column":42}},"loc":{"start":{"line":21,"column":47},"end":{"line":31,"column":5}},"line":21},"3":{"name":"(anonymous_3)","decl":{"start":{"line":22,"column":18},"end":{"line":22,"column":19}},"loc":{"start":{"line":22,"column":26},"end":{"line":30,"column":7}},"line":22},"4":{"name":"(anonymous_4)","decl":{"start":{"line":34,"column":37},"end":{"line":34,"column":38}},"loc":{"start":{"line":34,"column":43},"end":{"line":42,"column":5}},"line":34},"5":{"name":"(anonymous_5)","decl":{"start":{"line":38,"column":17},"end":{"line":38,"column":18}},"loc":{"start":{"line":38,"column":23},"end":{"line":41,"column":7}},"line":38},"6":{"name":"(anonymous_6)","decl":{"start":{"line":44,"column":11},"end":{"line":44,"column":12}},"loc":{"start":{"line":44,"column":17},"end":{"line":47,"column":5}},"line":44},"7":{"name":"(anonymous_7)","decl":{"start":{"line":125,"column":29},"end":{"line":125,"column":30}},"loc":{"start":{"line":126,"column":12},"end":{"line":138,"column":14}},"line":126}},"branchMap":{"0":{"loc":{"start":{"line":12,"column":2},"end":{"line":12,"column":17}},"type":"default-arg","locations":[{"start":{"line":12,"column":13},"end":{"line":12,"column":17}}],"line":12},"1":{"loc":{"start":{"line":23,"column":8},"end":{"line":26,"column":9}},"type":"if","locations":[{"start":{"line":23,"column":8},"end":{"line":26,"column":9}},{"start":{},"end":{}}],"line":23},"2":{"loc":{"start":{"line":28,"column":26},"end":{"line":28,"column":59}},"type":"cond-expr","locations":[{"start":{"line":28,"column":38},"end":{"line":28,"column":39}},{"start":{"line":28,"column":42},"end":{"line":28,"column":59}}],"line":28},"3":{"loc":{"start":{"line":28,"column":42},"end":{"line":28,"column":59}},"type":"cond-expr","locations":[{"start":{"line":28,"column":54},"end":{"line":28,"column":55}},{"start":{"line":28,"column":58},"end":{"line":28,"column":59}}],"line":28},"4":{"loc":{"start":{"line":50,"column":2},"end":{"line":50,"column":32}},"type":"if","locations":[{"start":{"line":50,"column":2},"end":{"line":50,"column":32}},{"start":{},"end":{}}],"line":50},"5":{"loc":{"start":{"line":57,"column":8},"end":{"line":57,"column":48}},"type":"cond-expr","locations":[{"start":{"line":57,"column":21},"end":{"line":57,"column":32}},{"start":{"line":57,"column":35},"end":{"line":57,"column":48}}],"line":57},"6":{"loc":{"start":{"line":112,"column":15},"end":{"line":115,"column":25}},"type":"cond-expr","locations":[{"start":{"line":112,"column":31},"end":{"line":112,"column":48}},{"start":{"line":113,"column":15},"end":{"line":115,"column":25}}],"line":112},"7":{"loc":{"start":{"line":113,"column":15},"end":{"line":115,"column":25}},"type":"cond-expr","locations":[{"start":{"line":113,"column":31},"end":{"line":113,"column":58}},{"start":{"line":114,"column":15},"end":{"line":115,"column":25}}],"line":113},"8":{"loc":{"start":{"line":114,"column":15},"end":{"line":115,"column":25}},"type":"cond-expr","locations":[{"start":{"line":114,"column":31},"end":{"line":114,"column":48}},{"start":{"line":115,"column":15},"end":{"line":115,"column":25}}],"line":114}},"s":{"0":1,"1":1,"2":1,"3":1,"4":1,"5":1,"6":80,"7":1,"8":0,"9":0,"10":1,"11":1,"12":1,"13":1,"14":1,"15":1,"16":1,"17":1,"18":1,"19":1,"20":1,"21":0,"22":1,"23":6},"f":{"0":1,"1":1,"2":80,"3":1,"4":1,"5":1,"6":1,"7":6},"b":{"0":[0],"1":[0,1],"2":[1,0],"3":[0,0],"4":[0,1],"5":[0,1],"6":[1,0],"7":[0,0],"8":[0,0]},"_coverageSchema":"1a1c01bbd47fc00a2c39e90264f33305004495a9","hash":"928f5dbc345619946531361958629d3f5acb7e60"},"D:\\ai-agent-platform\\frontend\\src\\components\\AsyncErrorBoundary.tsx":{"path":"D:\\ai-agent-platform\\frontend\\src\\components\\AsyncErrorBoundary.tsx","statementMap":{"0":{"start":{"line":22,"column":50},"end":{"line":22,"column":54}},"1":{"start":{"line":23,"column":23},"end":{"line":23,"column":24}},"2":{"start":{"line":27,"column":4},"end":{"line":27,"column":17}},"3":{"start":{"line":28,"column":4},"end":{"line":33,"column":6}},"4":{"start":{"line":35,"column":4},"end":{"line":35,"column":78}},"5":{"start":{"line":39,"column":4},"end":{"line":39,"column":82}},"6":{"start":{"line":44,"column":4},"end":{"line":51,"column":5}},"7":{"start":{"line":45,"column":6},"end":{"line":50,"column":9}},"8":{"start":{"line":54,"column":29},"end":{"line":74,"column":3}},"9":{"start":{"line":55,"column":18},"end":{"line":55,"column":96}},"10":{"start":{"line":58,"column":4},"end":{"line":60,"column":7}},"11":{"start":{"line":62,"column":4},"end":{"line":67,"column":7}},"12":{"start":{"line":69,"column":4},"end":{"line":71,"column":5}},"13":{"start":{"line":70,"column":6},"end":{"line":70,"column":32}},"14":{"start":{"line":73,"column":4},"end":{"line":73,"column":27}},"15":{"start":{"line":77,"column":4},"end":{"line":83,"column":6}},"16":{"start":{"line":88,"column":6},"end":{"line":92,"column":32}},"17":{"start":{"line":94,"column":4},"end":{"line":98,"column":6}},"18":{"start":{"line":102,"column":4},"end":{"line":102,"column":64}},"19":{"start":{"line":105,"column":4},"end":{"line":111,"column":7}},"20":{"start":{"line":113,"column":4},"end":{"line":115,"column":5}},"21":{"start":{"line":114,"column":6},"end":{"line":114,"column":32}},"22":{"start":{"line":118,"column":4},"end":{"line":120,"column":5}},"23":{"start":{"line":119,"column":6},"end":{"line":119,"column":27}},"24":{"start":{"line":124,"column":4},"end":{"line":126,"column":5}},"25":{"start":{"line":125,"column":6},"end":{"line":125,"column":40}},"26":{"start":{"line":127,"column":4},"end":{"line":127,"column":85}},"27":{"start":{"line":130,"column":18},"end":{"line":140,"column":3}},"28":{"start":{"line":131,"column":18},"end":{"line":131,"column":76}},"29":{"start":{"line":133,"column":4},"end":{"line":139,"column":14}},"30":{"start":{"line":134,"column":6},"end":{"line":138,"column":10}},"31":{"start":{"line":134,"column":34},"end":{"line":138,"column":7}},"32":{"start":{"line":142,"column":22},"end":{"line":149,"column":3}},"33":{"start":{"line":143,"column":4},"end":{"line":148,"column":7}},"34":{"start":{"line":152,"column":4},"end":{"line":248,"column":5}},"35":{"start":{"line":154,"column":6},"end":{"line":156,"column":7}},"36":{"start":{"line":155,"column":8},"end":{"line":155,"column":77}},"37":{"start":{"line":159,"column":6},"end":{"line":207,"column":7}},"38":{"start":{"line":160,"column":8},"end":{"line":206,"column":10}},"39":{"start":{"line":210,"column":6},"end":{"line":247,"column":8}},"40":{"start":{"line":250,"column":4},"end":{"line":250,"column":31}},"41":{"start":{"line":257,"column":29},"end":{"line":267,"column":1}},"42":{"start":{"line":258,"column":23},"end":{"line":258,"column":39}},"43":{"start":{"line":260,"column":21},"end":{"line":264,"column":8}},"44":{"start":{"line":261,"column":4},"end":{"line":263,"column":7}},"45":{"start":{"line":262,"column":6},"end":{"line":262,"column":18}},"46":{"start":{"line":266,"column":2},"end":{"line":266,"column":20}},"47":{"start":{"line":270,"column":38},"end":{"line":283,"column":1}},"48":{"start":{"line":274,"column":27},"end":{"line":278,"column":3}},"49":{"start":{"line":275,"column":4},"end":{"line":277,"column":25}},"50":{"start":{"line":280,"column":2},"end":{"line":280,"column":102}},"51":{"start":{"line":282,"column":2},"end":{"line":282,"column":26}},"52":{"start":{"line":286,"column":33},"end":{"line":303,"column":1}},"53":{"start":{"line":290,"column":2},"end":{"line":302,"column":4}},"54":{"start":{"line":291,"column":4},"end":{"line":301,"column":5}},"55":{"start":{"line":292,"column":6},"end":{"line":292,"column":36}},"56":{"start":{"line":294,"column":23},"end":{"line":294,"column":80}},"57":{"start":{"line":296,"column":6},"end":{"line":298,"column":7}},"58":{"start":{"line":297,"column":8},"end":{"line":297,"column":26}},"59":{"start":{"line":300,"column":6},"end":{"line":300,"column":21}}},"fnMap":{"0":{"name":"(anonymous_0)","decl":{"start":{"line":26,"column":2},"end":{"line":26,"column":3}},"loc":{"start":{"line":26,"column":28},"end":{"line":36,"column":3}},"line":26},"1":{"name":"(anonymous_1)","decl":{"start":{"line":38,"column":2},"end":{"line":38,"column":3}},"loc":{"start":{"line":38,"column":22},"end":{"line":40,"column":3}},"line":38},"2":{"name":"(anonymous_2)","decl":{"start":{"line":42,"column":2},"end":{"line":42,"column":3}},"loc":{"start":{"line":42,"column":39},"end":{"line":52,"column":3}},"line":42},"3":{"name":"(anonymous_3)","decl":{"start":{"line":54,"column":29},"end":{"line":54,"column":30}},"loc":{"start":{"line":54,"column":63},"end":{"line":74,"column":3}},"line":54},"4":{"name":"(anonymous_4)","decl":{"start":{"line":76,"column":2},"end":{"line":76,"column":3}},"loc":{"start":{"line":76,"column":48},"end":{"line":84,"column":3}},"line":76},"5":{"name":"(anonymous_5)","decl":{"start":{"line":86,"column":2},"end":{"line":86,"column":3}},"loc":{"start":{"line":86,"column":64},"end":{"line":99,"column":3}},"line":86},"6":{"name":"(anonymous_6)","decl":{"start":{"line":101,"column":2},"end":{"line":101,"column":3}},"loc":{"start":{"line":101,"column":34},"end":{"line":121,"column":3}},"line":101},"7":{"name":"(anonymous_7)","decl":{"start":{"line":123,"column":2},"end":{"line":123,"column":3}},"loc":{"start":{"line":123,"column":25},"end":{"line":128,"column":3}},"line":123},"8":{"name":"(anonymous_8)","decl":{"start":{"line":130,"column":18},"end":{"line":130,"column":19}},"loc":{"start":{"line":130,"column":24},"end":{"line":140,"column":3}},"line":130},"9":{"name":"(anonymous_9)","decl":{"start":{"line":133,"column":37},"end":{"line":133,"column":38}},"loc":{"start":{"line":133,"column":43},"end":{"line":139,"column":5}},"line":133},"10":{"name":"(anonymous_10)","decl":{"start":{"line":134,"column":20},"end":{"line":134,"column":21}},"loc":{"start":{"line":134,"column":34},"end":{"line":138,"column":7}},"line":134},"11":{"name":"(anonymous_11)","decl":{"start":{"line":142,"column":22},"end":{"line":142,"column":23}},"loc":{"start":{"line":142,"column":28},"end":{"line":149,"column":3}},"line":142},"12":{"name":"(anonymous_12)","decl":{"start":{"line":151,"column":2},"end":{"line":151,"column":3}},"loc":{"start":{"line":151,"column":11},"end":{"line":251,"column":3}},"line":151},"13":{"name":"(anonymous_13)","decl":{"start":{"line":257,"column":29},"end":{"line":257,"column":30}},"loc":{"start":{"line":257,"column":35},"end":{"line":267,"column":1}},"line":257},"14":{"name":"(anonymous_14)","decl":{"start":{"line":260,"column":39},"end":{"line":260,"column":40}},"loc":{"start":{"line":260,"column":57},"end":{"line":264,"column":3}},"line":260},"15":{"name":"(anonymous_15)","decl":{"start":{"line":261,"column":13},"end":{"line":261,"column":14}},"loc":{"start":{"line":261,"column":19},"end":{"line":263,"column":5}},"line":261},"16":{"name":"(anonymous_16)","decl":{"start":{"line":270,"column":38},"end":{"line":270,"column":39}},"loc":{"start":{"line":273,"column":5},"end":{"line":283,"column":1}},"line":273},"17":{"name":"(anonymous_17)","decl":{"start":{"line":274,"column":27},"end":{"line":274,"column":28}},"loc":{"start":{"line":275,"column":4},"end":{"line":277,"column":25}},"line":275},"18":{"name":"(anonymous_18)","decl":{"start":{"line":286,"column":33},"end":{"line":286,"column":34}},"loc":{"start":{"line":289,"column":5},"end":{"line":303,"column":1}},"line":289},"19":{"name":"(anonymous_19)","decl":{"start":{"line":290,"column":9},"end":{"line":290,"column":10}},"loc":{"start":{"line":290,"column":43},"end":{"line":302,"column":3}},"line":290}},"branchMap":{"0":{"loc":{"start":{"line":44,"column":4},"end":{"line":51,"column":5}},"type":"if","locations":[{"start":{"line":44,"column":4},"end":{"line":51,"column":5}},{"start":{},"end":{}}],"line":44},"1":{"loc":{"start":{"line":44,"column":8},"end":{"line":44,"column":73}},"type":"binary-expr","locations":[{"start":{"line":44,"column":8},"end":{"line":44,"column":27}},{"start":{"line":44,"column":31},"end":{"line":44,"column":73}}],"line":44},"2":{"loc":{"start":{"line":55,"column":18},"end":{"line":55,"column":96}},"type":"cond-expr","locations":[{"start":{"line":55,"column":50},"end":{"line":55,"column":62}},{"start":{"line":55,"column":65},"end":{"line":55,"column":96}}],"line":55},"3":{"loc":{"start":{"line":69,"column":4},"end":{"line":71,"column":5}},"type":"if","locations":[{"start":{"line":69,"column":4},"end":{"line":71,"column":5}},{"start":{},"end":{}}],"line":69},"4":{"loc":{"start":{"line":78,"column":6},"end":{"line":82,"column":32}},"type":"binary-expr","locations":[{"start":{"line":78,"column":6},"end":{"line":78,"column":37}},{"start":{"line":79,"column":6},"end":{"line":79,"column":39}},{"start":{"line":80,"column":6},"end":{"line":80,"column":47}},{"start":{"line":81,"column":6},"end":{"line":81,"column":35}},{"start":{"line":82,"column":6},"end":{"line":82,"column":32}}],"line":78},"5":{"loc":{"start":{"line":88,"column":6},"end":{"line":92,"column":32}},"type":"binary-expr","locations":[{"start":{"line":88,"column":6},"end":{"line":88,"column":37}},{"start":{"line":89,"column":6},"end":{"line":89,"column":39}},{"start":{"line":90,"column":6},"end":{"line":90,"column":47}},{"start":{"line":91,"column":6},"end":{"line":91,"column":35}},{"start":{"line":92,"column":6},"end":{"line":92,"column":32}}],"line":88},"6":{"loc":{"start":{"line":109,"column":16},"end":{"line":109,"column":61}},"type":"cond-expr","locations":[{"start":{"line":109,"column":44},"end":{"line":109,"column":52}},{"start":{"line":109,"column":55},"end":{"line":109,"column":61}}],"line":109},"7":{"loc":{"start":{"line":113,"column":4},"end":{"line":115,"column":5}},"type":"if","locations":[{"start":{"line":113,"column":4},"end":{"line":115,"column":5}},{"start":{},"end":{}}],"line":113},"8":{"loc":{"start":{"line":118,"column":4},"end":{"line":120,"column":5}},"type":"if","locations":[{"start":{"line":118,"column":4},"end":{"line":120,"column":5}},{"start":{},"end":{}}],"line":118},"9":{"loc":{"start":{"line":118,"column":8},"end":{"line":118,"column":76}},"type":"binary-expr","locations":[{"start":{"line":118,"column":8},"end":{"line":118,"column":33}},{"start":{"line":118,"column":37},"end":{"line":118,"column":76}}],"line":118},"10":{"loc":{"start":{"line":124,"column":4},"end":{"line":126,"column":5}},"type":"if","locations":[{"start":{"line":124,"column":4},"end":{"line":126,"column":5}},{"start":{},"end":{}}],"line":124},"11":{"loc":{"start":{"line":152,"column":4},"end":{"line":248,"column":5}},"type":"if","locations":[{"start":{"line":152,"column":4},"end":{"line":248,"column":5}},{"start":{},"end":{}}],"line":152},"12":{"loc":{"start":{"line":152,"column":8},"end":{"line":152,"column":47}},"type":"binary-expr","locations":[{"start":{"line":152,"column":8},"end":{"line":152,"column":27}},{"start":{"line":152,"column":31},"end":{"line":152,"column":47}}],"line":152},"13":{"loc":{"start":{"line":154,"column":6},"end":{"line":156,"column":7}},"type":"if","locations":[{"start":{"line":154,"column":6},"end":{"line":156,"column":7}},{"start":{},"end":{}}],"line":154},"14":{"loc":{"start":{"line":159,"column":6},"end":{"line":207,"column":7}},"type":"if","locations":[{"start":{"line":159,"column":6},"end":{"line":207,"column":7}},{"start":{},"end":{}}],"line":159},"15":{"loc":{"start":{"line":175,"column":17},"end":{"line":182,"column":17}},"type":"binary-expr","locations":[{"start":{"line":175,"column":17},"end":{"line":175,"column":56}},{"start":{"line":176,"column":18},"end":{"line":181,"column":26}}],"line":175},"16":{"loc":{"start":{"line":193,"column":17},"end":{"line":202,"column":17}},"type":"binary-expr","locations":[{"start":{"line":193,"column":18},"end":{"line":193,"column":56}},{"start":{"line":193,"column":60},"end":{"line":193,"column":91}},{"start":{"line":194,"column":18},"end":{"line":201,"column":28}}],"line":193},"17":{"loc":{"start":{"line":234,"column":15},"end":{"line":243,"column":15}},"type":"binary-expr","locations":[{"start":{"line":234,"column":16},"end":{"line":234,"column":54}},{"start":{"line":234,"column":58},"end":{"line":234,"column":89}},{"start":{"line":235,"column":16},"end":{"line":242,"column":26}}],"line":234},"18":{"loc":{"start":{"line":280,"column":59},"end":{"line":280,"column":98}},"type":"binary-expr","locations":[{"start":{"line":280,"column":59},"end":{"line":280,"column":80}},{"start":{"line":280,"column":84},"end":{"line":280,"column":98}}],"line":280},"19":{"loc":{"start":{"line":294,"column":23},"end":{"line":294,"column":80}},"type":"cond-expr","locations":[{"start":{"line":294,"column":48},"end":{"line":294,"column":53}},{"start":{"line":294,"column":56},"end":{"line":294,"column":80}}],"line":294},"20":{"loc":{"start":{"line":296,"column":6},"end":{"line":298,"column":7}},"type":"if","locations":[{"start":{"line":296,"column":6},"end":{"line":298,"column":7}},{"start":{},"end":{}}],"line":296}},"s":{"0":17,"1":17,"2":18,"3":17,"4":17,"5":10,"6":3,"7":1,"8":17,"9":0,"10":0,"11":0,"12":0,"13":0,"14":0,"15":0,"16":15,"17":15,"18":7,"19":7,"20":7,"21":0,"22":7,"23":0,"
[...]
":{"start":{"line":48,"column":4},"end":{"line":50,"column":5}},"6":{"start":{"line":49,"column":6},"end":{"line":49,"column":43}},"7":{"start":{"line":53,"column":4},"end":{"line":56,"column":5}},"8":{"start":{"line":59,"column":16},"end":{"line":65,"column":3}},"9":{"start":{"line":60,"column":4},"end":{"line":64,"column":7}},"10":{"start":{"line":67,"column":17},"end":{"line":69,"column":3}},"11":{"start":{"line":68,"column":4},"end":{"line":68,"column":31}},"12":{"start":{"line":72,"column":4},"end":{"line":134,"column":5}},"13":{"start":{"line":74,"column":6},"end":{"line":76,"column":7}},"14":{"start":{"line":75,"column":8},"end":{"line":75,"column":35}},"15":{"start":{"line":79,"column":6},"end":{"line":133,"column":8}},"16":{"start":{"line":136,"column":4},"end":{"line":136,"column":31}},"17":{"start":{"line":143,"column":31},"end":{"line":162,"column":1}},"18":{"start":{"line":144,"column":28},"end":{"line":144,"column":62}},"19":{"start":{"line":146,"column":21},"end":{"line":148,"column":8}},"20":{"start":{"line":147,"column":4},"end":{"line":147,"column":19}},"21":{"start":{"line":150,"column":23},"end":{"line":153,"column":8}},"22":{"start":{"line":151,"column":4},"end":{"line":151,"column":44}},"23":{"start":{"line":152,"column":4},"end":{"line":152,"column":20}},"24":{"start":{"line":155,"column":2},"end":{"line":159,"column":14}},"25":{"start":{"line":156,"column":4},"end":{"line":158,"column":5}},"26":{"start":{"line":157,"column":6},"end":{"line":157,"column":18}},"27":{"start":{"line":161,"column":2},"end":{"line":161,"column":38}},"28":{"start":{"line":165,"column":33},"end":{"line":178,"column":1}},"29":{"start":{"line":169,"column":27},"end":{"line":173,"column":3}},"30":{"start":{"line":170,"column":4},"end":{"line":172,"column":20}},"31":{"start":{"line":175,"column":2},"end":{"line":175,"column":97}},"32":{"start":{"line":177,"column":2},"end":{"line":177,"column":26}}},"fnMap":{"0":{"name":"(anonymous_0)","decl":{"start":{"line":19,"column":2},"end":{"line":19,"column":3}},"loc":{"start":{"line":19,"column":28},"end":{"line":26,"column":3}},"line":19},"1":{"name":"(anonymous_1)","decl":{"start":{"line":28,"column":2},"end":{"line":28,"column":3}},"loc":{"start":{"line":28,"column":55},"end":{"line":35,"column":3}},"line":28},"2":{"name":"(anonymous_2)","decl":{"start":{"line":37,"column":2},"end":{"line":37,"column":3}},"loc":{"start":{"line":37,"column":56},"end":{"line":57,"column":3}},"line":37},"3":{"name":"(anonymous_3)","decl":{"start":{"line":59,"column":16},"end":{"line":59,"column":17}},"loc":{"start":{"line":59,"column":22},"end":{"line":65,"column":3}},"line":59},"4":{"name":"(anonymous_4)","decl":{"start":{"line":67,"column":17},"end":{"line":67,"column":18}},"loc":{"start":{"line":67,"column":23},"end":{"line":69,"column":3}},"line":67},"5":{"name":"(anonymous_5)","decl":{"start":{"line":71,"column":2},"end":{"line":71,"column":3}},"loc":{"start":{"line":71,"column":11},"end":{"line":137,"column":3}},"line":71},"6":{"name":"(anonymous_6)","decl":{"start":{"line":143,"column":31},"end":{"line":143,"column":32}},"loc":{"start":{"line":143,"column":37},"end":{"line":162,"column":1}},"line":143},"7":{"name":"(anonymous_7)","decl":{"start":{"line":146,"column":39},"end":{"line":146,"column":40}},"loc":{"start":{"line":146,"column":45},"end":{"line":148,"column":3}},"line":146},"8":{"name":"(anonymous_8)","decl":{"start":{"line":150,"column":41},"end":{"line":150,"column":42}},"loc":{"start":{"line":150,"column":59},"end":{"line":153,"column":3}},"line":150},"9":{"name":"(anonymous_9)","decl":{"start":{"line":155,"column":18},"end":{"line":155,"column":19}},"loc":{"start":{"line":155,"column":24},"end":{"line":159,"column":3}},"line":155},"10":{"name":"(anonymous_10)","decl":{"start":{"line":165,"column":33},"end":{"line":165,"column":34}},"loc":{"start":{"line":168,"column":5},"end":{"line":178,"column":1}},"line":168},"11":{"name":"(anonymous_11)","decl":{"start":{"line":169,"column":27},"end":{"line":169,"column":28}},"loc":{"start":{"line":170,"column":4},"end":{"line":172,"column":20}},"line":170}},"branchMap":{"0":{"loc":{"start":{"line":48,"column":4},"end":{"line":50,"column":5}},"type":"if","locations":[{"start":{"line":48,"column":4},"end":{"line":50,"column":5}},{"start":{},"end":{}}],"line":48},"1":{"loc":{"start":{"line":53,"column":4},"end":{"line":56,"column":5}},"type":"if","locations":[{"start":{"line":53,"column":4},"end":{"line":56,"column":5}},{"start":{},"end":{}}],"line":53},"2":{"loc":{"start":{"line":72,"column":4},"end":{"line":134,"column":5}},"type":"if","locations":[{"start":{"line":72,"column":4},"end":{"line":134,"column":5}},{"start":{},"end":{}}],"line":72},"3":{"loc":{"start":{"line":74,"column":6},"end":{"line":76,"column":7}},"type":"if","locations":[{"start":{"line":74,"column":6},"end":{"line":76,"column":7}},{"start":{},"end":{}}],"line":74},"4":{"loc":{"start":{"line":94,"column":15},"end":{"line":111,"column":15}},"type":"binary-expr","locations":[{"start":{"line":94,"column":15},"end":{"line":94,"column":53}},{"start":{"line":94,"column":57},"end":{"line":94,"column":73}},{"start":{"line":95,"column":16},"end":{"line":110,"column":22}}],"line":94},"5":{"loc":{"start":{"line":100,"column":19},"end":{"line":109,"column":19}},"type":"binary-expr","locations":[{"start":{"line":100,"column":19},"end":{"line":100,"column":39}},{"start":{"line":101,"column":20},"end":{"line":108,"column":30}}],"line":100},"6":{"loc":{"start":{"line":156,"column":4},"end":{"line":158,"column":5}},"type":"if","locations":[{"start":{"line":156,"column":4},"end":{"line":158,"column":5}},{"start":{},"end":{}}],"line":156},"7":{"loc":{"start":{"line":175,"column":54},"end":{"line":175,"column":93}},"type":"binary-expr","locations":[{"start":{"line":175,"column":54},"end":{"line":175,"column":75}},{"start":{"line":175,"column":79},"end":{"line":175,"column":93}}],"line":175}},"s":{"0":0,"1":0,"2":0,"3":0,"4":0,"5":0,"6":0,"7":0,"8":0,"9":0,"10":0,"11":0,"12":0,"13":0,"14":0,"15":0,"16":0,"17":0,"18":0,"19":0,"20":0,"21":0,"22":0,"23":0,"24":0,"25":0,"26":0,"27":0,"28":0,"29":0,"30":0,"31":0,"32":0},"f":{"0":0,"1":0,"2":0,"3":0,"4":0,"5":0,"6":0,"7":0,"8":0,"9":0,"10":0,"11":0},"b":{"0":[0,0],"1":[0,0],"2":[0,0],"3":[0,0],"4":[0,0,0],"5":[0,0],"6":[0,0],"7":[0,0]}},"D:\\ai-agent-platform\\frontend\\src\\stores\\authStore.ts":{"path":"D:\\ai-agent-platform\\frontend\\src\\stores\\authStore.ts","statementMap":{"0":{"start":{"line":20,"column":51},"end":{"line":20,"column":53}},"1":{"start":{"line":23,"column":4},"end":{"line":23,"column":34}},"2":{"start":{"line":24,"column":4},"end":{"line":29,"column":6}},"3":{"start":{"line":25,"column":20},"end":{"line":25,"column":52}},"4":{"start":{"line":26,"column":6},"end":{"line":28,"column":7}},"5":{"start":{"line":27,"column":8},"end":{"line":27,"column":40}},"6":{"start":{"line":33,"column":4},"end":{"line":33,"column":56}},"7":{"start":{"line":33,"column":39},"end":{"line":33,"column":54}},"8":{"start":{"line":37,"column":40},"end":{"line":37,"column":70}},"9":{"start":{"line":54,"column":28},"end":{"line":184,"column":3}},"10":{"start":{"line":54,"column":61},"end":{"line":184,"column":1}},"11":{"start":{"line":59,"column":21},"end":{"line":59,"column":34}},"12":{"start":{"line":61,"column":27},"end":{"line":61,"column":40}},"13":{"start":{"line":63,"column":4},"end":{"line":68,"column":5}},"14":{"start":{"line":67,"column":6},"end":{"line":67,"column":23}},"15":{"start":{"line":70,"column":27},"end":{"line":70,"column":43}},"16":{"start":{"line":73,"column":24},"end":{"line":73,"column":29}},"17":{"start":{"line":74,"column":4},"end":{"line":74,"column":21}},"18":{"start":{"line":80,"column":4},"end":{"line":80,"column":32}},"19":{"start":{"line":82,"column":4},"end":{"line":82,"column":39}},"20":{"start":{"line":88,"column":33},"end":{"line":88,"column":102}},"21":{"start":{"line":89,"column":38},"end":{"line":89,"column":97}},"22":{"start":{"line":91,"column":31},"end":{"line":91,"column":36}},"23":{"start":{"line":93,"column":4},"end":{"line":101,"column":5}},"24":{"start":{"line":94,"column":6},"end":{"line":94,"column":88}},"25":{"start":{"line":96,"column":6},"end":{"line":96,"column":55}},"26":{"start":{"line":97,"column":6},"end":{"line":97,"column":65}},"27":{"start":{"line":99,"column":6},"end":{"line":99,"column":47}},"28":{"start":{"line":100,"column":6},"end":{"line":100,"column":34}},"29":{"start":{"line":103,"column":4},"end":{"line":110,"column":5}},"30":{"start":{"line":104,"column":6},"end":{"line":104,"column":88}},"31":{"start":{"line":106,"column":6},"end":{"line":106,"column":55}},"32":{"start":{"line":108,"column":6},"end":{"line":108,"column":52}},"33":{"start":{"line":109,"column":6},"end":{"line":109,"column":34}},"34":{"start":{"line":112,"column":4},"end":{"line":116,"column":5}},"35":{"start":{"line":113,"column":6},"end":{"line":113,"column":73}},"36":{"start":{"line":115,"column":6},"end":{"line":115,"column":67}},"37":{"start":{"line":120,"column":24},"end":{"line":120,"column":29}},"38":{"start":{"line":123,"column":4},"end":{"line":125,"column":5}},"39":{"start":{"line":124,"column":6},"end":{"line":124,"column":13}},"40":{"start":{"line":127,"column":4},"end":{"line":157,"column":5}},"41":{"start":{"line":128,"column":6},"end":{"line":128,"column":72}},"42":{"start":{"line":131,"column":48},"end":{"line":131,"column":96}},"43":{"start":{"line":133,"column":23},"end":{"line":133,"column":78}},"44":{"start":{"line":135,"column":6},"end":{"line":153,"column":7}},"45":{"start":{"line":136,"column":33},"end":{"line":136,"column":41}},"46":{"start":{"line":139,"column":26},"end":{"line":149,"column":9}},"47":{"start":{"line":151,"column":8},"end":{"line":151,"column":43}},"48":{"start":{"line":152,"column":8},"end":{"line":152,"column":70}},"49":{"start":{"line":155,"column":6},"end":{"line":155,"column":69}},"50":{"start":{"line":161,"column":4},"end":{"line":161,"column":34}},"51":{"start":{"line":162,"column":4},"end":{"line":162,"column":27}},"52":{"start":{"line":166,"column":4},"end":{"line":182,"column":5}},"53":{"start":{"line":167,"column":36},"end":{"line":167,"column":68}},"54":{"start":{"line":169,"column":6},"end":{"line":177,"column":7}},"55":{"start":{"line":172,"column":8},"end":{"line":172,"column":70}},"56":{"start":{"line":175,"column":8},"end":{"line":175,"column":31}},"57":{"start":{"line":176,"column":8},"end":{"line":176,"column":32}},"58":{"start":{"line":179,"column":6},"end":{"line":179,"column":57}},"59":{"start":{"line":180,"column":6},"end":{"line":180,"column":29}},"60":{"start":{"line":181,"column":6},"end":{"line":181,"column":30}},"61":{"start":{"line":187,"column":0},"end":{"line":207,"column":3}},"62":{"start":{"line":188,"column":104},"end":{"line":188,"column":127}},"63":{"start":{"line":190,"column":2},"end":{"line":206,"column":3}},"64":{"start":{"line":193,"column":4},"end":{"line":193,"column":78}},"65":{"start":{"line":194,"column":4},"end":{"line":194,"column":24}},"66":{"start":{"line":195,"column":4},"end":{"line":195,"column":26}},"67":{"start":{"line":198,"column":4},"end":{"line":198,"column":35}},"68":{"start":{"line":199,"column":9},"end":{"line":206,"column":3}},"69":{"start":{"line":201,"column":4},"end":{"line":201,"column":21}},"70":{"start":{"line":202,"column":9},"end":{"line":206,"column":3}},"71":{"start":{"line":204,"column":4},"end":{"line":204,"column":24}},"72":{"start":{"line":205,"column":4},"end":{"line":205,"column":26}}},"fnMap":{"0":{"name":"(anonymous_0)","decl":{"start":{"line":22,"column":2},"end":{"line":22,"column":3}},"loc":{"start":{"line":22,"column":49},"end":{"line":30,"column":3}},"line":22},"1":{"name":"(anonymous_1)","decl":{"start":{"line":24,"column":11},"end":{"line":24,"column":12}},"loc":{"start":{"line":24,"column":17},"end":{"line":29,"column":5}},"line":24},"2":{"name":"(anonymous_2)","decl":{"start":{"line":32,"column":2},"end":{"line":32,"column":3}},"loc":{"start":{"line":32,"column":38},"end":{"line":34,"column":3}},"line":32},"3":{"name":"(anonymous_3)","decl":{"start":{"line":33,"column":27},"end":{"line":33,"column":28}},"loc":{"start":{"line":33,"column":39},"end":{"line":33,"column":54}},"line":33},"4":{"name":"(anonymous_4)","decl":{"start":{"line":54,"column":46},"end":{"line":54,"column":47}},"loc":{"start":{"line":54,"column":61},"end":{"line":184,"column":1}},"line":54},"5":{"name":"(anonymous_5)","decl":{"start":{"line":59,"column":11},"end":{"line":59,"column":12}},"loc":{"start":{"line":59,"column":21},"end":{"line":59,"column":34}},"line":59},"6":{"name":"(anonymous_6)","decl":{"start":{"line":60,"column":14},"end":{"line":60,"column":15}},"loc":{"start":{"line":60,"column":27},"end":{"line":69,"column":3}},"line":60},"7":{"name":"(anonymous_7)","decl":{"start":{"line":70,"column":14},"end":{"line":70,"column":15}},"loc":{"start":{"line":70,"column":27},"end":{"line":70,"column":43}},"line":70},"8":{"name":"(anonymous_8)","decl":{"start":{"line":72,"column":19},"end":{"line":72,"column":20}},"loc":{"start":{"line":72,"column":25},"end":{"line":75,"column":3}},"line":72},"9":{"name":"(anonymous_9)","decl":{"start":{"line":77,"column":18},"end":{"line":77,"column":19}},"loc":{"start":{"line":77,"column":24},"end":{"line":83,"column":3}},"line":77},"10":{"name":"(anonymous_10)","decl":{"start":{"line":85,"column":26},"end":{"line":85,"column":27}},"loc":{"start":{"line":85,"column":38},"end":{"line":117,"column":3}},"line":85},"11":{"name":"(anonymous_11)","decl":{"start":{"line":119,"column":32},"end":{"line":119,"column":33}},"loc":{"start":{"line":119,"column":44},"end":{"line":158,"column":3}},"line":119},"12":{"name":"(anonymous_12)","decl":{"start":{"line":160,"column":11},"end":{"line":160,"column":12}},"loc":{"start":{"line":160,"column":23},"end":{"line":163,"column":3}},"line":160},"13":{"name":"(anonymous_13)","decl":{"start":{"line":165,"column":18},"end":{"line":165,"column":19}},"loc":{"start":{"line":165,"column":30},"end":{"line":183,"column":3}},"line":165},"14":{"name":"(anonymous_14)","decl":{"start":{"line":187,"column":32},"end":{"line":187,"column":33}},"loc":{"start":{"line":187,"column":58},"end":{"line":207,"column":1}},"line":187}},"branchMap":{"0":{"loc":{"start":{"line":26,"column":6},"end":{"line":28,"column":7}},"type":"if","locations":[{"start":{"line":26,"column":6},"end":{"line":28,"column":7}},{"start":{},"end":{}}],"line":26},"1":{"loc":{"start":{"line":63,"column":4},"end":{"line":68,"column":5}},"type":"if","locations":[{"start":{"line":63,"column":4},"end":{"line":68,"column":5}},{"start":{},"end":{}}],"line":63},"2":{"loc":{"start":{"line":63,"column":8},"end":{"line":66,"column":36}},"type":"binary-expr","locations":[{"start":{"line":63,"column":8},"end":{"line":63,"column":62}},{"start":{"line":64,"column":8},"end":{"line":64,"column":64}},{"start":{"line":65,"column":9},"end":{"line":65,"column":24}},{"start":{"line":65,"column":28},"end":{"line":65,"column":35}},{"start":{"line":66,"column":9},"end":{"line":66,"column":23}},{"start":{"line":66,"column":27},"end":{"line":66,"column":35}}],"line":63},"3":{"loc":{"start":{"line":93,"column":4},"end":{"line":101,"column":5}},"type":"if","locations":[{"start":{"line":93,"column":4},"end":{"line":101,"column":5}},{"start":{},"end":{}}],"line":93},"4":{"loc":{"start":{"line":103,"column":4},"end":{"line":110,"column":5}},"type":"if","locations":[{"start":{"line":103,"column":4},"end":{"line":110,"column":5}},{"start":{},"end":{}}],"line":103},"5":{"loc":{"start":{"line":112,"column":4},"end":{"line":116,"column":5}},"type":"if","locations":[{"start":{"line":112,"column":4},"end":{"line":116,"column":5}},{"start":{"line":114,"column":11},"end":{"line":116,"column":5}}],"line":112},"6":{"loc":{"start":{"line":123,"column":4},"end":{"line":125,"column":5}},"type":"if","locations":[{"start":{"line":123,"column":4},"end":{"line":125,"column":5}},{"start":{},"end":{}}],"line":123},"7":{"loc":{"start":{"line":123,"column":8},"end":{"line":123,"column":47}},"type":"binary-expr","locations":[{"start":{"line":123,"column":8},"end":{"line":123,"column":16}},{"start":{"line":123,"column":20},"end":{"line":123,"column":47}}],"line":123},"8":{"loc":{"start":{"line":135,"column":6},"end":{"line":153,"column":7}},"type":"if","locations":[{"start":{"line":135,"column":6},"end":{"line":153,"column":7}},{"start":{},"end":{}}],"line":135},"9":{"loc":{"start":{"line":140,"column":14},"end":{"line":140,"column":56}},"type":"binary-expr","locations":[{"start":{"line":140,"column":14},"end":{"line":140,"column":33}},{"start":{"line":140,"column":37},"end":{"line":140,"column":56}}],"line":140},"10":{"loc":{"start":{"line":141,"column":24},"end":{"line":145,"column":11}},"type":"binary-expr","locations":[{"start":{"line":141,"column":24},"end":{"line":141,"column":53}},{"start":{"line":141,"column":57},"end":{"line":145,"column":11}}],"line":141},"11":{"loc":{"start":{"line":142,"column":18},"end":{"line":142,"column":49}},"type":"binary-expr","locations":[{"start":{"line":142,"column":18},"end":{"line":142,"column":39}},{"start":{"line":142,"column":43},"end":{"line":142,"column":49}}],"line":142},"12":{"loc":{"start":{"line":146,"column":18},"end":{"line":146,"column":53}},"type":"binary-expr","locations":[{"start":{"line":146,"column":18},"end":{"line":146,"column":41}},{"start":{"line":146,"column":45},"end":{"line":146,"column":53}}],"line":146},"13":{"loc":{"start":{"line":169,"column":6},"end":{"line":177,"column":7}},"type":"if","locations":[{"start":{"line":169,"column":6},"end":{"line":177,"column":7}},{"start":{"line":173,"column":13},"end":{"line":177,"column":7}}],"line":169},"14":{"loc":{"start":{"line":172,"column":29},"end":{"line":172,"column":50}},"type":"binary-expr","locations":[{"start":{"line":172,"column":29},"end":{"line":172,"column":42}},{"start":{"line":172,"column":46},"end":{"line":172,"column":50}}],"line":172},"15":{"loc":{"start":{"line":190,"column":2},"end":{"line":206,"column":3}},"type":"if","locations":[{"start":{"line":190,"column":2},"end":{"line":206,"column":3}},{"start":{"line":199,"column":9},"end":{"line":206,"column":3}}],"line":190},"16":{"loc":{"start":{"line":190,"column":6},"end":{"line":190,"column":38}},"type":"binary-expr","locations":[{"start":{"line":190,"column":6},"end":{"line":190,"column":27}},{"start":{"line":190,"column":31},"end":{"line":190,"column":38}}],"line":190},"17":{"loc":{"start":{"line":199,"column":9},"end":{"line":206,"column":3}},"type":"if","locations":[{"start":{"line":199,"column":9},"end":{"line":206,"column":3}},{"start":{"line":202,"column":9},"end":{"line":206,"column":3}}],"line":199},"18":{"loc":{"start":{"line":202,"column":9},"end":{"line":206,"column":3}},"type":"if","locations":[{"start":{"line":202,"column":9},"end":{"line":206,"column":3}},{"start":{},"end":{}}],"line":202},"19":{"loc":{"start":{"line":202,"column":13},"end":{"line":202,"column":51}},"type":"binary-expr","locations":[{"start":{"line":202,"column":13},"end":{"line":202,"column":40}},{"start":{"line":202,"column":44},"end":{"line":202,"column":51}}],"line":202}},"s":{"0":0,"1":0,"2":0,"3":0,"4":0,"5":0,"6":0,"7":0,"8":0,"9":0,"10":0,"11":0,"12":0,"13":0,"14":0,"15":0,"16":0,"17":0,"18":0,"19":0,"20":0,"21":0,"22":0,"23":0,"24":0,"25":0,"26":0,"27":0,"28":0,"29":0,"30":0,"31":0,"32":0,"33":0,"34":0,"35":0,"36":0,"37":0,"38":0,"39":0,"40":0,"41":0,"42":0,"43":0,"44":0,"45":0,"46":0,"47":0,"48":0,"49":0,"50":0,"51":0,"52":0,"53":0,"54":0,"55":0,"56":0,"57":0,"58":0,"59":0,"60":0,"61":0,"62":0,"63":0,"64":0,"65":0,"66":0,"67":0,"68":0,"69":0,"70":0,"71":0,"72":0},"f":{"0":0,"1":0,"2":0,"3":0,"4":0,"5":0,"6":0,"7":0,"8":0,"9":0,"10":0,"11":0,"12":0,"13":0,"14":0},"b":{"0":[0,0],"1":[0,0],"2":[0,0,0,0,0,0],"3":[0,0],"4":[0,0],"5":[0,0],"6":[0,0],"7":[0,0],"8":[0,0],"9":[0,0],"10":[0,0],"11":[0,0],"12":[0,0],"13":[0,0],"14":[0,0],"15":[0,0],"16":[0,0],"17":[0,0],"18":[0,0],"19":[0,0]}}}}
