{"numFailedTestSuites":1,"numFailedTests":4,"numPassedTestSuites":0,"numPassedTests":2,"numPendingTestSuites":0,"numPendingTests":0,"numRuntimeErrorTestSuites":0,"numTodoTests":0,"numTotalTestSuites":1,"numTotalTests":6,"openHandles":[],"snapshot":{"added":0,"didUpdate":false,"failure":false,"filesAdded":0,"filesRemoved":0,"filesRemovedList":[],"filesUnmatched":0,"filesUpdated":0,"matched":0,"total":0,"unchecked":0,"uncheckedKeysByFile":[],"unmatched":0,"updated":0},"startTime":1759515705139,"success":false,"testResults":[{"assertionResults":[{"ancestorTitles":["useUserRole"],"duration":19,"failureDetails":[],"failureMessages":[],"fullName":"useUserRole initializes from cache and reports role flags","invocations":1,"location":null,"numPassingAsserts":5,"retryReasons":[],"status":"passed","title":"initializes from cache and reports role flags"},{"ancestorTitles":["useUserRole"],"duration":10,"failureDetails":[{"matcherResult":{"message":"\u001b[2mexpect(\u001b[22m\u001b[31mreceived\u001b[39m\u001b[2m).\u001b[22mtoHaveBeenCalledWith\u001b[2m(\u001b[22m\u001b[32m...expected\u001b[39m\u001b[2m)\u001b[22m\n\nExpected: \u001b[32m\"/api/auth/profile\"\u001b[39m\n\nNumber of calls: \u001b[31m0\u001b[39m","pass":false}}],"failureMessages":["Error: \u001b[2mexpect(\u001b[22m\u001b[31mreceived\u001b[39m\u001b[2m).\u001b[22mtoHaveBeenCalledWith\u001b[2m(\u001b[22m\u001b[32m...expected\u001b[39m\u001b[2m)\u001b[22m\n\nExpected: \u001b[32m\"/api/auth/profile\"\u001b[39m\n\nNumber of calls: \u001b[31m0\u001b[39m\n    at Object.toHaveBeenCalledWith (D:\\ai-agent-platform\\frontend\\tests\\hooks\\useUserRole.test.tsx:60:31)"],"fullName":"useUserRole fetches when no cache and auth present","invocations":1,"location":null,"numPassingAsserts":0,"retryReasons":[],"status":"failed","title":"fetches when no cache and auth present"},{"ancestorTitles":["useUserRole"],"duration":50,"failureDetails":[{}],"failureMessages":["Error: \u001b[2mexpect(\u001b[22m\u001b[31mreceived\u001b[39m\u001b[2m).\u001b[22mtoMatch\u001b[2m(\u001b[22m\u001b[32mexpected\u001b[39m\u001b[2m)\u001b[22m\n\n\u001b[1mMatcher error\u001b[22m: \u001b[31mreceived\u001b[39m value must be a string\n\nReceived has value: \u001b[31mnull\u001b[39m\n    at Object.toMatch (D:\\ai-agent-platform\\frontend\\tests\\hooks\\useUserRole.test.tsx:72:34)"],"fullName":"useUserRole handles 429 with retry by setting error without clearing cache immediately","invocations":1,"location":null,"numPassingAsserts":0,"retryReasons":[],"status":"failed","title":"handles 429 with retry by setting error without clearing cache immediately"},{"ancestorTitles":["useUserRole"],"duration":7,"failureDetails":[{}],"failureMessages":["Error: \u001b[2mexpect(\u001b[22m\u001b[31mreceived\u001b[39m\u001b[2m).\u001b[22mtoMatch\u001b[2m(\u001b[22m\u001b[32mexpected\u001b[39m\u001b[2m)\u001b[22m\n\n\u001b[1mMatcher error\u001b[22m: \u001b[31mreceived\u001b[39m value must be a string\n\nReceived has value: \u001b[31mnull\u001b[39m\n    at Object.toMatch (D:\\ai-agent-platform\\frontend\\tests\\hooks\\useUserRole.test.tsx:85:34)"],"fullName":"useUserRole handles circuit breaker open error path","invocations":1,"location":null,"numPassingAsserts":0,"retryReasons":[],"status":"failed","title":"handles circuit breaker open error path"},{"ancestorTitles":["useUserRole"],"duration":7,"failureDetails":[],"failureMessages":[],"fullName":"useUserRole clears profile on logout via subscription","invocations":1,"location":null,"numPassingAsserts":2,"retryReasons":[],"status":"passed","title":"clears profile on logout via subscription"},{"ancestorTitles":["useUserRole"],"duration":4,"failureDetails":[{"matcherResult":{"message":"\u001b[2mexpect(\u001b[22m\u001b[31mreceived\u001b[39m\u001b[2m).\u001b[22mtoHaveBeenCalledWith\u001b[2m(\u001b[22m\u001b[32m...expected\u001b[39m\u001b[2m)\u001b[22m\n\nExpected: \u001b[32m\"/api/auth/profile\"\u001b[39m\n\nNumber of calls: \u001b[31m0\u001b[39m","pass":false}}],"failureMessages":["Error: \u001b[2mexpect(\u001b[22m\u001b[31mreceived\u001b[39m\u001b[2m).\u001b[22mtoHaveBeenCalledWith\u001b[2m(\u001b[22m\u001b[32m...expected\u001b[39m\u001b[2m)\u001b[22m\n\nExpected: \u001b[32m\"/api/auth/profile\"\u001b[39m\n\nNumber of calls: \u001b[31m0\u001b[39m\n    at Object.toHaveBeenCalledWith (D:\\ai-agent-platform\\frontend\\tests\\hooks\\useUserRole.test.tsx:109:31)"],"fullName":"useUserRole refreshProfile forces fetch","invocations":1,"location":null,"numPassingAsserts":0,"retryReasons":[],"status":"failed","title":"refreshProfile forces fetch"}],"endTime":1759515707963,"message":"\u001b[1m\u001b[31m  \u001b[1m● \u001b[22m\u001b[1museUserRole › fetches when no cache and auth present\u001b[39m\u001b[22m\n\n    \u001b[2mexpect(\u001b[22m\u001b[31mreceived\u001b[39m\u001b[2m).\u001b[22mtoHaveBeenCalledWith\u001b[2m(\u001b[22m\u001b[32m...expected\u001b[39m\u001b[2m)\u001b[22m\n\n    Expected: \u001b[32m\"/api/auth/profile\"\u001b[39m\n\n    Number of calls: \u001b[31m0\u001b[39m\n\u001b[2m\u001b[22m\n\u001b[2m    \u001b[0m \u001b[90m 58 |\u001b[39m     \u001b[36mawait\u001b[39m act(\u001b[36masync\u001b[39m () \u001b[33m=>\u001b[39m {})\u001b[33m;\u001b[39m\u001b[22m\n\u001b[2m     \u001b[90m 59 |\u001b[39m\u001b[22m\n\u001b[2m    \u001b[31m\u001b[1m>\u001b[22m\u001b[2m\u001b[39m\u001b[90m 60 |\u001b[39m     expect(mockApiClient\u001b[33m.\u001b[39m\u001b[36mget\u001b[39m)\u001b[33m.\u001b[39mtoHaveBeenCalledWith(\u001b[32m'/api/auth/profile'\u001b[39m)\u001b[33m;\u001b[39m\u001b[22m\n\u001b[2m     \u001b[90m    |\u001b[39m                               \u001b[31m\u001b[1m^\u001b[22m\u001b[2m\u001b[39m\u001b[22m\n\u001b[2m     \u001b[90m 61 |\u001b[39m     expect(result\u001b[33m.\u001b[39mcurrent\u001b[33m.\u001b[39mprofile)\u001b[33m.\u001b[39mtoEqual(serverProfile)\u001b[33m;\u001b[39m\u001b[22m\n\u001b[2m     \u001b[90m 62 |\u001b[39m     expect(result\u001b[33m.\u001b[39mcurrent\u001b[33m.\u001b[39mrole)\u001b[33m.\u001b[39mtoBe(\u001b[32m'admin'\u001b[39m)\u001b[33m;\u001b[39m\u001b[22m\n\u001b[2m     \u001b[90m 63 |\u001b[39m   })\u001b[33m;\u001b[39m\u001b[0m\u001b[22m\n\u001b[2m\u001b[22m\n\u001b[2m      \u001b[2mat Object.toHaveBeenCalledWith (\u001b[22m\u001b[2m\u001b[0m\u001b[36mtests/hooks/useUserRole.test.tsx\u001b[39m\u001b[0m\u001b[2m:60:31)\u001b[22m\u001b[2m\u001b[22m\n\n\u001b[1m\u001b[31m  \u001b[1m● \u001b[22m\u001b[1museUserRole › handles 429 with retry by setting error without clearing cache immediately\u001b[39m\u001b[22m\n\n    \u001b[2mexpect(\u001b[22m\u001b[31mreceived\u001b[39m\u001b[2m).\u001b[22mtoMatch\u001b[2m(\u001b[22m\u001b[32mexpected\u001b[39m\u001b[2m)\u001b[22m\n\n    \u001b[1mMatcher error\u001b[22m: \u001b[31mreceived\u001b[39m value must be a string\n\n    Received has value: \u001b[31mnull\u001b[39m\n\u001b[2m\u001b[22m\n\u001b[2m    \u001b[0m \u001b[90m 70 |\u001b[39m     \u001b[36mawait\u001b[39m act(\u001b[36masync\u001b[39m () \u001b[33m=>\u001b[39m {})\u001b[33m;\u001b[39m\u001b[22m\n\u001b[2m     \u001b[90m 71 |\u001b[39m\u001b[22m\n\u001b[2m    \u001b[31m\u001b[1m>\u001b[22m\u001b[2m\u001b[39m\u001b[90m 72 |\u001b[39m     expect(result\u001b[33m.\u001b[39mcurrent\u001b[33m.\u001b[39merror)\u001b[33m.\u001b[39mtoMatch(\u001b[35m/Too many requests/i\u001b[39m)\u001b[33m;\u001b[39m\u001b[22m\n\u001b[2m     \u001b[90m    |\u001b[39m                                  \u001b[31m\u001b[1m^\u001b[22m\u001b[2m\u001b[39m\u001b[22m\n\u001b[2m     \u001b[90m 73 |\u001b[39m   })\u001b[33m;\u001b[39m\u001b[22m\n\u001b[2m     \u001b[90m 74 |\u001b[39m\u001b[22m\n\u001b[2m     \u001b[90m 75 |\u001b[39m   it(\u001b[32m'handles circuit breaker open error path'\u001b[39m\u001b[33m,\u001b[39m \u001b[36masync\u001b[39m () \u001b[33m=>\u001b[39m {\u001b[0m\u001b[22m\n\u001b[2m\u001b[22m\n\u001b[2m      \u001b[2mat Object.toMatch (\u001b[22m\u001b[2m\u001b[0m\u001b[36mtests/hooks/useUserRole.test.tsx\u001b[39m\u001b[0m\u001b[2m:72:34)\u001b[22m\u001b[2m\u001b[22m\n\n\u001b[1m\u001b[31m  \u001b[1m● \u001b[22m\u001b[1museUserRole › handles circuit breaker open error path\u001b[39m\u001b[22m\n\n    \u001b[2mexpect(\u001b[22m\u001b[31mreceived\u001b[39m\u001b[2m).\u001b[22mtoMatch\u001b[2m(\u001b[22m\u001b[32mexpected\u001b[39m\u001b[2m)\u001b[22m\n\n    \u001b[1mMatcher error\u001b[22m: \u001b[31mreceived\u001b[39m value must be a string\n\n    Received has value: \u001b[31mnull\u001b[39m\n\u001b[2m\u001b[22m\n\u001b[2m    \u001b[0m \u001b[90m 83 |\u001b[39m     \u001b[36mawait\u001b[39m act(\u001b[36masync\u001b[39m () \u001b[33m=>\u001b[39m {})\u001b[33m;\u001b[39m\u001b[22m\n\u001b[2m     \u001b[90m 84 |\u001b[39m\u001b[22m\n\u001b[2m    \u001b[31m\u001b[1m>\u001b[22m\u001b[2m\u001b[39m\u001b[90m 85 |\u001b[39m     expect(result\u001b[33m.\u001b[39mcurrent\u001b[33m.\u001b[39merror)\u001b[33m.\u001b[39mtoMatch(\u001b[35m/Service temporarily unavailable/i\u001b[39m)\u001b[33m;\u001b[39m\u001b[22m\n\u001b[2m     \u001b[90m    |\u001b[39m                                  \u001b[31m\u001b[1m^\u001b[22m\u001b[2m\u001b[39m\u001b[22m\n\u001b[2m     \u001b[90m 86 |\u001b[39m   })\u001b[33m;\u001b[39m\u001b[22m\n\u001b[2m     \u001b[90m 87 |\u001b[39m\u001b[22m\n\u001b[2m     \u001b[90m 88 |\u001b[39m   it(\u001b[32m'clears profile on logout via subscription'\u001b[39m\u001b[33m,\u001b[39m \u001b[36masync\u001b[39m () \u001b[33m=>\u001b[39m {\u001b[0m\u001b[22m\n\u001b[2m\u001b[22m\n\u001b[2m      \u001b[2mat Object.toMatch (\u001b[22m\u001b[2m\u001b[0m\u001b[36mtests/hooks/useUserRole.test.tsx\u001b[39m\u001b[0m\u001b[2m:85:34)\u001b[22m\u001b[2m\u001b[22m\n\n\u001b[1m\u001b[31m  \u001b[1m● \u001b[22m\u001b[1museUserRole › refreshProfile forces fetch\u001b[39m\u001b[22m\n\n    \u001b[2mexpect(\u001b[22m\u001b[31mreceived\u001b[39m\u001b[2m).\u001b[22mtoHaveBeenCalledWith\u001b[2m(\u001b[22m\u001b[32m...expected\u001b[39m\u001b[2m)\u001b[22m\n\n    Expected: \u001b[32m\"/api/auth/profile\"\u001b[39m\n\n    Number of calls: \u001b[31m0\u001b[39m\n\u001b[2m\u001b[22m\n\u001b[2m    \u001b[0m \u001b[90m 107 |\u001b[39m     })\u001b[33m;\u001b[39m\u001b[22m\n\u001b[2m     \u001b[90m 108 |\u001b[39m\u001b[22m\n\u001b[2m    \u001b[31m\u001b[1m>\u001b[22m\u001b[2m\u001b[39m\u001b[90m 109 |\u001b[39m     expect(mockApiClient\u001b[33m.\u001b[39m\u001b[36mget\u001b[39m)\u001b[33m.\u001b[39mtoHaveBeenCalledWith(\u001b[32m'/api/auth/profile'\u001b[39m)\u001b[33m;\u001b[39m\u001b[22m\n\u001b[2m     \u001b[90m     |\u001b[39m                               \u001b[31m\u001b[1m^\u001b[22m\u001b[2m\u001b[39m\u001b[22m\n\u001b[2m     \u001b[90m 110 |\u001b[39m     expect(result\u001b[33m.\u001b[39mcurrent\u001b[33m.\u001b[39mprofile)\u001b[33m.\u001b[39mtoEqual(serverProfile)\u001b[33m;\u001b[39m\u001b[22m\n\u001b[2m     \u001b[90m 111 |\u001b[39m   })\u001b[33m;\u001b[39m\u001b[22m\n\u001b[2m     \u001b[90m 112 |\u001b[39m })\u001b[33m;\u001b[39m\u001b[0m\u001b[22m\n\u001b[2m\u001b[22m\n\u001b[2m      \u001b[2mat Object.toHaveBeenCalledWith (\u001b[22m\u001b[2m\u001b[0m\u001b[36mtests/hooks/useUserRole.test.tsx\u001b[39m\u001b[0m\u001b[2m:109:31)\u001b[22m\u001b[2m\u001b[22m\n","name":"D:\\ai-agent-platform\\frontend\\tests\\hooks\\useUserRole.test.tsx","startTime":1759515705901,"status":"failed","summary":""}],"wasInterrupted":false}
