{"numFailedTestSuites":0,"numFailedTests":0,"numPassedTestSuites":1,"numPassedTests":2,"numPendingTestSuites":0,"numPendingTests":0,"numRuntimeErrorTestSuites":0,"numTodoTests":0,"numTotalTestSuites":1,"numTotalTests":2,"openHandles":[],"snapshot":{"added":0,"didUpdate":false,"failure":false,"filesAdded":0,"filesRemoved":0,"filesRemovedList":[],"filesUnmatched":0,"filesUpdated":0,"matched":0,"total":0,"unchecked":0,"uncheckedKeysByFile":[],"unmatched":0,"updated":0},"startTime":1759538707944,"success":true,"testResults":[{"assertionResults":[{"ancestorTitles":["StreamingChat component"],"duration":31,"failureDetails":[],"failureMessages":[],"fullName":"StreamingChat component renders header and model badge, shows messages and streaming indicator","invocations":1,"location":null,"numPassingAsserts":6,"retryReasons":[],"status":"passed","title":"renders header and model badge, shows messages and streaming indicator"},{"ancestorTitles":["StreamingChat component"],"duration":41,"failureDetails":[],"failureMessages":[],"fullName":"StreamingChat component sends a message on submit and disables input while streaming","invocations":1,"location":null,"numPassingAsserts":3,"retryReasons":[],"status":"passed","title":"sends a message on submit and disables input while streaming"}],"endTime":1759538709366,"message":"","name":"D:\\ai-agent-platform\\frontend\\tests\\components\\StreamingChat.test.tsx","startTime":1759538708393,"status":"passed","summary":""}],"wasInterrupted":false,"coverageMap":{"D:\\ai-agent-platform\\frontend\\src\\api\\authApi.js":{"path":"D:\\ai-agent-platform\\frontend\\src\\api\\authApi.js","statementMap":{},"fnMap":{},"branchMap":{},"s":{},"f":{},"b":{}},"D:\\ai-agent-platform\\frontend\\src\\components\\AdminRoute.tsx":{"path":"D:\\ai-agent-platform\\frontend\\src\\components\\AdminRoute.tsx","statementMap":{"0":{"start":{"line":11,"column":46},"end":{"line":47,"column":1}},"1":{"start":{"line":12,"column":50},"end":{"line":12,"column":64}},"2":{"start":{"line":13,"column":26},"end":{"line":13,"column":45}},"3":{"start":{"line":14,"column":62},"end":{"line":14,"column":160}},"4":{"start":{"line":16,"column":2},"end":{"line":24,"column":5}},"5":{"start":{"line":27,"column":2},"end":{"line":33,"column":3}},"6":{"start":{"line":28,"column":4},"end":{"line":32,"column":6}},"7":{"start":{"line":36,"column":2},"end":{"line":38,"column":3}},"8":{"start":{"line":37,"column":4},"end":{"line":37,"column":44}},"9":{"start":{"line":41,"column":2},"end":{"line":43,"column":3}},"10":{"start":{"line":42,"column":4},"end":{"line":42,"column":48}},"11":{"start":{"line":46,"column":2},"end":{"line":46,"column":25}}},"fnMap":{"0":{"name":"(anonymous_0)","decl":{"start":{"line":11,"column":46},"end":{"line":11,"column":47}},"loc":{"start":{"line":11,"column":64},"end":{"line":47,"column":1}},"line":11}},"branchMap":{"0":{"loc":{"start":{"line":13,"column":26},"end":{"line":13,"column":45}},"type":"binary-expr","locations":[{"start":{"line":13,"column":26},"end":{"line":13,"column":35}},{"start":{"line":13,"column":39},"end":{"line":13,"column":45}}],"line":13},"1":{"loc":{"start":{"line":14,"column":62},"end":{"line":14,"column":160}},"type":"cond-expr","locations":[{"start":{"line":14,"column":80},"end":{"line":14,"column":93}},{"start":{"line":14,"column":96},"end":{"line":14,"column":160}}],"line":14},"2":{"loc":{"start":{"line":27,"column":2},"end":{"line":33,"column":3}},"type":"if","locations":[{"start":{"line":27,"column":2},"end":{"line":33,"column":3}},{"start":{},"end":{}}],"line":27},"3":{"loc":{"start":{"line":27,"column":6},"end":{"line":27,"column":32}},"type":"binary-expr","locations":[{"start":{"line":27,"column":6},"end":{"line":27,"column":17}},{"start":{"line":27,"column":21},"end":{"line":27,"column":32}}],"line":27},"4":{"loc":{"start":{"line":36,"column":2},"end":{"line":38,"column":3}},"type":"if","locations":[{"start":{"line":36,"column":2},"end":{"line":38,"column":3}},{"start":{},"end":{}}],"line":36},"5":{"loc":{"start":{"line":36,"column":6},"end":{"line":36,"column":23}},"type":"binary-expr","locations":[{"start":{"line":36,"column":6},"end":{"line":36,"column":14}},{"start":{"line":36,"column":18},"end":{"line":36,"column":23}}],"line":36},"6":{"loc":{"start":{"line":41,"column":2},"end":{"line":43,"column":3}},"type":"if","locations":[{"start":{"line":41,"column":2},"end":{"line":43,"column":3}},{"start":{},"end":{}}],"line":41}},"s":{"0":0,"1":0,"2":0,"3":0,"4":0,"5":0,"6":0,"7":0,"8":0,"9":0,"10":0,"11":0},"f":{"0":0},"b":{"0":[0,0],"1":[0,0],"2":[0,0],"3":[0,0],"4":[0,0],"5":[0,0],"6":[0,0]}},"D:\\ai-agent-platform\\frontend\\src\\context\\AuthContext.tsx":{"path":"D:\\ai-agent-platform\\frontend\\src\\context\\AuthContext.tsx","statementMap":{},"fnMap":{},"branchMap":{},"s":{},"f":{},"b":{}},"D:\\ai-agent-platform\\frontend\\src\\stores\\authStore.ts":{"path":"D:\\ai-agent-platform\\frontend\\src\\stores\\authStore.ts","statementMap":{"0":{"start":{"line":20,"column":51},"end":{"line":20,"column":53}},"1":{"start":{"line":23,"column":4},"end":{"line":23,"column":34}},"2":{"start":{"line":24,"column":4},"end":{"line":29,"column":6}},"3":{"start":{"line":25,"column":20},"end":{"line":25,"column":52}},"4":{"start":{"line":26,"column":6},"end":{"line":28,"column":7}},"5":{"start":{"line":27,"column":8},"end":{"line":27,"column":40}},"6":{"start":{"line":33,"column":4},"end":{"line":33,"column":56}},"7":{"start":{"line":33,"column":39},"end":{"line":33,"column":54}},"8":{"start":{"line":37,"column":40},"end":{"line":37,"column":70}},"9":{"start":{"line":54,"column":28},"end":{"line":184,"column":3}},"10":{"start":{"line":54,"column":61},"end":{"line":184,"column":1}},"11":{"start":{"line":59,"column":21},"end":{"line":59,"column":34}},"12":{"start":{"line":61,"column":27},"end":{"line":61,"column":40}},"13":{"start":{"line":63,"column":4},"end":{"line":68,"column":5}},"14":{"start":{"line":67,"column":6},"end":{"line":67,"column":23}},"15":{"start":{"line":70,"column":27},"end":{"line":70,"column":43}},"16":{"start":{"line":73,"column":24},"end":{"line":73,"column":29}},"17":{"start":{"line":74,"column":4},"end":{"line":74,"column":21}},"18":{"start":{"line":80,"column":4},"end":{"line":80,"column":32}},"19":{"start":{"line":82,"column":4},"end":{"line":82,"column":39}},"20":{"start":{"line":88,"column":33},"end":{"line":88,"column":102}},"21":{"start":{"line":89,"column":38},"end":{"line":89,"column":97}},"22":{"start":{"line":91,"column":31},"end":{"line":91,"column":36}},"23":{"start":{"line":93,"column":4},"end":{"line":101,"column":5}},"24":{"start":{"line":94,"column":6},"end":{"line":94,"column":88}},"25":{"start":{"line":96,"column":6},"end":{"line":96,"column":55}},"26":{"start":{"line":97,"column":6},"end":{"line":97,"column":65}},"27":{"start":{"line":99,"column":6},"end":{"line":99,"column":47}},"28":{"start":{"line":100,"column":6},"end":{"line":100,"column":34}},"29":{"start":{"line":103,"column":4},"end":{"line":110,"column":5}},"30":{"start":{"line":104,"column":6},"end":{"line":104,"column":88}},"31":{"start":{"line":106,"column":6},"end":{"line":106,"column":55}},"32":{"start":{"line":108,"column":6},"end":{"line":108,"column":52}},"33":{"start":{"line":109,"column":6},"end":{"line":109,"column":34}},"34":{"start":{"line":112,"column":4},"end":{"line":116,"column":5}},"35":{"start":{"line":113,"column":6},"end":{"line":113,"column":73}},"36":{"start":{"line":115,"column":6},"end":{"line":115,"column":67}},"37":{"start":{"line":120,"column":24},"end":{"line":120,"column":29}},"38":{"start":{"line":123,"column":4},"end":{"line":125,"column":5}},"39":{"start":{"line":124,"column":6},"end":{"line":124,"column":13}},"40":{"start":{"line":127,"column":4},"end":{"line":157,"column":5}},"41":{"start":{"line":128,"column":6},"end":{"line":128,"column":72}},"42":{"start":{"line":131,"column":48},"end":{"line":131,"column":96}},"43":{"start":{"line":133,"column":23},"end":{"line":133,"column":78}},"44":{"start":{"line":135,"column":6},"end":{"line":153,"column":7}},"45":{"start":{"line":136,"column":33},"end":{"line":136,"column":41}},"46":{"start":{"line":139,"column":26},"end":{"line":149,"column":9}},"47":{"start":{"line":151,"column":8},"end":{"line":151,"column":43}},"48":{"start":{"line":152,"column":8},"end":{"line":152,"column":70}},"49":{"start":{"line":155,"column":6},"end":{"line":155,"column":69}},"50":{"start":{"line":161,"column":4},"end":{"line":161,"column":34}},"51":{"start":{"line":162,"column":4},"end":{"line":162,"column":27}},"52":{"start":{"line":166,"column":4},"end":{"line":182,"column":5}},"53":{"start":{"line":167,"column":36},"end":{"line":167,"column":68}},"54":{"start":{"line":169,"column":6},"end":{"line":177,"column":7}},"55":{"start":{"line":172,"column":8},"end":{"line":172,"column":70}},"56":{"start":{"line":175,"column":8},"end":{"line":175,"column":31}},"57":{"start":{"line":176,"column":8},"end":{"line":176,"column":32}},"58":{"start":{"line":179,"column":6},"end":{"line":179,"column":57}},"59":{"start":{"line":180,"column":6},"end":{"line":180,"column":29}},"60":{"start":{"line":181,"column":6},"end":{"line":181,"column":30}},"61":{"start":{"line":187,"column":0},"end":{"line":207,"column":3}},"62":{"start":{"line":188,"column":104},"end":{"line":188,"column":127}},"63":{"start":{"line":190,"column":2},"end":{"line":206,"column":3}},"64":{"start":{"line":193,"column":4},"end":{"line":193,"column":78}},"65":{"start":{"line":194,"column":4},"end":{"line":194,"column":24}},"66":{"start":{"line":195,"column":4},"end":{"line":195,"column":26}},"67":{"start":{"line":198,"column":4},"end":{"line":198,"column":35}},"68":{"start":{"line":199,"column":9},"end":{"line":206,"column":3}},"69":{"start":{"line":201,"column":4},"end":{"line":201,"column":21}},"70":{"start":{"line":202,"column":9},"end":{"line":206,"column":3}},"71":{"start":{"line":204,"column":4},"end":{"line":204,"column":24}},"72":{"start":{"line":205,"column":4},"end":{"line":205,"column":26}}},"fnMap":{"0":{"name":"(anonymous_0)","decl":{"start":{"line":22,"column":2},"end":{"line":22,"column":3}},"loc":{"start":{"line":22,"column":49},"end":{"line":30,"column":3}},"line":22},"1":{"name":"(anonymous_1)","decl":{"start":{"line":24,"column":11},"end":{"line":24,"column":12}},"loc":{"start":{"line":24,"column":17},"end":{"line":29,"column":5}},"line":24},"2":{"name":"(anonymous_2)","decl":{"start":{"line":32,"column":2},"end":{"line":32,"column":3}},"loc":{"start":{"line":32,"column":38},"end":{"line":34,"column":3}},"line":32},"3":{"name":"(anonymous_3)","decl":{"start":{"line":33,"column":27},"end":{"line":33,"column":28}},"loc":{"start":{"line":33,"column":39},"end":{"line":33,"column":54}},"line":33},"4":{"name":"(anonymous_4)","decl":{"start":{"line":54,"column":46},"end":{"line":54,"column":47}},"loc":{"start":{"line":54,"column":61},"end":{"line":184,"column":1}},"line":54},"5":{"name":"(anonymous_5)","decl":{"start":{"line":59,"column":11},"end":{"line":59,"column":12}},"loc":{"start":{"line":59,"column":21},"end":{"line":59,"column":34}},"line":59},"6":{"name":"(anonymous_6)","decl":{"start":{"line":60,"column":14},"end":{"line":60,"column":15}},"loc":{"start":{"line":60,"column":27},"end":{"line":69,"column":3}},"line":60},"7":{"name":"(anonymous_7)","decl":{"start":{"line":70,"column":14},"end":{"line":70,"column":15}},"loc":{"start":{"line":70,"column":27},"end":{"line":70,"column":43}},"line":70},"8":{"name":"(anonymous_8)","decl":{"start":{"line":72,"column":19},"end":{"line":72,"column":20}},"loc":{"start":{"line":72,"column":25},"end":{"line":75,"column":3}},"line":72},"9":{"name":"(anonymous_9)","decl":{"start":{"line":77,"column":18},"end":{"line":77,"column":19}},"loc":{"start":{"line":77,"column":24},"end":{"line":83,"column":3}},"line":77},"10":{"name":"(anonymous_10)","decl":{"start":{"line":85,"column":26},"end":{"line":85,"column":27}},"loc":{"start":{"line":85,"column":38},"end":{"line":117,"column":3}},"line":85},"11":{"name":"(anonymous_11)","decl":{"start":{"line":119,"column":32},"end":{"line":119,"column":33}},"loc":{"start":{"line":119,"column":44},"end":{"line":158,"column":3}},"line":119},"12":{"name":"(anonymous_12)","decl":{"start":{"line":160,"column":11},"end":{"line":160,"column":12}},"loc":{"start":{"line":160,"column":23},"end":{"line":163,"column":3}},"line":160},"13":{"name":"(anonymous_13)","decl":{"start":{"line":165,"column":18},"end":{"line":165,"column":19}},"loc":{"start":{"line":165,"column":30},"end":{"line":183,"column":3}},"line":165},"14":{"name":"(anonymous_14)","decl":{"start":{"line":187,"column":32},"end":{"line":187,"column":33}},"loc":{"start":{"line":187,"column":58},"end":{"line":207,"column":1}},"line":187}},"branchMap":{"0":{"loc":{"start":{"line":26,"column":6},"end":{"line":28,"column":7}},"type":"if","locations":[{"start":{"line":26,"column":6},"end":{"line":28,"column":7}},{"start":{},"end":{}}],"line":26},"1":{"loc":{"start":{"line":63,"column":4},"end":{"line":68,"column":5}},"type":"if","locations":[{"start":{"line":63,"column":4},"end":{"line":68,"column":5}},{"start":{},"end":{}}],"line":63},"2":{"loc":{"start":{"line":63,"column":8},"end":{"line":66,"column":36}},"type":"binary-expr","locations":[{"start":{"line":63,"column":8},"end":{"line":63,"column":62}},{"start":{"line":64,"column":8},"end":{"line":64,"column":64}},{"start":{"line":65,"column":9},"end":{"line":65,"column":24}},{"start":{"line":65,"column":28},"end":{"line":65,"column":35}},{"start":{"line":66,"column":9},"end":{"line":66,"column":23}},{"start":{"line":66,"column":27},"end":{"line":66,"column":35}}],"line":63},"3":{"loc":{"start":{"line":93,"column":4},"end":{"line":101,"column":5}},"type":"if","locations":[{"start":{"line":93,"column":4},"end":{"line":101,"column":5}},{"start":{},"end":{}}],"line":93},"4":{"loc":{"start":{"line":103,"column":4},"end":{"line":110,"column":5}},"type":"if","locations":[{"start":{"line":103,"column":4},"end":{"line":110,"column":5}},{"start":{},"end":{}}],"line":103},"5":{"loc":{"start":{"line":112,"column":4},"end":{"line":116,"column":5}},"type":"if","locations":[{"start":{"line":112,"column":4},"end":{"line":116,"column":5}},{"start":{"line":114,"column":11},"end":{"line":116,"column":5}}],"line":112},"6":{"loc":{"start":{"line":123,"column":4},"end":{"line":125,"column":5}},"type":"if","locations":[{"start":{"line":123,"column":4},"end":{"line":125,"column":5}},{"start":{},"end":{}}],"line":123},"7":{"loc":{"start":{"line":123,"column":8},"end":{"line":123,"column":47}},"type":"binary-expr","locations":[{"start":{"line":123,"column":8},"end":{"line":123,"column":16}},{"start":{"line":123,"column":20},"end":{"line":123,"column":47}}],"line":123},"8":{"loc":{"start":{"line":135,"column":6},"end":{"line":153,"column":7}},"type":"if","locations":[{"start":{"line":135,"column":6},"end":{"line":153,"column":7}},{"start":{},"end":{}}],"line":135},"9":{"loc":{"start":{"line":140,"column":14},"end":{"line":140,"column":56}},"type":"binary-expr","locations":[{"start":{"line":140,"column":14},"end":{"line":140,"column":33}},{"start":{"line":140,"column":37},"end":{"line":140,"column":56}}],"line":140},"10":{"loc":{"start":{"line":141,"column":24},"end":{"line":145,"column":11}},"type":"binary-expr","locations":[{"start":{"line":141,"column":24},"end":{"line":141,"column":53}},{"start":{"line":141,"column":57},"end":{"line":145,"column":11}}],"line":141},"11":{"loc":{"start":{"line":142,"column":18},"end":{"line":142,"column":49}},"type":"binary-expr","locations":[{"start":{"line":142,"column":18},"end":{"line":142,"column":39}},{"start":{"line":142,"column":43},"end":{"line":142,"column":49}}],"line":142},"12":{"loc":{"start":{"line":146,"column":18},"end":{"line":146,"column":53}},"type":"binary-expr","locations":[{"start":{"line":146,"column":18},"end":{"line":146,"column":41}},{"start":{"line":146,"column":45},"end":{"line":146,"column":53}}],"line":146},"13":{"loc":{"start":{"line":169,"column":6},"end":{"line":177,"column":7}},"type":"if","locations":[{"start":{"line":169,"column":6},"end":{"line":177,"column":7}},{"start":{"line":173,"column":13},"end":{"line":177,"column":7}}],"line":169},"14":{"loc":{"start":{"line":172,"column":29},"end":{"line":172,"column":50}},"type":"binary-expr","locations":[{"start":{"line":172,"column":29},"end":{"line":172,"column":42}},{"start":{"line":172,"column":46},"end":{"line":172,"column":50}}],"line":172},"15":{"loc":{"start":{"line":190,"column":2},"end":{"line":206,"column":3}},"type":"if","locations":[{"start":{"line":190,"column":2},"end":{"line":206,"column":3}},{"start":{"line":199,"column":9},"end":{"line":206,"column":3}}],"line":190},"16":{"loc":{"start":{"line":190,"column":6},"end":{"line":190,"column":38}},"type":"binary-expr","locations":[{"start":{"line":190,"column":6},"end":{"line":190,"column":27}},{"start":{"line":190,"column":31},"end":{"line":190,"column":38}}],"line":190},"17":{"loc":{"start":{"line":199,"column":9},"end":{"line":206,"column":3}},"type":"if","locations":[{"start":{"line":199,"column":9},"end":{"line":206,"column":3}},{"start":{"line":202,"column":9},"end":{"line":206,"column":3}}],"line":199},"18":{"loc":{"start":{"line":202,"column":9},"end":{"line":206,"column":3}},"type":"if","locations":[{"start":{"line":202,"column":9},"end":{"line":206,"column":3}},{"start":{},"end":{}}],"line":202},"19":{"loc":{"start":{"line":202,"column":13},"end":{"line":202,"column":51}},"type":"binary-expr","locations":[{"start":{"line":202,"column":13},"end":{"line":202,"column":40}},{"start":{"line":202,"column":44},"end":{"line":202,"column":51}}],"line":202}},"s":{"0":0,"1":0,"2":0,"3":0,"4":0,"5":0,"6":0,"7":0,"8":0,"9":0,"10":0,"11":0,"12":0,"13":0,"14":0,"15":0,"16":0,"17":0,"18":0,"19":0,"20":0,"21":0,"22":0,"23":0,"24":0,"25":0,"26":0,"27":0,"28":0,"29":0,"30":0,"31":0,"32":0,"33":0,"34":0,"35":0,"36":0,"37":0,"38":0,"39":0,"40":0,"41":0,"42":0,"43":0,"44":0,"45":0,"46":0,"47":0,"48":0,"49":0,"50":0,"51":0,"52":0,"53":0,"54":0,"55":0,"56":0,"57":0,"58":0,"59":0,"60":0,"61":0,"62":0,"63":0,"64":0,"65":0,"66":0,"67":0,"68":0,"69":0,"70":0,"71":0,"72":0},"f":{"0":0,"1":0,"2":0,"3":0,"4":0,"5":0,"6":0,"7":0,"8":0,"9":0,"10":0,"11":0,"12":0,"13":0,"14":0},"b":{"0":[0,0],"1":[0,0],"2":[0,0,0,0,0,0],"3":[0,0],"4":[0,0],"5":[0,0],"6":[0,0],"7":[0,0],"8":[0,0],"9":[0,0],"10":[0,0],"11":[0,0],"12":[0,0],"13":[0,0],"14":[0,0],"15":[0,0],"16":[0,0],"17":[0,0],"18":[0,0],"19":[0,0]}},"D:\\ai-agent-platform\\frontend\\src\\types\\subscription.ts":{"path":"D:\\ai-agent-platform\\frontend\\src\\types\\subscription.ts","statementMap":{},"fnMap":{},"branchMap":{},"s":{},"f":{},"b":{}},"D:\\ai-agent-platform\\frontend\\src\\components\\AnimatedLoadingPage.tsx":{"path":"D:\\ai-agent-platform\\frontend\\src\\components\\AnimatedLoadingPage.tsx","statementMap":{"0":{"start":{"line":10,"column":64},"end":{"line":144,"column":1}},"1":{"start":{"line":15,"column":34},"end":{"line":15,"column":45}},"2":{"start":{"line":16,"column":38},"end":{"line":16,"column":53}},"3":{"start":{"line":17,"column":40},"end":{"line":17,"column":54}},"4":{"start":{"line":19,"column":2},"end":{"line":48,"column":36}},"5":{"start":{"line":21,"column":29},"end":{"line":31,"column":21}},"6":{"start":{"line":22,"column":6},"end":{"line":30,"column":9}},"7":{"start":{"line":23,"column":8},"end":{"line":26,"column":9}},"8":{"start":{"line":24,"column":10},"end":{"line":24,"column":42}},"9":{"start":{"line":25,"column":10},"end":{"line":25,"column":21}},"10":{"start":{"line":28,"column":26},"end":{"line":28,"column":59}},"11":{"start":{"line":29,"column":8},"end":{"line":29,"column":47}},"12":{"start":{"line":34,"column":26},"end":{"line":42,"column":16}},"13":{"start":{"line":35,"column":6},"end":{"line":35,"column":26}},"14":{"start":{"line":38,"column":6},"end":{"line":41,"column":14}},"15":{"start":{"line":39,"column":8},"end":{"line":39,"column":30}},"16":{"start":{"line":40,"column":8},"end":{"line":40,"column":30}},"17":{"start":{"line":44,"column":4},"end":{"line":47,"column":6}},"18":{"start":{"line":45,"column":6},"end":{"line":45,"column":38}},"19":{"start":{"line":46,"column":6},"end":{"line":46,"column":34}},"20":{"start":{"line":50,"column":2},"end":{"line":50,"column":32}},"21":{"start":{"line":50,"column":20},"end":{"line":50,"column":32}},"22":{"start":{"line":52,"column":2},"end":{"line":143,"column":4}},"23":{"start":{"line":126,"column":12},"end":{"line":138,"column":14}}},"fnMap":{"0":{"name":"(anonymous_0)","decl":{"start":{"line":10,"column":64},"end":{"line":10,"column":65}},"loc":{"start":{"line":14,"column":6},"end":{"line":144,"column":1}},"line":14},"1":{"name":"(anonymous_1)","decl":{"start":{"line":19,"column":12},"end":{"line":19,"column":13}},"loc":{"start":{"line":19,"column":18},"end":{"line":48,"column":3}},"line":19},"2":{"name":"(anonymous_2)","decl":{"start":{"line":21,"column":41},"end":{"line":21,"column":42}},"loc":{"start":{"line":21,"column":47},"end":{"line":31,"column":5}},"line":21},"3":{"name":"(anonymous_3)","decl":{"start":{"line":22,"column":18},"end":{"line":22,"column":19}},"loc":{"start":{"line":22,"column":26},"end":{"line":30,"column":7}},"line":22},"4":{"name":"(anonymous_4)","decl":{"start":{"line":34,"column":37},"end":{"line":34,"column":38}},"loc":{"start":{"line":34,"column":43},"end":{"line":42,"column":5}},"line":34},"5":{"name":"(anonymous_5)","decl":{"start":{"line":38,"column":17},"end":{"line":38,"column":18}},"loc":{"start":{"line":38,"column":23},"end":{"line":41,"column":7}},"line":38},"6":{"name":"(anonymous_6)","decl":{"start":{"line":44,"column":11},"end":{"line":44,"column":12}},"loc":{"start":{"line":44,"column":17},"end":{"line":47,"column":5}},"line":44},"7":{"name":"(anonymous_7)","decl":{"start":{"line":125,"column":29},"end":{"line":125,"column":30}},"loc":{"start":{"line":126,"column":12},"end":{"line":138,"column":14}},"line":126}},"branchMap":{"0":{"loc":{"start":{"line":12,"column":2},"end":{"line":12,"column":17}},"type":"default-arg","locations":[{"start":{"line":12,"column":13},"end":{"line":12,"column":17}}],"line":12},"1":{"loc":{"start":{"line":23,"column":8},"end":{"line":26,"column":9}},"type":"if","locations":[{"start":{"line":23,"column":8},"end":{"line":26,"column":9}},{"start":{},"end":{}}],"line":23},"2":{"loc":{"start":{"line":28,"column":26},"end":{"line":28,"column":59}},"type":"cond-expr","locations":[{"start":{"line":28,"column":38},"end":{"line":28,"column":39}},{"start":{"line":28,"column":42},"end":{"line":28,"column":59}}],"line":28},"3":{"loc":{"start":{"line":28,"column":42},"end":{"line":28,"column":59}},"type":"cond-expr","locations":[{"start":{"line":28,"column":54},"end":{"line":28,"column":55}},{"start":{"line":28,"column":58},"end":{"line":28,"column":59}}],"line":28},"4":{"loc":{"start":{"line":50,"column":2},"end":{"line":50,"column":32}},"type":"if","locations":[{"start":{"line":50,"column":2},"end":{"line":50,"column":32}},{"start":{},"end":{}}],"line":50},"5":{"loc":{"start":{"line":57,"column":8},"end":{"line":57,"column":48}},"type":"cond-expr","locations":[{"start":{"line":57,"column":21},"end":{"line":57,"column":32}},{"start":{"line":57,"column":35},"end":{"line":57,"column":48}}],"line":57},"6":{"loc":{"start":{"line":112,"column":15},"end":{"line":115,"column":25}},"type":"cond-expr","locations":[{"start":{"line":112,"column":31},"end":{"line":112,"column":48}},{"start":{"line":113,"column":15},"end":{"line":115,"column":25}}],"line":112},"7":{"loc":{"start":{"line":113,"column":15},"end":{"line":115,"column":25}},"type":"cond-expr","locations":[{"start":{"line":113,"column":31},"end":{"line":113,"column":58}},{"start":{"line":114,"column":15},"end":{"line":115,"column":25}}],"line":113},"8":{"loc":{"start":{"line":114,"column":15},"end":{"line":115,"column":25}},"type":"cond-expr","locations":[{"start":{"line":114,"column":31},"end":{"line":114,"column":48}},{"start":{"line":115,"column":15},"end":{"line":115,"column":25}}],"line":114}},"s":{"0":0,"1":0,"2":0,"3":0,"4":0,"5":0,"6":0,"7":0,"8":0,"9":0,"10":0,"11":0,"12":0,"13":0,"14":0,"15":0,"16":0,"17":0,"18":0,"19":0,"20":0,"21":0,"22":0,"23":0},"f":{"0":0,"1":0,"2":0,"3":0,"4":0,"5":0,"6":0,"7":0},"b":{"0":[0],"1":[0,0],"2":[0,0],"3":[0,0],"4":[0,0],"5":[0,0],"6":[0,0],"7":[0,0],"8":[0,0]}},"D:\\ai-agent-platform\\frontend\\src\\components\\Button.tsx":{"path":"D:\\ai-agent-platform\\frontend\\src\\components\\Button.tsx","statementMap":{},"fnMap":{},"branchMap":{},"s":{},"f":{},"b":{}},"D:\\ai-agent-platform\\frontend\\src\\components\\ChatMessage.tsx":{"path":"D:\\ai-agent-platform\\frontend\\src\\components\\ChatMessage.tsx","statementMap":{},"fnMap":{},"branchMap":{},"s":{},"f":{},"b":{}},"D:\\ai-agent-platform\\frontend\\src\\components\\AsyncErrorBoundary.tsx":{"path":"D:\\ai-agent-platform\\frontend\\src\\components\\AsyncErrorBoundary.tsx","statementMap":{"0":{"start":{"line":22,"column":50},"end":{"line":22,"column":54}},"1":{"start":{"line":23,"column":23},"end":{"line":23,"column":24}},"2":{"start":{"line":27,"column":4},"end":{"line":27,"column":17}},"3":{"start":{"line":28,"column":4},"end":{"line":33,"column":6}},"4":{"start":{"line":35,"column":4},"end":{"line":35,"column":78}},"5":{"start":{"line":39,"column":4},"end":{"line":39,"column":82}},"6":{"start":{"line":44,"column":4},"end":{"line":51,"column":5}},"7":{"start":{"line":45,"column":6},"end":{"line":50,"column":9}},"8":{"start":{"line":54,"column":29},"end":{"line":74,"column":3}},"9":{"start":{"line":55,"column":18},"end":{"line":55,"column":96}},"10":{"start":{"line":58,"column":4},"end":{"line":60,"column":7}},"11":{"start":{"line":62,"column":4},"end":{"line":67,"column":7}},"12":{"start":{"line":69,"column":4},"end":{"line":71,"column":5}},"13":{"start":{"line":70,"column":6},"end":{"line":70,"column":32}},"14":{"start":{"line":73,"column":4},"end":{"line":73,"column":27}},"15":{"start":{"line":77,"column":4},"end":{"line":83,"column":6}},"16":{"start":{"line":88,"column":6},"end":{"line":92,"column":32}},"17":{"start":{"line":94,"column":4},"end":{"line":98,"column":6}},"18":{"start":{"line":102,"column":4},"end":{"line":102,"column":64}},"19":{"start":{"line":105,"column":4},"end":{"line":111,"column":7}},"20":{"start":{"line":113,"column":4},"end":{"line":115,"column":5}},"21":{"start":{"line":114,"column":6},"end":{"line":114,"column":32}},"22":{"start":{"line":118,"column":4},"end":{"line":120,"column":5}},"23":{"start":{"line":119,"column":6},"end":{"line":119,"column":27}},"24":{"start":{"line":124,"column":4},"end":{"line":126,"column":5}},"25":{"start":{"line":125,"column":6},"end":{"line":125,"column":40}},"26":{"start":{"line":127,"column":4},"end":{"line":127,"column":85}},"27":{"start":{"line":130,"column":18},"end":{"line":140,"column":3}},"28":{"start":{"line":131,"column":18},"end":{"line":131,"column":76}},"29":{"start":{"line":133,"column":4},"end":{"line":139,"column":14}},"30":{"start":{"line":134,"column":6},"end":{"line":138,"column":10}},"31":{"start":{"line":134,"column":34},"end":{"line":138,"column":7}},"32":{"start":{"line":142,"column":22},"end":{"line":149,"column":3}},"33":{"start":{"line":143,"column":4},"end":{"line":148,"column":7}},"34":{"start":{"line":152,"column":4},"end":{"line":248,"column":5}},"35":{"start":{"line":154,"column":6},"end":{"line":156,"column":7}},"36":{"start":{"line":155,"column":8},"end":{"line":155,"column":77}},"37":{"start":{"line":159,"column":6},"end":{"line":207,"column":7}},"38":{"start":{"line":160,"column":8},"end":{"line":206,"column":10}},"39":{"start":{"line":210,"column":6},"end":{"line":247,"column":8}},"40":{"start":{"line":250,"column":4},"end":{"line":250,"column":31}},"41":{"start":{"line":257,"column":29},"end":{"line":267,"column":1}},"42":{"start":{"line":258,"column":23},"end":{"line":258,"column":39}},"43":{"start":{"line":260,"column":21},"end":{"line":264,"column":8}},"44":{"start":{"line":261,"column":4},"end":{"line":263,"column":7}},"45":{"start":{"line":262,"column":6},"end":{"line":262,"column":18}},"46":{"start":{"line":266,"column":2},"end":{"line":266,"column":20}},"47":{"start":{"line":270,"column":38},"end":{"line":283,"column":1}},"48":{"start":{"line":274,"column":27},"end":{"line":278,"column":3}},"49":{"start":{"line":275,"column":4},"end":{"line":277,"column":25}},"50":{"start":{"line":280,"column":2},"end":{"line":280,"column":102}},"51":{"start":{"line":282,"column":2},"end":{"line":282,"column":26}},"52":{"start":{"line":286,"column":33},"end":{"line":303,"column":1}},"53":{"start":{"line":290,"column":2},"end":{"line":302,"column":4}},"54":{"start":{"line":291,"column":4},"end":{"line":301,"column":5}},"55":{"start":{"line":292,"column":6},"end":{"line":292,"column":36}},"56":{"start":{"line":294,"column":23},"end":{"line":294,"column":80}},"57":{"start":{"line":296,"column":6},"end":{"line":298,"column":7}},"58":{"start":{"line":297,"column":8},"end":{"line":297,"column":26}},"59":{"start":{"line":300,"column":6},"end":{"line":300,"column":21}}},"fnMap":{"0":{"name":"(anonymous_0)","decl":{"start":{"line":26,"column":2},"end":{"line":26,"column":3}},"loc":{"start":{"line":26,"column":28},"end":{"line":36,"column":3}},"line":26},"1":{"name":"(anonymous_1)","decl":{"start":{"line":38,"column":2},"end":{"line":38,"column":3}},"loc":{"start":{"line":38,"column":22},"end":{"line":40,"column":3}},"line":38},"2":{"name":"(anonymous_2)","decl":{"start":{"line":42,"column":2},"end":{"line":42,"column":3}},"loc":{"start":{"line":42,"column":39},"end":{"line":52,"column":3}},"line":42},"3":{"name":"(anonymous_3)","decl":{"start":{"line":54,"column":29},"end":{"line":54,"column":30}},"loc":{"start":{"line":54,"column":63},"end":{"line":74,"column":3}},"line":54},"4":{"name":"(anonymous_4)","decl":{"start":{"line":76,"column":2},"end":{"line":76,"column":3}},"loc":{"start":{"line":76,"column":48},"end":{"line":84,"column":3}},"line":76},"5":{"name":"(anonymous_5)","decl":{"start":{"line":86,"column":2},"end":{"line":86,"column":3}},"loc":{"start":{"line":86,"column":64},"end":{"line":99,"column":3}},"line":86},"6":{"name":"(anonymous_6)","decl":{"start":{"line":101,"column":2},"end":{"line":101,"column":3}},"loc":{"start":{"line":101,"column":34},"end":{"line":121,"column":3}},"line":101},"7":{"name":"(anonymous_7)","decl":{"start":{"line":123,"column":2},"end":{"line":123,"column":3}},"loc":{"start":{"line":123,"column":25},"end":{"line":128,"column":3}},"line":123},"8":{"name":"(anonymous_8)","decl":{"start":{"line":130,"column":18},"end":{"line":130,"column":19}},"loc":{"start":{"line":130,"column":24},"end":{"line":140,"column":3}},"line":130},"9":{"name":"(anonymous_9)","decl":{"start":{"line":133,"column":37},"end":{"line":133,"column":38}},"loc":{"start":{"line":133,"column":43},"end":{"line":139,"column":5}},"line":133},"10":{"name":"(anonymous_10)","decl":{"start":{"line":134,"column":20},"end":{"line":134,"column":21}},"loc":{"start":{"line":134,"column":34},"end":{"line":138,"column":7}},"line":134},"11":{"name":"(anonymous_11)","decl":{"start":{"line":142,"column":22},"end":{"line":142,"column":23}},"loc":{"start":{"line":142,"column":28},"end":{"line":149,"column":3}},"line":142},"12":{"name":"(anonymous_12)","decl":{"start":{"line":151,"column":2},"end":{"line":151,"column":3}},"loc":{"start":{"line":151,"column":11},"end":{"line":251,"column":3}},"line":151},"13":{"name":"(anonymous_13)","decl":{"start":{"line":257,"column":29},"end":{"line":257,"column":30}},"loc":{"start":{"line":257,"column":35},"end":{"line":267,"column":1}},"line":257},"14":{"name":"(anonymous_14)","decl":{"start":{"line":260,"column":39},"end":{"line":260,"column":40}},"loc":{"start":{"line":260,"column":57},"end":{"line":264,"column":3}},"line":260},"15":{"name":"(anonymous_15)","decl":{"start":{"line":261,"column":13},"end":{"line":261,"column":14}},"loc":{"start":{"line":261,"column":19},"end":{"line":263,"column":5}},"line":261},"16":{"name":"(anonymous_16)","decl":{"start":{"line":270,"column":38},"end":{"line":270,"column":39}},"loc":{"start":{"line":273,"column":5},"end":{"line":283,"column":1}},"line":273},"17":{"name":"(anonymous_17)","decl":{"start":{"line":274,"column":27},"end":{"line":274,"column":28}},"loc":{"start":{"line":275,"column":4},"end":{"line":277,"column":25}},"line":275},"18":{"name":"(anonymous_18)","decl":{"start":{"line":286,"column":33},"end":{"line":286,"column":34}},"loc":{"start":{"line":289,"column":5},"end":{"line":303,"column":1}},"line":289},"19":{"name":"(anonymous_19)","decl":{"start":{"line":290,"column":9},"end":{"line":290,"column":10}},"loc":{"start":{"line":290,"column":43},"end":{"line":302,"column":3}},"line":290}},"branchMap":{"0":{"loc":{"start":{"line":44,"column":4},"end":{"line":51,"column":5}},"type":"if","locations":[{"start":{"line":44,"column":4},"end":{"line":51,"column":5}},{"start":{},"end":{}}],"line":44},"1":{"loc":{"start":{"line":44,"column":8},"end":{"line":44,"column":73}},"type":"binary-expr","locations":[{"start":{"line":44,"column":8},"end":{"line":44,"column":27}},{"start":{"line":44,"column":31},"end":{"line":44,"column":73}}],"line":44},"2":{"loc":{"start":{"line":55,"column":18},"end":{"line":55,"column":96}},"type":"cond-expr","locations":[{"start":{"line":55,"column":50},"end":{"line":55,"column":62}},{"start":{"line":55,"column":65},"end":{"line":55,"column":96}}],"line":55},"3":{"loc":{"start":{"line":69,"column":4},"end":{"line":71,"column":5}},"type":"if","locations":[{"start":{"line":69,"column":4},"end":{"line":71,"column":5}},{"start":{},"end":{}}],"line":69},"4":{"loc":{"start":{"line":78,"column":6},"end":{"line":82,"column":32}},"type":"binary-expr","locations":[{"start":{"line":78,"column":6},"end":{"line":78,"column":37}},{"start":{"line":79,"column":6},"end":{"line":79,"column":39}},{"start":{"line":80,"column":6},"end":{"line":80,"column":47}},{"start":{"line":81,"column":6},"end":{"line":81,"column":35}},{"start":{"line":82,"column":6},"end":{"line":82,"column":32}}],"line":78},"5":{"loc":{"start":{"line":88,"column":6},"end":{"line":92,"column":32}},"type":"binary-expr","locations":[{"start":{"line":88,"column":6},"end":{"line":88,"column":37}},{"start":{"line":89,"column":6},"end":{"line":89,"column":39}},{"start":{"line":90,"column":6},"end":{"line":90,"column":47}},{"start":{"line":91,"column":6},"end":{"line":91,"column":35}},{"start":{"line":92,"column":6},"end":{"line":92,"column":32}}],"line":88},"6":{"loc":{"start":{"line":109,"column":16},"end":{"line":109,"column":61}},"type":"cond-expr","locations":[{"start":{"line":109,"column":44},"end":{"line":109,"column":52}},{"start":{"line":109,"column":55},"end":{"line":109,"column":61}}],"line":109},"7":{"loc":{"start":{"line":113,"column":4},"end":{"line":115,"column":5}},"type":"if","locations":[{"start":{"line":113,"column":4},"end":{"line":115,"column":5}},{"start":{},"end":{}}],"line":113},"8":{"loc":{"start":{"line":118,"column":4},"end":{"line":120,"column":5}},"type":"if","locations":[{"start":{"line":118,"column":4},"end":{"line":120,"column":5}},{"start":{},"end":{}}],"line":118},"9":{"loc":{"start":{"line":118,"column":8},"end":{"line":118,"column":76}},"type":"binary-expr","locations":[{"start":{"line":118,"column":8},"end":{"line":118,"column":33}},{"start":{"line":118,"column":37},"end":{"line":118,"column":76}}],"line":118},"10":{"loc":{"start":{"line":124,"column":4},"end":{"line":126,"column":5}},"type":"if","locations":[{"start":{"line":124,"column":4},"end":{"line":126,"column":5}},{"start":{},"end":{}}],"line":124},"11":{"loc":{"start":{"line":152,"column":4},"end":{"line":248,"column":5}},"type":"if","locations":[{"start":{"line":152,"column":4},"end":{"line":248,"column":5}},{"start":{},"end":{}}],"line":152},"12":{"loc":{"start":{"line":152,"column":8},"end":{"line":152,"column":47}},"type":"binary-expr","locations":[{"start":{"line":152,"column":8},"end":{"line":152,"column":27}},{"start":{"line":152,"column":31},"end":{"line":152,"column":47}}],"line":152},"13":{"loc":{"start":{"line":154,"column":6},"end":{"line":156,"column":7}},"type":"if","locations":[{"start":{"line":154,"column":6},"end":{"line":156,"column":7}},{"start":{},"end":{}}],"line":154},"14":{"loc":{"start":{"line":159,"column":6},"end":{"line":207,"column":7}},"type":"if","locations":[{"start":{"line":159,"column":6},"end":{"line":207,"column":7}},{"start":{},"end":{}}],"line":159},"15":{"loc":{"start":{"line":175,"column":17},"end":{"line":182,"column":17}},"type":"binary-expr","locations":[{"start":{"line":175,"column":17},"end":{"line":175,"column":56}},{"start":{"line":176,"column":18},"end":{"line":181,"column":26}}],"line":175},"16":{"loc":{"start":{"line":193,"column":17},"end":{"line":202,"column":17}},"type":"binary-expr","locations":[{"start":{"line":193,"column":18},"end":{"line":193,"column":56}},{"start":{"line":193,"column":60},"end":{"line":193,"column":91}},{"start":{"line":194,"column":18},"end":{"line":201,"column":28}}],"line":193},"17":{"loc":{"start":{"line":234,"column":15},"end":{"line":243,"column":15}},"type":"binary-expr","locations":[{"start":{"line":234,"column":16},"end":{"line":234,"column":54}},{"start":{"line":234,"column":58},"end":{"line":234,"column":89}},{"start":{"line":235,"column":16},"end":{"line":242,"column":26}}],"line":234},"18":{"loc":{"start":{"line":280,"column":59},"end":{"line":280,"column":98}},"type":"binary-expr","locations":[{"start":{"line":280,"column":59},"end":{"line":280,"column":80}},{"start":{"line":280,"column":84},"end":{"line":280,"column":98}}],"line":280},"19":{"loc":{"start":{"line":294,"column":23},"end":{"line":294,"column":80}},"type":"cond-expr","locations":[{"start":{"line":294,"column":48},"end":{"line":294,"column":53}},{"start":{"line":294,"column":56},"end":{"line":294,"column":80}}],"line":294},"20":{"loc":{"start":{"line":296,"column":6},"end":{"line":298,"column":7}},"type":"if","locations":[{"start":{"line":296,"column":6},"end":{"line":298,"column":7}},{"start":{},"end":{}}],"line":296}},"s":{"0":0,"1":0,"2":0,"3":0,"4":0,"5":0,"6":0,"7":0,"8":0,"9":0,"10":0,"11":0,"12":0,"13":0,"14":0,"15":0,"16":0,"17":0,"18":0,"19":0,"20":0,"21":0,"22":0,"23":0,"24":0,"25":0,"26":0,"27":0,"28":0,"29":0,"30":0,"31":0,"32":0,"33":0,"34":0,"35":0,"36":0,"37":0,"38":0,"39":0,"40":0,"41":0,"42":0,"43":0,"44":0,"45":0,"46":0,"47":0,"48":0,"49":0,"50":0,"51":0,"52":0,"53":0,"54":0,"55":0,"56":0,"57":0,"58":0,"59":0},"f":{"0":0,"1":0,"2":0,"3":0,"4":0,"5":0,"6":0,"7":0,"8":0,"9":0,"10":0,"11":0,"12":0,"13":0,"14":0,"15":0,"16":0,"17":0,"18":0,"19":0},"b":{"0":[0,0],"1":[0,0],"2":[0,0],"3":[0,0],"4":[0,0,0,0,0],"5":[0,0,0,0,0],"6":[0,0],"7":[0,0],"8":[0,0],"9":[0,0],"10":[0,0],"11":[0,0],"12":[0,0],"13":[0,0],"14":[0,0],"15":[0,0],"16":[0,0,0],"17":[0,0,0],"18":[0,0],"19":[0,0],"20":[0,0]}},"D:\\ai-agent-platform\\frontend\\src\\components\\EnhancedStreamingChat.tsx":{"path":"D:\\ai-agent-platform\\frontend\\src\\components\\EnhancedStreamingChat.tsx","statementMap":{"0":{"start":{"line":60,"column":56},"end":{"line":102,"column":2}},"1":{"start":{"line":61,"column":26},"end":{"line":61,"column":38}},"2":{"start":{"line":63,"column":2},"end":{"line":69,"column":9}},"3":{"start":{"line":64,"column":21},"end":{"line":66,"column":11}},"4":{"start":{"line":65,"column":6},"end":{"line":65,"column":58}},"5":{"start":{"line":65,"column":22},"end":{"line":65,"column":56}},"6":{"start":{"line":68,"column":4},"end":{"line":68,"column":41}},"7":{"start":{"line":68,"column":17},"end":{"line":68,"column":40}},"8":{"start":{"line":71,"column":22},"end":{"line":75,"column":3}},"9":{"start":{"line":77,"column":38},"end":{"line":77,"column":56}},"10":{"start":{"line":79,"column":2},"end":{"line":101,"column":4}},"11":{"start":{"line":104,"column":52},"end":{"line":284,"column":2}},"12":{"start":{"line":105,"column":36},"end":{"line":105,"column":51}},"13":{"start":{"line":106,"column":50},"end":{"line":106,"column":62}},"14":{"start":{"line":107,"column":21},"end":{"line":107,"column":49}},"15":{"start":{"line":110,"column":2},"end":{"line":135,"column":45}},"16":{"start":{"line":112,"column":4},"end":{"line":115,"column":5}},"17":{"start":{"line":113,"column":6},"end":{"line":113,"column":43}},"18":{"start":{"line":114,"column":6},"end":{"line":114,"column":13}},"19":{"start":{"line":117,"column":4},"end":{"line":134,"column":5}},"20":{"start":{"line":118,"column":20},"end":{"line":118,"column":46}},"21":{"start":{"line":119,"column":25},"end":{"line":119,"column":26}},"22":{"start":{"line":121,"column":23},"end":{"line":129,"column":12}},"23":{"start":{"line":122,"column":8},"end":{"line":128,"column":9}},"24":{"start":{"line":123,"column":10},"end":{"line":123,"column":74}},"25":{"start":{"line":124,"column":10},"end":{"line":124,"column":25}},"26":{"start":{"line":126,"column":10},"end":{"line":126,"column":34}},"27":{"start":{"line":127,"column":10},"end":{"line":127,"column":47}},"28":{"start":{"line":131,"column":6},"end":{"line":131,"column":43}},"29":{"start":{"line":131,"column":19},"end":{"line":131,"column":42}},"30":{"start":{"line":133,"column":6},"end":{"line":133,"column":43}},"31":{"start":{"line":138,"column":2},"end":{"line":158,"column":9}},"32":{"start":{"line":139,"column":23},"end":{"line":139,"column":41}},"33":{"start":{"line":140,"column":4},"end":{"line":140,"column":28}},"34":{"start":{"line":140,"column":21},"end":{"line":140,"column":28}},"35":{"start":{"line":142,"column":21},"end":{"line":151,"column":5}},"36":{"start":{"line":144,"column":8},"end":{"line":148,"column":9}},"37":{"start":{"line":145,"column":10},"end":{"line":145,"column":29}},"38":{"start":{"line":147,"column":10},"end":{"line":147,"column":32}},"39":{"start":{"line":153,"column":4},"end":{"line":153,"column":33}},"40":{"start":{"line":155,"column":4},"end":{"line":157,"column":6}},"41":{"start":{"line":156,"column":6},"end":{"line":156,"column":28}},"42":{"start":{"line":160,"column":17},"end":{"line":160,"column":40}},"43":{"start":{"line":161,"column":18},"end":{"line":161,"column":42}},"44":{"start":{"line":162,"column":18},"end":{"line":162,"column":42}},"45":{"start":{"line":164,"column":2},"end":{"line":283,"column":4}},"46":{"start":{"line":239,"column":27},"end":{"line":239,"column":62}},"47":{"start":{"line":286,"column":68},"end":{"line":687,"column":2}},"48":{"start":{"line":292,"column":67},"end":{"line":292,"column":85}},"49":{"start":{"line":293,"column":28},"end":{"line":293,"column":40}},"50":{"start":{"line":294,"column":48},"end":{"line":294,"column":77}},"51":{"start":{"line":295,"column":42},"end":{"line":295,"column":70}},"52":{"start":{"line":296,"column":40},"end":{"line":296,"column":55}},"53":{"start":{"line":298,"column":25},"end":{"line":298,"column":53}},"54":{"start":{"line":299,"column":22},"end":{"line":299,"column":55}},"55":{"start":{"line":300,"column":31},"end":{"line":300,"column":59}},"56":{"start":{"line":303,"column":25},"end":{"line":310,"column":8}},"57":{"start":{"line":304,"column":4},"end":{"line":309,"column":5}},"58":{"start":{"line":305,"column":6},"end":{"line":308,"column":9}},"59":{"start":{"line":312,"column":2},"end":{"line":314,"column":33}},"60":{"start":{"line":313,"column":4},"end":{"line":313,"column":21}},"61":{"start":{"line":317,"column":2},"end":{"line":324,"column":14}},"62":{"start":{"line":318,"column":4},"end":{"line":323,"column":5}},"63":{"start":{"line":319,"column":6},"end":{"line":319,"column":48}},"64":{"start":{"line":320,"column":27},"end":{"line":320,"column":59}},"65":{"start":{"line":321,"column":32},"end":{"line":321,"column":35}},"66":{"start":{"line":322,"column":6},"end":{"line":322,"column":90}},"67":{"start":{"line":327,"column":21},"end":{"line":335,"column":8}},"68":{"start":{"line":328,"column":4},"end":{"line":334,"column":5}},"69":{"start":{"line":329,"column":6},"end":{"line":329,"column":48}},"70":{"start":{"line":330,"column":6},"end":{"line":330,"column":36}},"71":{"start":{"line":331,"column":6},"end":{"line":331,"column":55}},"72":{"start":{"line":331,"column":23},"end":{"line":331,"column":47}},"73":{"start":{"line":333,"column":6},"end":{"line":333,"column":49}},"74":{"start":{"line":337,"column":28},"end":{"line":339,"column":8}},"75":{"start":{"line":338,"column":4},"end":{"line":338,"column":29}},"76":{"start":{"line":341,"column":33},"end":{"line":341,"column":76}},"77":{"start":{"line":341,"column":51},"end":{"line":341,"column":71}},"78":{"start":{"line":342,"column":31},"end":{"line":342,"column":75}},"79":{"start":{"line":342,"column":49},"end":{"line":342,"column":70}},"80":{"start":{"line":345,"column":26},"end":{"line":345,"column":59}},"81":{"start":{"line":348,"column":26},"end":{"line":356,"column":8}},"82":{"start":{"line":349,"column":4},"end":{"line":354,"column":5}},"83":{"start":{"line":350,"column":32},"end":{"line":350,"column":146}},"84":{"start":{"line":351,"column":6},"end":{"line":353,"column":7}},"85":{"start":{"line":352,"column":8},"end":{"line":352,"column":58}},"86":{"start":{"line":355,"column":4},"end":{"line":355,"column":35}},"87":{"start":{"line":359,"column":20},"end":{"line":393,"column":37}},"88":{"start":{"line":360,"column":4},"end":{"line":360,"column":30}},"89":{"start":{"line":360,"column":23},"end":{"line":360,"column":30}},"90":{"start":{"line":362,"column":25},"end":{"line":362,"column":42}},"91":{"start":{"line":363,"column":4},"end":{"line":363,"column":30}},"92":{"start":{"line":363,"column":23},"end":{"line":363,"column":30}},"93":{"start":{"line":365,"column":4},"end":{"line":392,"column":5}},"94":{"start":{"line":366,"column":25},"end":{"line":366,"column":56}},"95":{"start":{"line":367,"column":23},"end":{"line":367,"column":48}},"96":{"start":{"line":369,"column":6},"end":{"line":369,"column":35}},"97":{"start":{"line":370,"column":6},"end":{"line":370,"column":49}},"98":{"start":{"line":372,"column":26},"end":{"line":376,"column":7}},"99":{"start":{"line":378,"column":6},"end":{"line":378,"column":87}},"100":{"start":{"line":379,"column":6},"end":{"line":379,"column":66}},"101":{"start":{"line":380,"column":6},"end":{"line":380,"column":87}},"102":{"start":{"line":382,"column":6},"end":{"line":382,"column":49}},"103":{"start":{"line":383,"column":6},"end":{"line":383,"column":54}},"104":{"start":{"line":386,"column":6},"end":{"line":389,"column":9}},"105":{"start":{"line":387,"column":8},"end":{"line":387,"column":32}},"106":{"start":{"line":388,"column":8},"end":{"line":388,"column":30}},"107":{"start":{"line":391,"column":6},"end":{"line":391,"column":51}},"108":{"start":{"line":396,"column":21},"end":{"line":410,"column":78}},"109":{"start":{"line":397,"column":4},"end":{"line":397,"column":23}},"110":{"start":{"line":398,"column":4},"end":{"line":398,"column":75}},"111":{"start":{"line":398,"column":68},"end":{"line":398,"column":75}},"112":{"start":{"line":400,"column":20},"end":{"line":400,"column":32}},"113":{"start":{"line":401,"column":4},"end":{"line":401,"column":17}},"114":{"start":{"line":403,"column":4},"end":{"line":403,"column":22}},"115":{"start":{"line":405,"column":4},"end":{"line":409,"column":5}},"116":{"start":{"line":406,"column":6},"end":{"line":406,"column":33}},"117":{"start":{"line":408,"column":6},"end":{"line":408,"column":25}},"118":{"start":{"line":415,"column":24},"end":{"line":420,"column":18}},"119":{"start":{"line":416,"column":4},"end":{"line":419,"column":5}},"120":{"start":{"line":417,"column":6},"end":{"line":417,"column":25}},"121":{"start":{"line":418,"column":6},"end":{"line":418,"column":39}},"122":{"start":{"line":423,"column":2},"end":{"line":430,"column":28}},"123":{"start":{"line":424,"column":4},"end":{"line":429,"column":5}},"124":{"start":{"line":425,"column":26},"end":{"line":425,"column":55}},"125":{"start":{"line":426,"column":6},"end":{"line":428,"column":7}},"126":{"start":{"line":427,"column":8},"end":{"line":427,"column":70}},"127":{"start":{"line":433,"column":2},"end":{"line":444,"column":9}},"128":{"start":{"line":434,"column":4},"end":{"line":443,"column":6}},"129":{"start":{"line":435,"column":6},"end":{"line":442,"column":7}},"130":{"start":{"line":436,"column":8},"end":{"line":440,"column":9}},"131":{"start":{"line":437,"column":10},"end":{"line":437,"column":42}},"132":{"start":{"line":439,"column":10},"end":{"line":439,"column":64}},"133":{"start":{"line":441,"column":8},"end":{"line":441,"column":39}},"134":{"start":{"line":446,"column":2},"end":{"line":686,"column":4}},"135":{"start":{"line":510,"column":33},"end":{"line":510,"column":63}},"136":{"start":{"line":598,"column":33},"end":{"line":598,"column":57}},"137":{"start":{"line":690,"column":28},"end":{"line":716,"column":2}},"138":{"start":{"line":703,"column":2},"end":{"line":715,"column":4}},"139":{"start":{"line":706,"column":8},"end":{"line":712,"column":10}},"140":{"start":{"line":718,"column":0},"end":{"line":718,"column":56}}},"fnMap":{"0":{"name":"(anonymous_0)","decl":{"start":{"line":60,"column":61},"end":{"line":60,"column":62}},"loc":{"start":{"line":60,"column":111},"end":{"line":102,"column":1}},"line":60},"1":{"name":"(anonymous_1)","decl":{"start":{"line":63,"column":12},"end":{"line":63,"column":13}},"loc":{"start":{"line":63,"column":18},"end":{"line":69,"column":3}},"line":63},"2":{"name":"(anonymous_2)","decl":{"start":{"line":64,"column":33},"end":{"line":64,"column":34}},"loc":{"start":{"line":64,"column":39},"end":{"line":66,"column":5}},"line":64},"3":{"name":"(anonymous_3)","decl":{"start":{"line":65,"column":14},"end":{"line":65,"column":15}},"loc":{"start":{"line":65,"column":22},"end":{"line":65,"column":56}},"line":65},"4":{"name":"(anonymous_4)","decl":{"start":{"line":68,"column":11},"end":{"line":68,"column":12}},"loc":{"start":{"line":68,"column":17},"end":{"line":68,"column":40}},"line":68},"5":{"name":"(anonymous_5)","decl":{"start":{"line":104,"column":57},"end":{"line":104,"column":58}},"loc":{"start":{"line":104,"column":100},"end":{"line":284,"column":1}},"line":104},"6":{"name":"(anonymous_6)","decl":{"start":{"line":110,"column":12},"end":{"line":110,"column":13}},"loc":{"start":{"line":110,"column":18},"end":{"line":135,"column":3}},"line":110},"7":{"name":"(anonymous_7)","decl":{"start":{"line":121,"column":35},"end":{"line":121,"column":36}},"loc":{"start":{"line":121,"column":41},"end":{"line":129,"column":7}},"line":121},"8":{"name":"(anonymous_8)","decl":{"start":{"line":131,"column":13},"end":{"line":131,"column":14}},"loc":{"start":{"line":131,"column":19},"end":{"line":131,"column":42}},"line":131},"9":{"name":"(anonymous_9)","decl":{"start":{"line":138,"column":12},"end":{"line":138,"column":13}},"loc":{"start":{"line":138,"column":18},"end":{"line":158,"column":3}},"line":138},"10":{"name":"(anonymous_10)","decl":{"start":{"line":143,"column":6},"end":{"line":143,"column":7}},"loc":{"start":{"line":143,"column":19},"end":{"line":149,"column":7}},"line":143},"11":{"name":"(anonymous_11)","decl":{"start":{"line":155,"column":11},"end":{"line":155,"column":12}},"loc":{"start":{"line":155,"column":17},"end":{"line":157,"column":5}},"line":155},"12":{"name":"(anonymous_12)","decl":{"start":{"line":239,"column":21},"end":{"line":239,"column":22}},"loc":{"start":{"line":239,"column":27},"end":{"line":239,"column":62}},"line":239},"13":{"name":"(anonymous_13)","decl":{"start":{"line":286,"column":73},"end":{"line":286,"column":74}},"loc":{"start":{"line":291,"column":6},"end":{"line":687,"column":1}},"line":291},"14":{"name":"(anonymous_14)","decl":{"start":{"line":303,"column":37},"end":{"line":303,"column":38}},"loc":{"start":{"line":303,"column":43},"end":{"line":310,"column":3}},"line":303},"15":{"name":"(anonymous_15)","decl":{"start":{"line":312,"column":12},"end":{"line":312,"column":13}},"loc":{"start":{"line":312,"column":18},"end":{"line":314,"column":3}},"line":312},"16":{"name":"(anonymous_16)","decl":{"start":{"line":317,"column":12},"end":{"line":317,"column":13}},"loc":{"start":{"line":317,"column":18},"end":{"line":324,"column":3}},"line":317},"17":{"name":"(anonymous_17)","decl":{"start":{"line":327,"column":33},"end":{"line":327,"column":34}},"loc":{"start":{"line":327,"column":76},"end":{"line":335,"column":3}},"line":327},"18":{"name":"(anonymous_18)","decl":{"start":{"line":331,"column":17},"end":{"line":331,"column":18}},"loc":{"start":{"line":331,"column":23},"end":{"line":331,"column":47}},"line":331},"19":{"name":"(anonymous_19)","decl":{"start":{"line":337,"column":40},"end":{"line":337,"column":41}},"loc":{"start":{"line":337,"column":87},"end":{"line":339,"column":3}},"line":337},"20":{"name":"(anonymous_20)","decl":{"start":{"line":341,"column":45},"end":{"line":341,"column":46}},"loc":{"start":{"line":341,"column":51},"end":{"line":341,"column":71}},"line":341},"21":{"name":"(anonymous_21)","decl":{"start":{"line":342,"column":43},"end":{"line":342,"column":44}},"loc":{"start":{"line":342,"column":49},"end":{"line":342,"column":70}},"line":342},"22":{"name":"(anonymous_22)","decl":{"start":{"line":348,"column":38},"end":{"line":348,"column":39}},"loc":{"start":{"line":348,"column":44},"end":{"line":356,"column":3}},"line":348},"23":{"name":"(anonymous_23)","decl":{"start":{"line":359,"column":32},"end":{"line":359,"column":33}},"loc":{"start":{"line":359,"column":72},"end":{"line":393,"column":3}},"line":359},"24":{"name":"(anonymous_24)","decl":{"start":{"line":386,"column":43},"end":{"line":386,"column":44}},"loc":{"start":{"line":386,"column":49},"end":{"line":389,"column":7}},"line":386},"25":{"name":"(anonymous_25)","decl":{"start":{"line":396,"column":33},"end":{"line":396,"column":34}},"loc":{"start":{"line":396,"column":63},"end":{"line":410,"column":3}},"line":396},"26":{"name":"(anonymous_26)","decl":{"start":{"line":415,"column":36},"end":{"line":415,"column":37}},"loc":{"start":{"line":415,"column":64},"end":{"line":420,"column":3}},"line":415},"27":{"name":"(anonymous_27)","decl":{"start":{"line":423,"column":12},"end":{"line":423,"column":13}},"loc":{"start":{"line":423,"column":18},"end":{"line":430,"column":3}},"line":423},"28":{"name":"(anonymous_28)","decl":{"start":{"line":433,"column":12},"end":{"line":433,"column":13}},"loc":{"start":{"line":433,"column":18},"end":{"line":444,"column":3}},"line":433},"29":{"name":"(anonymous_29)","decl":{"start":{"line":434,"column":11},"end":{"line":434,"column":12}},"loc":{"start":{"line":434,"column":17},"end":{"line":443,"column":5}},"line":434},"30":{"name":"(anonymous_30)","decl":{"start":{"line":510,"column":27},"end":{"line":510,"column":28}},"loc":{"start":{"line":510,"column":33},"end":{"line":510,"column":63}},"line":510},"31":{"name":"(anonymous_31)","decl":{"start":{"line":598,"column":27},"end":{"line":598,"column":28}},"loc":{"start":{"line":598,"column":33},"end":{"line":598,"column":57}},"line":598},"32":{"name":"(anonymous_32)","decl":{"start":{"line":702,"column":3},"end":{"line":702,"column":4}},"loc":{"start":{"line":702,"column":39},"end":{"line":716,"column":1}},"line":702},"33":{"name":"(anonymous_33)","decl":{"start":{"line":705,"column":20},"end":{"line":705,"column":21}},"loc":{"start":{"line":706,"column":8},"end":{"line":712,"column":10}},"line":706}},"branchMap":{"0":{"loc":{"start":{"line":60,"column":71},"end":{"line":60,"column":89}},"type":"default-arg","locations":[{"start":{"line":60,"column":79},"end":{"line":60,"column":89}}],"line":60},"1":{"loc":{"start":{"line":65,"column":22},"end":{"line":65,"column":56}},"type":"cond-expr","locations":[{"start":{"line":65,"column":41},"end":{"line":65,"column":43}},{"start":{"line":65,"column":46},"end":{"line":65,"column":56}}],"line":65},"2":{"loc":{"start":{"line":91,"column":9},"end":{"line":93,"column":9}},"type":"binary-expr","locations":[{"start":{"line":91,"column":9},"end":{"line":91,"column":14}},{"start":{"line":92,"column":10},"end":{"line":92,"column":70}}],"line":91},"3":{"loc":{"start":{"line":94,"column":9},"end":{"line":94,"column":24}},"type":"binary-expr","locations":[{"start":{"line":94,"column":9},"end":{"line":94,"column":14}},{"start":{"line":94,"column":18},"end":{"line":94,"column":24}}],"line":94},"4":{"loc":{"start":{"line":96,"column":9},"end":{"line":98,"column":16}},"type":"cond-expr","locations":[{"start":{"line":97,"column":10},"end":{"line":97,"column":84}},{"start":{"line":98,"column":12},"end":{"line":98,"column":16}}],"line":96},"5":{"loc":{"start":{"line":112,"column":4},"end":{"line":115,"column":5}},"type":"if","locations":[{"start":{"line":112,"column":4},"end":{"line":115,"column":5}},{"start":{},"end":{}}],"line":112},"6":{"loc":{"start":{"line":117,"column":4},"end":{"line":134,"column":5}},"type":"if","locations":[{"start":{"line":117,"column":4},"end":{"line":134,"column":5}},{"start":{"line":132,"column":11},"end":{"line":134,"column":5}}],"line":117},"7":{"loc":{"start":{"line":117,"column":8},"end":{"line":117,"column":46}},"type":"binary-expr","locations":[{"start":{"line":117,"column":8},"end":{"line":117,"column":27}},{"start":{"line":117,"column":31},"end":{"line":117,"column":46}}],"line":117},"8":{"loc":{"start":{"line":122,"column":8},"end":{"line":128,"column":9}},"type":"if","locations":[{"start":{"line":122,"column":8},"end":{"line":128,"column":9}},{"start":{"line":125,"column":15},"end":{"line":128,"column":9}}],"line":122},"9":{"loc":{"start":{"line":140,"column":4},"end":{"line":140,"column":28}},"type":"if","locations":[{"start":{"line":140,"column":4},"end":{"line":140,"column":28}},{"start":{},"end":{}}],"line":140},"10":{"loc":{"start":{"line":144,"column":8},"end":{"line":148,"column":9}},"type":"if","locations":[{"start":{"line":144,"column":8},"end":{"line":148,"column":9}},{"start":{},"end":{}}],"line":144},"11":{"loc":{"start":{"line":168,"column":15},"end":{"line":168,"column":62}},"type":"cond-expr","locations":[{"start":{"line":168,"column":27},"end":{"line":168,"column":57}},{"start":{"line":168,"column":60},"end":{"line":168,"column":62}}],"line":168},"12":{"loc":{"start":{"line":172,"column":8},"end":{"line":172,"column":48}},"type":"cond-expr","locations":[{"start":{"line":172,"column":17},"end":{"line":172,"column":30}},{"start":{"line":172,"column":33},"end":{"line":172,"column":48}}],"line":172},"13":{"loc":{"start":{"line":176,"column":7},"end":{"line":185,"column":7}},"type":"binary-expr","locations":[{"start":{"line":176,"column":7},"end":{"line":176,"column":14}},{"start":{"line":177,"column":8},"end":{"line":184,"column":21}}],"line":176},"14":{"loc":{"start":{"line":187,"column":48},"end":{"line":187,"column":84}},"type":"cond-expr","locations":[{"start":{"line":187,"column":57},"end":{"line":187,"column":68}},{"start":{"line":187,"column":71},"end":{"line":187,"column":84}}],"line":187},"15":{"loc":{"start":{"line":193,"column":12},"end":{"line":197,"column":40}},"type":"cond-expr","locations":[{"start":{"line":194,"column":16},"end":{"line":194,"column":66}},{"start":{"line":195,"column":16},"end":{"line":197,"column":40}}],"line":193},"16":{"loc":{"start":{"line":195,"column":16},"end":{"line":197,"column":40}},"type":"cond-expr","locations":[{"start":{"line":196,"column":16},"end":{"line":196,"column":95}},{"start":{"line":197,"column":16},"end":{"line":197,"column":40}}],"line":195},"17":{"loc":{"start":{"line":201,"column":11},"end":{"line":228,"column":11}},"type":"cond-expr","locations":[{"start":{"line":202,"column":12},"end":{"line":208,"column":14}},{"start":{"line":210,"column":12},"end":{"line":227,"column":18}}],"line":201},"18":{"loc":{"start":{"line":213,"column":25},"end":{"line":213,"column":71}},"type":"cond-expr","locations":[{"start":{"line":213,"column":47},"end":{"line":213,"column":63}},{"start":{"line":213,"column":66},"end":{"line":213,"column":71}}],"line":213},"19":{"loc":{"start":{"line":220,"column":15},"end":{"line":226,"column":15}},"type":"binary-expr","locations":[{"start":{"line":220,"column":15},"end":{"line":220,"column":34}},{"start":{"line":221,"column":16},"end":{"line":225,"column":18}}],"line":220},"20":{"loc":{"start":{"line":241,"column":13},"end":{"line":245,"column":13}},"type":"cond-expr","locations":[{"start":{"line":242,"column":14},"end":{"line":242,"column":58}},{"start":{"line":244,"column":14},"end":{"line":244,"column":42}}],"line":241},"21":{"loc":{"start":{"line":252,"column":10},"end":{"line":252,"column":50}},"type":"cond-expr","locations":[{"start":{"line":252,"column":19},"end":{"line":252,"column":37}},{"start":{"line":252,"column":40},"end":{"line":252,"column":50}}],"line":252},"22":{"loc":{"start":{"line":255,"column":11},"end":{"line":259,"column":11}},"type":"binary-expr","locations":[{"start":{"line":255,"column":11},"end":{"line":255,"column":24}},{"start":{"line":256,"column":12},"end":{"line":258,"column":20}}],"line":255},"23":{"loc":{"start":{"line":260,"column":11},"end":{"line":267,"column":11}},"type":"binary-expr","locations":[{"start":{"line":260,"column":11},"end":{"line":260,"column":30}},{"start":{"line":261,"column":12},"end":{"line":266,"column":25}}],"line":260},"24":{"loc":{"start":{"line":272,"column":7},"end":{"line":281,"column":7}},"type":"binary-expr","locations":[{"start":{"line":272,"column":7},"end":{"line":272,"column":13}},{"start":{"line":273,"column":8},"end":{"line":280,"column":21}}],"line":272},"25":{"loc":{"start":{"line":288,"column":2},"end":{"line":288,"column":22}},"type":"default-arg","locations":[{"start":{"line":288,"column":18},"end":{"line":288,"column":22}}],"line":288},"26":{"loc":{"start":{"line":289,"column":2},"end":{"line":289,"column":28}},"type":"default-arg","locations":[{"start":{"line":289,"column":23},"end":{"line":289,"column":28}}],"line":289},"27":{"loc":{"start":{"line":290,"column":2},"end":{"line":290,"column":21}},"type":"default-arg","locations":[{"start":{"line":290,"column":14},"end":{"line":290,"column":21}}],"line":290},"28":{"loc":{"start":{"line":304,"column":4},"end":{"line":309,"column":5}},"type":"if","locations":[{"start":{"line":304,"column":4},"end":{"line":309,"column":5}},{"start":{},"end":{}}],"line":304},"29":{"loc":{"start":{"line":318,"column":4},"end":{"line":323,"column":5}},"type":"if","locations":[{"start":{"line":318,"column":4},"end":{"line":323,"column":5}},{"start":{},"end":{}}],"line":318},"30":{"loc":{"start":{"line":349,"column":4},"end":{"line":354,"column":5}},"type":"if","locations":[{"start":{"line":349,"column":4},"end":{"line":354,"column":5}},{"start":{},"end":{}}],"line":349},"31":{"loc":{"start":{"line":350,"column":32},"end":{"line":350,"column":146}},"type":"binary-expr","locations":[{"start":{"line":350,"column":32},"end":{"line":350,"column":51}},{"start":{"line":350,"column":55},"end":{"line":350,"column":146}}],"line":350},"32":{"loc":{"start":{"line":351,"column":6},"end":{"line":353,"column":7}},"type":"if","locations":[{"start":{"line":351,"column":6},"end":{"line":353,"column":7}},{"start":{},"end":{}}],"line":351},"33":{"loc":{"start":{"line":360,"column":4},"end":{"line":360,"column":30}},"type":"if","locations":[{"start":{"line":360,"column":4},"end":{"line":360,"column":30}},{"start":{},"end":{}}],"line":360},"34":{"loc":{"start":{"line":363,"column":4},"end":{"line":363,"column":30}},"type":"if","locations":[{"start":{"line":363,"column":4},"end":{"line":363,"column":30}},{"start":{},"end":{}}],"line":363},"35":{"loc":{"start":{"line":398,"column":4},"end":{"line":398,"column":75}},"type":"if","locations":[{"start":{"line":398,"column":4},"end":{"line":398,"column":75}},{"start":{},"end":{}}],"line":398},"36":{"loc":{"start":{"line":398,"column":8},"end":{"line":398,"column":66}},"type":"binary-expr","locations":[{"start":{"line":398,"column":8},"end":{"line":398,"column":21}},{"start":{"line":398,"column":25},"end":{"line":398,"column":51}},{"start":{"line":398,"column":55},"end":{"line":398,"column":66}}],"line":398},"37":{"loc":{"start":{"line":416,"column":4},"end":{"line":419,"column":5}},"type":"if","locations":[{"start":{"line":416,"column":4},"end":{"line":419,"column":5}},{"start":{},"end":{}}],"line":416},"38":{"loc":{"start":{"line":416,"column":8},"end":{"line":416,"column":40}},"type":"binary-expr","locations":[{"start":{"line":416,"column":8},"end":{"line":416,"column":25}},{"start":{"line":416,"column":29},"end":{"line":416,"column":40}}],"line":416},"39":{"loc":{"start":{"line":424,"column":4},"end":{"line":429,"column":5}},"type":"if","locations":[{"start":{"line":424,"column":4},"end":{"line":429,"column":5}},{"start":{},"end":{}}],"line":424},"40":{"loc":{"start":{"line":426,"column":6},"end":{"line":428,"column":7}},"type":"if","locations":[{"start":{"line":426,"column":6},"end":{"line":428,"column":7}},{"start":{},"end":{}}],"line":426},"41":{"loc":{"start":{"line":426,"column":10},"end":{"line":426,"column":70}},"type":"binary-expr","locations":[{"start":{"line":426,"column":10},"end":{"line":426,"column":42}},{"start":{"line":426,"column":46},"end":{"line":426,"column":70}}],"line":426},"42":{"loc":{"start":{"line":427,"column":18},"end":{"line":427,"column":68}},"type":"cond-expr","locations":[{"start":{"line":427,"column":49},"end":{"line":427,"column":56}},{"start":{"line":427,"column":59},"end":{"line":427,"column":68}}],"line":427},"43":{"loc":{"start":{"line":435,"column":6},"end":{"line":442,"column":7}},"type":"if","locations":[{"start":{"line":435,"column":6},"end":{"line":442,"column":7}},{"start":{},"end":{}}],"line":435},"44":{"loc":{"start":{"line":457,"column":33},"end":{"line":457,"column":69}},"type":"cond-expr","locations":[{"start":{"line":457,"column":62},"end":{"line":457,"column":65}},{"start":{"line":457,"column":68},"end":{"line":457,"column":69}}],"line":457},"45":{"loc":{"start":{"line":458,"column":49},"end":{"line":458,"column":90}},"type":"cond-expr","locations":[{"start":{"line":458,"column":78},"end":{"line":458,"column":86}},{"start":{"line":458,"column":89},"end":{"line":458,"column":90}}],"line":458},"46":{"loc":{"start":{"line":465,"column":17},"end":{"line":465,"column":79}},"type":"cond-expr","locations":[{"start":{"line":465,"column":46},"end":{"line":465,"column":61}},{"start":{"line":465,"column":64},"end":{"line":465,"column":79}}],"line":465},"47":{"loc":{"start":{"line":472,"column":13},"end":{"line":483,"column":13}},"type":"binary-expr","locations":[{"start":{"line":472,"column":13},"end":{"line":472,"column":26}},{"start":{"line":472,"column":30},"end":{"line":472,"column":57}},{"start":{"line":473,"column":14},"end":{"line":482,"column":27}}],"line":472},"48":{"loc":{"start":{"line":486,"column":13},"end":{"line":502,"column":13}},"type":"binary-expr","locations":[{"start":{"line":486,"column":13},"end":{"line":486,"column":32}},{"start":{"line":487,"column":14},"end":{"line":501,"column":24}}],"line":486},"49":{"loc":{"start":{"line":512,"column":19},"end":{"line":516,"column":19}},"type":"cond-expr","locations":[{"start":{"line":513,"column":20},"end":{"line":513,"column":51}},{"start":{"line":515,"column":20},"end":{"line":515,"column":51}}],"line":512},"50":{"loc":{"start":{"line":520,"column":17},"end":{"line":520,"column":52}},"type":"cond-expr","locations":[{"start":{"line":520,"column":32},"end":{"line":520,"column":41}},{"start":{"line":520,"column":44},"end":{"line":520,"column":52}}],"line":520},"51":{"loc":{"start":{"line":533,"column":13},"end":{"line":567,"column":13}},"type":"cond-expr","locations":[{"start":{"line":534,"column":14},"end":{"line":560,"column":27}},{"start":{"line":562,"column":14},"end":{"line":566,"column":16}}],"line":533},"52":{"loc":{"start":{"line":570,"column":13},"end":{"line":576,"column":13}},"type":"binary-expr","locations":[{"start":{"line":570,"column":13},"end":{"line":570,"column":39}},{"start":{"line":571,"column":14},"end":{"line":575,"column":16}}],"line":570},"53":{"loc":{"start":{"line":572,"column":23},"end":{"line":572,"column":63}},"type":"binary-expr","locations":[{"start":{"line":572,"column":23},"end":{"line":572,"column":50}},{"start":{"line":572,"column":54},"end":{"line":572,"column":63}}],"line":572},"54":{"loc":{"start":{"line":574,"column":31},"end":{"line":574,"column":81}},"type":"binary-expr","locations":[{"start":{"line":574,"column":31},"end":{"line":574,"column":68}},{"start":{"line":574,"column":72},"end":{"line":574,"column":81}}],"line":574},"55":{"loc":{"start":{"line":584,"column":11},"end":{"line":604,"column":11}},"type":"binary-expr","locations":[{"start":{"line":584,"column":11},"end":{"line":584,"column":31}},{"start":{"line":585,"column":12},"end":{"line":603,"column":25}}],"line":584},"56":{"loc":{"start":{"line":633,"column":15},"end":{"line":641,"column":15}},"type":"binary-expr","locations":[{"start":{"line":633,"column":15},"end":{"line":633,"column":33}},{"start":{"line":634,"column":16},"end":{"line":640,"column":29}}],"line":633},"57":{"loc":{"start":{"line":648,"column":28},"end":{"line":648,"column":86}},"type":"binary-expr","locations":[{"start":{"line":648,"column":28},"end":{"line":648,"column":41}},{"start":{"line":648,"column":45},"end":{"line":648,"column":71}},{"start":{"line":648,"column":75},"end":{"line":648,"column":86}}],"line":648},"58":{"loc":{"start":{"line":653,"column":30},"end":{"line":653,"column":88}},"type":"cond-expr","locations":[{"start":{"line":653,"column":59},"end":{"line":653,"column":71}},{"start":{"line":653,"column":74},"end":{"line":653,"column":88}}],"line":653},"59":{"loc":{"start":{"line":655,"column":19},"end":{"line":664,"column":19}},"type":"cond-expr","locations":[{"start":{"line":656,"column":20},"end":{"line":661,"column":33}},{"start":{"line":663,"column":20},"end":{"line":663,"column":48}}],"line":655},"60":{"loc":{"start":{"line":668,"column":17},"end":{"line":668,"column":86}},"type":"cond-expr","locations":[{"start":{"line":668,"column":46},"end":{"line":668,"column":61}},{"start":{"line":668,"column":64},"end":{"line":668,"column":86}}],"line":668}},"s":{"0":0,"1":0,"2":0,"3":0,"4":0,"5":0,"6":0,"7":0,"8":0,"9":0,"10":0,"11":0,"12":0,"13":0,"14":0,"15":0,"16":0,"17":0,"18":0,"19":0,"20":0,"21":0,"22":0,"23":0,"24":0,"25":0,"26":0,"27":0,"28":0,"29":0,"30":0,"31":0,"32":0,"33":0,"34":0,"35":0,"36":0,"37":0,"38":0,"39":0,"40":0,"41":0,"42":0,"43":0,"44":0,"45":0,"46":0,"47":0,"48":0,"49":0,"50":0,"51":0,"52":0,"53":0,"54":0,"55":0,"56":0,"57":0,"58":0,"59":0,"60":0,"61":0,"62":0,"63":0,"64":0,"65":0,"66":0,"67":0,"68":0,"69":0,"70":0,"71":0,"72":0,"73":0,"74":0,"75":0,"76":0,"77":0,"78":0,"79":0,"80":0,"81":0,"82":0,"83":0,"84":0,"85":0,"86":0,"87":0,"88":0,"89":0,"90":0,"91":0,"92":0,"93":0,"94":0,"95":0,"96":0,"97":0,"98":0,"99":0,"100":0,"101":0,"102":0,"103":0,"104":0,"105":0,"106":0,"107":0,"108":0,"109":0,"110":0,"111":0,"112":0,"113":0,"114":0,"115":0,"116":0,"117":0,"118":0,"119":0,"120":0,"121":0,"122":0,"123":0,"124":0,"125":0,"126":0,"127":0,"128":0,"129":0,"130":0,"131":0,"132":0,"133":0,"134":0,"135":0,"136":0,"137":0,"138":0,"139":0,"140":0},"f":{"0":0,"1":0,"2":0,"3":0,"4":0,"5":0,"6":0,"7":0,"8":0,"9":0,"10":0,"11":0,"12":0,"13":0,"14":0,"15":0,"16":0,"17":0,"18":0,"19":0,"20":0,"21":0,"22":0,"23":0,"24":0,"25":0,"26":0,"27":0,"28":0,"29":0,"30":0,"31":0,"32":0,"33":0},"b":{"0":[0],"1":[0,0],"2":[0,0],"3":[0,0],"4":[0,0],"5":[0,0],"6":[0,0],"7":[0,0],"8":[0,0],"9":[0,0],"10":[0,0],"11":[0,0],"12":[0,0],"13":[0,0],"14":[0,0],"15":[0,0],"16":[0,0],"17":[0,0],"18":[0,0],"19":[0,0],"20":[0,0],"21":[0,0],"22":[0,0],"23":[0,0],"24":[0,0],"25":[0],"26":[0],"27":[0],"28":[0,0],"29":[0,0],"30":[0,0],"31":[0,0],"32":[0,0],"33":[0,0],"34":[0,0],"35":[0,0],"36":[0,0,0],"37":[0,0],"38":[0,0],"39":[0,0],"40":[0,0],"41":[0,0],"42":[0,0],"43":[0,0],"44":[0,0],"45":[0,0],"46":[0,0],"47":[0,0,0],"48":[0,0],"49":[0,0],"50":[0,0],"51":[0,0],"52":[0,0],"53":[0,0],"54":[0,0],"55":[0,0],"56":[0,0],"57":[0,0,0],"58":[0,0],"59":[0,0],"60":[0,0]}},"D:\\ai-agent-platform\\frontend\\src\\components\\ErrorBoundary.tsx":{"path":"D:\\ai-agent-platform\\frontend\\src\\components\\ErrorBoundary.tsx","statementMap":{"0":{"start":{"line":20,"column":4},"end":{"line":20,"column":17}},"1":{"start":{"line":21,"column":4},"end":{"line":25,"column":6}},"2":{"start":{"line":30,"column":4},"end":{"line":34,"column":6}},"3":{"start":{"line":39,"column":4},"end":{"line":39,"column":70}},"4":{"start":{"line":42,"column":4},"end":{"line":45,"column":7}},"5":{"start":{"line":48,"column":4},"end":{"line":50,"column":5}},"6":{"start":{"line":49,"column":6},"end":{"line":49,"column":43}},"7":{"start":{"line":53,"column":4},"end":{"line":56,"column":5}},"8":{"start":{"line":59,"column":16},"end":{"line":65,"column":3}},"9":{"start":{"line":60,"column":4},"end":{"line":64,"column":7}},"10":{"start":{"line":67,"column":17},"end":{"line":69,"column":3}},"11":{"start":{"line":68,"column":4},"end":{"line":68,"column":31}},"12":{"start":{"line":72,"column":4},"end":{"line":134,"column":5}},"13":{"start":{"line":74,"column":6},"end":{"line":76,"column":7}},"14":{"start":{"line":75,"column":8},"end":{"line":75,"column":35}},"15":{"start":{"line":79,"column":6},"end":{"line":133,"column":8}},"16":{"start":{"line":136,"column":4},"end":{"line":136,"column":31}},"17":{"start":{"line":143,"column":31},"end":{"line":162,"column":1}},"18":{"start":{"line":144,"column":28},"end":{"line":144,"column":62}},"19":{"start":{"line":146,"column":21},"end":{"line":148,"column":8}},"20":{"start":{"line":147,"column":4},"end":{"line":147,"column":19}},"21":{"start":{"line":150,"column":23},"end":{"line":153,"column":8}},"22":{"start":{"line":151,"column":4},"end":{"line":151,"column":44}},"23":{"start":{"line":152,"column":4},"end":{"line":152,"column":20}},"24":{"start":{"line":155,"column":2},"end":{"line":159,"column":14}},"25":{"start":{"line":156,"column":4},"end":{"line":158,"column":5}},"26":{"start":{"line":157,"column":6},"end":{"line":157,"column":18}},"27":{"start":{"line":161,"column":2},"end":{"line":161,"column":38}},"28":{"start":{"line":165,"column":33},"end":{"line":178,"column":1}},"29":{"start":{"line":169,"column":27},"end":{"line":173,"column":3}},"30":{"start":{"line":170,"column":4},"end":{"line":172,"column":20}},"31":{"start":{"line":175,"column":2},"end":{"line":175,"column":97}},"32":{"start":{"line":177,"column":2},"end":{"line":177,"column":26}}},"fnMap":{"0":{"name":"(anonymous_0)","decl":{"start":{"line":19,"column":2},"end":{"line":19,"column":3}},"loc":{"start":{"line":19,"column":28},"end":{"line":26,"column":3}},"line":19},"1":{"name":"(anonymous_1)","decl":{"start":{"line":28,"column":2},"end":{"line":28,"column":3}},"loc":{"start":{"line":28,"column":55},"end":{"line":35,"column":3}},"line":28},"2":{"name":"(anonymous_2)","decl":{"start":{"line":37,"column":2},"end":{"line":37,"column":3}},"loc":{"start":{"line":37,"column":56},"end":{"line":57,"column":3}},"line":37},"3":{"name":"(anonymous_3)","decl":{"start":{"line":59,"column":16},"end":{"line":59,"column":17}},"loc":{"start":{"line":59,"column":22},"end":{"line":65,"column":3}},"line":59},"4":{"name":"(anonymous_4)","decl":{"start":{"line":67,"column":17},"end":{"line":67,"column":18}},"loc":{"start":{"line":67,"column":23},"end":{"line":69,"column":3}},"line":67},"5":{"name":"(anonymous_5)","decl":{"start":{"line":71,"column":2},"end":{"line":71,"column":3}},"loc":{"start":{"line":71,"column":11},"end":{"line":137,"column":3}},"line":71},"6":{"name":"(anonymous_6)","decl":{"start":{"line":143,"column":31},"end":{"line":143,"column":32}},"loc":{"start":{"line":143,"column":37},"end":{"line":162,"column":1}},"line":143},"7":{"name":"(anonymous_7)","decl":{"start":{"line":146,"column":39},"end":{"line":146,"column":40}},"loc":{"start":{"line":146,"column":45},"end":{"line":148,"column":3}},"line":146},"8":{"name":"(anonymous_8)","decl":{"start":{"line":150,"column":41},"end":{"line":150,"column":42}},"loc":{"start":{"line":150,"column":59},"end":{"line":153,"column":3}},"line":150},"9":{"name":"(anonymous_9)","decl":{"start":{"line":155,"column":18},"end":{"line":155,"column":19}},"loc":{"start":{"line":155,"column":24},"end":{"line":159,"column":3}},"line":155},"10":{"name":"(anonymous_10)","decl":{"start":{"line":165,"column":33},"end":{"line":165,"column":34}},"loc":{"start":{"line":168,"column":5},"end":{"line":178,"column":1}},"line":168},"11":{"name":"(anonymous_11)","decl":{"start":{"line":169,"column":27},"end":{"line":169,"column":28}},"loc":{"start":{"line":170,"column":4},"end":{"line":172,"column":20}},"line":170}},"branchMap":{"0":{"loc":{"start":{"line":48,"column":4},"end":{"line":50,"column":5}},"type":"if","locations":[{"start":{"line":48,"column":4},"end":{"line":50,"column":5}},{"start":{},"end":{}}],"line":48},"1":{"loc":{"start":{"line":53,"column":4},"end":{"line":56,"column":5}},"type":"if","locations":[{"start":{"line":53,"column":4},"end":{"line":56,"column":5}},{"start":{},"end":{}}],"line":53},"2":{"loc":{"start":{"line":72,"column":4},"end":{"line":134,"column":5}},"type":"if","locations":[{"start":{"line":72,"column":4},"end":{"line":134,"column":5}},{"start":{},"end":{}}],"line":72},"3":{"loc":{"start":{"line":74,"column":6},"end":{"line":76,"column":7}},"type":"if","locations":[{"start":{"line":74,"column":6},"end":{"line":76,"column":7}},{"start":{},"end":{}}],"line":74},"4":{"loc":{"start":{"line":94,"column":15},"end":{"line":111,"column":15}},"type":"binary-expr","locations":[{"start":{"line":94,"column":15},"end":{"line":94,"column":53}},{"start":{"line":94,"column":57},"end":{"line":94,"column":73}},{"start":{"line":95,"column":16},"end":{"line":110,"column":22}}],"line":94},"5":{"loc":{"start":{"line":100,"column":19},"end":{"line":109,"column":19}},"type":"binary-expr","locations":[{"start":{"line":100,"column":19},"end":{"line":100,"column":39}},{"start":{"line":101,"column":20},"end":{"line":108,"column":30}}],"line":100},"6":{"loc":{"start":{"line":156,"column":4},"end":{"line":158,"column":5}},"type":"if","locations":[{"start":{"line":156,"column":4},"end":{"line":158,"column":5}},{"start":{},"end":{}}],"line":156},"7":{"loc":{"start":{"line":175,"column":54},"end":{"line":175,"column":93}},"type":"binary-expr","locations":[{"start":{"line":175,"column":54},"end":{"line":175,"column":75}},{"start":{"line":175,"column":79},"end":{"line":175,"column":93}}],"line":175}},"s":{"0":0,"1":0,"2":0,"3":0,"4":0,"5":0,"6":0,"7":0,"8":0,"9":0,"10":0,"11":0,"12":0,"13":0,"14":0,"15":0,"16":0,"17":0,"18":0,"19":0,"20":0,"21":0,"22":0,"23":0,"24":0,"25":0,"26":0,"27":0,"28":0,"29":0,"30":0,"31":0,"32":0},"f":{"0":0,"1":0,"2":0,"3":0,"4":0,"5":0,"6":0,"7":0,"8":0,"9":0,"10":0,"11":0},"b":{"0":[0,0],"1":[0,0],"2":[0,0],"3":[0,0],"4":[0,0,0],"5":[0,0],"6":[0,0],"7":[0,0]}},"D:\\ai-agent-platform\\frontend\\src\\components\\ErrorMonitoringSettings.tsx":{"path":"D:\\ai-agent-platform\\frontend\\src\\components\\ErrorMonitoringSettings.tsx","statementMap":{"0":{"start":{"line":18,"column":79},"end":{"line":383,"column":1}},"1":{"start":{"line":21,"column":30},"end":{"line":46,"column":4}},"2":{"start":{"line":48,"column":28},"end":{"line":52,"column":4}},"3":{"start":{"line":54,"column":36},"end":{"line":54,"column":72}},"4":{"start":{"line":56,"column":2},"end":{"line":60,"column":9}},"5":{"start":{"line":58,"column":25},"end":{"line":58,"column":63}},"6":{"start":{"line":59,"column":4},"end":{"line":59,"column":27}},"7":{"start":{"line":62,"column":29},"end":{"line":67,"column":3}},"8":{"start":{"line":63,"column":22},"end":{"line":63,"column":47}},"9":{"start":{"line":64,"column":4},"end":{"line":64,"column":25}},"10":{"start":{"line":65,"column":4},"end":{"line":65,"column":51}},"11":{"start":{"line":66,"column":4},"end":{"line":66,"column":32}},"12":{"start":{"line":69,"column":32},"end":{"line":76,"column":3}},"13":{"start":{"line":70,"column":4},"end":{"line":75,"column":7}},"14":{"start":{"line":78,"column":35},"end":{"line":85,"column":3}},"15":{"start":{"line":79,"column":4},"end":{"line":84,"column":7}},"16":{"start":{"line":87,"column":20
[...]
tart":{"line":315,"column":37},"end":{"line":315,"column":48}}],"line":315},"28":{"loc":{"start":{"line":319,"column":17},"end":{"line":319,"column":49}},"type":"cond-expr","locations":[{"start":{"line":319,"column":25},"end":{"line":319,"column":37}},{"start":{"line":319,"column":40},"end":{"line":319,"column":49}}],"line":319},"29":{"loc":{"start":{"line":320,"column":18},"end":{"line":320,"column":52}},"type":"cond-expr","locations":[{"start":{"line":320,"column":27},"end":{"line":320,"column":40}},{"start":{"line":320,"column":43},"end":{"line":320,"column":52}}],"line":320},"30":{"loc":{"start":{"line":333,"column":2},"end":{"line":333,"column":11}},"type":"default-arg","locations":[{"start":{"line":333,"column":9},"end":{"line":333,"column":11}}],"line":333},"31":{"loc":{"start":{"line":345,"column":2},"end":{"line":369,"column":3}},"type":"if","locations":[{"start":{"line":345,"column":2},"end":{"line":369,"column":3}},{"start":{},"end":{}}],"line":345},"32":{"loc":{"start":{"line":345,"column":6},"end":{"line":345,"column":22}},"type":"binary-expr","locations":[{"start":{"line":345,"column":6},"end":{"line":345,"column":10}},{"start":{"line":345,"column":14},"end":{"line":345,"column":22}}],"line":345},"33":{"loc":{"start":{"line":354,"column":9},"end":{"line":366,"column":9}},"type":"binary-expr","locations":[{"start":{"line":354,"column":9},"end":{"line":354,"column":17}},{"start":{"line":355,"column":10},"end":{"line":365,"column":16}}],"line":354},"34":{"loc":{"start":{"line":389,"column":2},"end":{"line":389,"column":13}},"type":"default-arg","locations":[{"start":{"line":389,"column":12},"end":{"line":389,"column":13}}],"line":389},"35":{"loc":{"start":{"line":390,"column":2},"end":{"line":390,"column":9}},"type":"default-arg","locations":[{"start":{"line":390,"column":8},"end":{"line":390,"column":9}}],"line":390},"36":{"loc":{"start":{"line":419,"column":19},"end":{"line":419,"column":47}},"type":"cond-expr","locations":[{"start":{"line":419,"column":31},"end":{"line":419,"column":38}},{"start":{"line":419,"column":41},"end":{"line":419,"column":47}}],"line":419}},"s":{"0":0,"1":0,"2":0,"3":0,"4":0,"5":0,"6":0,"7":0,"8":0,"9":0,"10":0,"11":0,"12":0,"13":0,"14":0,"15":0,"16":0,"17":0,"18":0,"19":0,"20":0,"21":0,"22":0,"23":0,"24":0,"25":0,"26":0,"27":0,"28":0,"29":0,"30":0,"31":0,"32":0,"33":0,"34":0,"35":0,"36":0,"37":0,"38":0,"39":0,"40":0,"41":0,"42":0,"43":0,"44":0,"45":0,"46":0,"47":0,"48":0,"49":0,"50":0,"51":0,"52":0,"53":0,"54":0,"55":0,"56":0,"57":0,"58":0,"59":0,"60":0,"61":0,"62":0,"63":0,"64":0,"65":0,"66":0,"67":0,"68":0,"69":0,"70":0,"71":0,"72":0,"73":0,"74":0,"75":0,"76":0,"77":0,"78":0,"79":0,"80":0,"81":0,"82":0,"83":0,"84":0,"85":0,"86":0,"87":0,"88":0},"f":{"0":0,"1":0,"2":0,"3":0,"4":0,"5":0,"6":0,"7":0,"8":0,"9":0,"10":0,"11":0,"12":0,"13":0,"14":0,"15":0,"16":0,"17":0,"18":0,"19":0,"20":0,"21":0,"22":0,"23":0},"b":{"0":[0],"1":[0],"2":[0],"3":[0],"4":[0,0],"5":[0,0],"6":[0,0],"7":[0,0],"8":[0,0],"9":[0,0],"10":[0,0],"11":[0,0],"12":[0],"13":[0],"14":[0],"15":[0],"16":[0],"17":[0,0],"18":[0,0,0],"19":[0,0],"20":[0,0],"21":[0,0],"22":[0,0],"23":[0,0],"24":[0,0],"25":[0,0,0],"26":[0,0,0,0],"27":[0,0],"28":[0,0],"29":[0,0],"30":[0],"31":[0,0],"32":[0,0],"33":[0,0],"34":[0],"35":[0],"36":[0,0]}},"D:\\ai-agent-platform\\frontend\\src\\components\\ProtectedRoute.tsx":{"path":"D:\\ai-agent-platform\\frontend\\src\\components\\ProtectedRoute.tsx","statementMap":{},"fnMap":{},"branchMap":{},"s":{},"f":{},"b":{}},"D:\\ai-agent-platform\\frontend\\src\\components\\Sidebar.tsx":{"path":"D:\\ai-agent-platform\\frontend\\src\\components\\Sidebar.tsx","statementMap":{},"fnMap":{},"branchMap":{},"s":{},"f":{},"b":{}},"D:\\ai-agent-platform\\frontend\\src\\components\\auth\\GitHubOAuthButton.tsx":{"path":"D:\\ai-agent-platform\\frontend\\src\\components\\auth\\GitHubOAuthButton.tsx","statementMap":{"0":{"start":{"line":9,"column":2},"end":{"line":14,"column":4}}},"fnMap":{"0":{"name":"GitHubOAuthButton","decl":{"start":{"line":8,"column":16},"end":{"line":8,"column":33}},"loc":{"start":{"line":8,"column":73},"end":{"line":15,"column":1}},"line":8}},"branchMap":{},"s":{"0":0},"f":{"0":0},"b":{}},"D:\\ai-agent-platform\\frontend\\src\\components\\layout\\AppSidebar.tsx":{"path":"D:\\ai-agent-platform\\frontend\\src\\components\\layout\\AppSidebar.tsx","statementMap":{"0":{"start":{"line":41,"column":19},"end":{"line":41,"column":32}},"1":{"start":{"line":42,"column":19},"end":{"line":42,"column":32}},"2":{"start":{"line":43,"column":35},"end":{"line":43,"column":47}},"3":{"start":{"line":44,"column":27},"end":{"line":44,"column":48}},"4":{"start":{"line":47,"column":22},"end":{"line":47,"column":31}},"5":{"start":{"line":48,"column":2},"end":{"line":48,"column":27}},"6":{"start":{"line":49,"column":2},"end":{"line":53,"column":5}},"7":{"start":{"line":56,"column":60},"end":{"line":56,"column":76}},"8":{"start":{"line":59,"column":37},"end":{"line":59,"column":51}},"9":{"start":{"line":60,"column":26},"end":{"line":60,"column":36}},"10":{"start":{"line":61,"column":22},"end":{"line":61,"column":35}},"11":{"start":{"line":64,"column":42},"end":{"line":64,"column":83}},"12":{"start":{"line":65,"column":45},"end":{"line":65,"column":63}},"13":{"start":{"line":68,"column":48},"end":{"line":68,"column":63}},"14":{"start":{"line":69,"column":23},"end":{"line":69,"column":51}},"15":{"start":{"line":72,"column":2},"end":{"line":76,"column":9}},"16":{"start":{"line":74,"column":31},"end":{"line":74,"column":54}},"17":{"start":{"line":75,"column":4},"end":{"line":75,"column":40}},"18":{"start":{"line":79,"column":2},"end":{"line":83,"column":25}},"19":{"start":{"line":80,"column":4},"end":{"line":82,"column":5}},"20":{"start":{"line":81,"column":6},"end":{"line":81,"column":40}},"21":{"start":{"line":86,"column":19},"end":{"line":90,"column":44}},"22":{"start":{"line":86,"column":34},"end":{"line":90,"column":3}},"23":{"start":{"line":93,"column":23},"end":{"line":101,"column":25}},"24":{"start":{"line":94,"column":4},"end":{"line":100,"column":5}},"25":{"start":{"line":95,"column":6},"end":{"line":95,"column":22}},"26":{"start":{"line":96,"column":6},"end":{"line":96,"column":25}},"27":{"start":{"line":98,"column":6},"end":{"line":98,"column":45}},"28":{"start":{"line":99,"column":6},"end":{"line":99,"column":25}},"29":{"start":{"line":104,"column":30},"end":{"line":106,"column":15}},"30":{"start":{"line":105,"column":4},"end":{"line":105,"column":24}},"31":{"start":{"line":108,"column":29},"end":{"line":110,"column":15}},"32":{"start":{"line":109,"column":4},"end":{"line":109,"column":23}},"33":{"start":{"line":112,"column":26},"end":{"line":114,"column":15}},"34":{"start":{"line":113,"column":4},"end":{"line":113,"column":20}},"35":{"start":{"line":117,"column":28},"end":{"line":119,"column":8}},"36":{"start":{"line":118,"column":4},"end":{"line":118,"column":29}},"37":{"start":{"line":122,"column":27},"end":{"line":124,"column":17}},"38":{"start":{"line":123,"column":4},"end":{"line":123,"column":16}},"39":{"start":{"line":127,"column":2},"end":{"line":141,"column":39}},"40":{"start":{"line":128,"column":25},"end":{"line":132,"column":5}},"41":{"start":{"line":129,"column":6},"end":{"line":131,"column":7}},"42":{"start":{"line":130,"column":8},"end":{"line":130,"column":27}},"43":{"start":{"line":134,"column":4},"end":{"line":136,"column":5}},"44":{"start":{"line":135,"column":6},"end":{"line":135,"column":57}},"45":{"start":{"line":138,"column":4},"end":{"line":140,"column":6}},"46":{"start":{"line":139,"column":6},"end":{"line":139,"column":60}},"47":{"start":{"line":144,"column":2},"end":{"line":158,"column":39}},"48":{"start":{"line":145,"column":31},"end":{"line":149,"column":5}},"49":{"start":{"line":146,"column":6},"end":{"line":148,"column":7}},"50":{"start":{"line":147,"column":8},"end":{"line":147,"column":27}},"51":{"start":{"line":151,"column":4},"end":{"line":153,"column":5}},"52":{"start":{"line":152,"column":6},"end":{"line":152,"column":65}},"53":{"start":{"line":155,"column":4},"end":{"line":157,"column":6}},"54":{"start":{"line":156,"column":6},"end":{"line":156,"column":68}},"55":{"start":{"line":160,"column":2},"end":{"line":277,"column":4}}},"fnMap":{"0":{"name":"AppSidebar","decl":{"start":{"line":40,"column":9},"end":{"line":40,"column":19}},"loc":{"start":{"line":40,"column":22},"end":{"line":278,"column":1}},"line":40},"1":{"name":"(anonymous_1)","decl":{"start":{"line":72,"column":12},"end":{"line":72,"column":13}},"loc":{"start":{"line":72,"column":18},"end":{"line":76,"column":3}},"line":72},"2":{"name":"(anonymous_2)","decl":{"start":{"line":79,"column":12},"end":{"line":79,"column":13}},"loc":{"start":{"line":79,"column":18},"end":{"line":83,"column":3}},"line":79},"3":{"name":"(anonymous_3)","decl":{"start":{"line":86,"column":27},"end":{"line":86,"column":28}},"loc":{"start":{"line":86,"column":34},"end":{"line":90,"column":3}},"line":86},"4":{"name":"(anonymous_4)","decl":{"start":{"line":93,"column":35},"end":{"line":93,"column":36}},"loc":{"start":{"line":93,"column":47},"end":{"line":101,"column":3}},"line":93},"5":{"name":"(anonymous_5)","decl":{"start":{"line":104,"column":42},"end":{"line":104,"column":43}},"loc":{"start":{"line":104,"column":48},"end":{"line":106,"column":3}},"line":104},"6":{"name":"(anonymous_6)","decl":{"start":{"line":108,"column":41},"end":{"line":108,"column":42}},"loc":{"start":{"line":108,"column":47},"end":{"line":110,"column":3}},"line":108},"7":{"name":"(anonymous_7)","decl":{"start":{"line":112,"column":38},"end":{"line":112,"column":39}},"loc":{"start":{"line":112,"column":44},"end":{"line":114,"column":3}},"line":112},"8":{"name":"(anonymous_8)","decl":{"start":{"line":117,"column":40},"end":{"line":117,"column":41}},"loc":{"start":{"line":117,"column":46},"end":{"line":119,"column":3}},"line":117},"9":{"name":"(anonymous_9)","decl":{"start":{"line":122,"column":39},"end":{"line":122,"column":40}},"loc":{"start":{"line":122,"column":45},"end":{"line":124,"column":3}},"line":122},"10":{"name":"(anonymous_10)","decl":{"start":{"line":127,"column":12},"end":{"line":127,"column":13}},"loc":{"start":{"line":127,"column":18},"end":{"line":141,"column":3}},"line":127},"11":{"name":"(anonymous_11)","decl":{"start":{"line":128,"column":25},"end":{"line":128,"column":26}},"loc":{"start":{"line":128,"column":51},"end":{"line":132,"column":5}},"line":128},"12":{"name":"(anonymous_12)","decl":{"start":{"line":138,"column":11},"end":{"line":138,"column":12}},"loc":{"start":{"line":138,"column":17},"end":{"line":140,"column":5}},"line":138},"13":{"name":"(anonymous_13)","decl":{"start":{"line":144,"column":12},"end":{"line":144,"column":13}},"loc":{"start":{"line":144,"column":18},"end":{"line":158,"column":3}},"line":144},"14":{"name":"(anonymous_14)","decl":{"start":{"line":145,"column":31},"end":{"line":145,"column":32}},"loc":{"start":{"line":145,"column":54},"end":{"line":149,"column":5}},"line":145},"15":{"name":"(anonymous_15)","decl":{"start":{"line":155,"column":11},"end":{"line":155,"column":12}},"loc":{"start":{"line":155,"column":17},"end":{"line":157,"column":5}},"line":155}},"branchMap":{"0":{"loc":{"start":{"line":80,"column":4},"end":{"line":82,"column":5}},"type":"if","locations":[{"start":{"line":80,"column":4},"end":{"line":82,"column":5}},{"start":{},"end":{}}],"line":80},"1":{"loc":{"start":{"line":129,"column":6},"end":{"line":131,"column":7}},"type":"if","locations":[{"start":{"line":129,"column":6},"end":{"line":131,"column":7}},{"start":{},"end":{}}],"line":129},"2":{"loc":{"start":{"line":129,"column":10},"end":{"line":129,"column":56}},"type":"binary-expr","locations":[{"start":{"line":129,"column":10},"end":{"line":129,"column":32}},{"start":{"line":129,"column":36},"end":{"line":129,"column":56}}],"line":129},"3":{"loc":{"start":{"line":134,"column":4},"end":{"line":136,"column":5}},"type":"if","locations":[{"start":{"line":134,"column":4},"end":{"line":136,"column":5}},{"start":{},"end":{}}],"line":134},"4":{"loc":{"start":{"line":146,"column":6},"end":{"line":148,"column":7}},"type":"if","locations":[{"start":{"line":146,"column":6},"end":{"line":148,"column":7}},{"start":{},"end":{}}],"line":146},"5":{"loc":{"start":{"line":146,"column":10},"end":{"line":146,"column":110}},"type":"binary-expr","locations":[{"start":{"line":146,"column":10},"end":{"line":146,"column":30}},{"start":{"line":146,"column":34},"end":{"line":146,"column":86}},{"start":{"line":146,"column":90},"end":{"line":146,"column":110}}],"line":146},"6":{"loc":{"start":{"line":151,"column":4},"end":{"line":153,"column":5}},"type":"if","locations":[{"start":{"line":151,"column":4},"end":{"line":153,"column":5}},{"start":{},"end":{}}],"line":151},"7":{"loc":{"start":{"line":171,"column":13},"end":{"line":175,"column":13}},"type":"binary-expr","locations":[{"start":{"line":171,"column":13},"end":{"line":171,"column":28}},{"start":{"line":171,"column":32},"end":{"line":171,"column":40}},{"start":{"line":172,"column":14},"end":{"line":174,"column":20}}],"line":171},"8":{"loc":{"start":{"line":178,"column":13},"end":{"line":185,"column":13}},"type":"binary-expr","locations":[{"start":{"line":178,"column":13},"end":{"line":178,"column":28}},{"start":{"line":178,"column":32},"end":{"line":178,"column":40}},{"start":{"line":179,"column":14},"end":{"line":184,"column":20}}],"line":178},"9":{"loc":{"start":{"line":188,"column":13},"end":{"line":197,"column":13}},"type":"binary-expr","locations":[{"start":{"line":188,"column":13},"end":{"line":188,"column":28}},{"start":{"line":188,"column":32},"end":{"line":188,"column":39}},{"start":{"line":189,"column":14},"end":{"line":196,"column":29}}],"line":188},"10":{"loc":{"start":{"line":200,"column":13},"end":{"line":212,"column":13}},"type":"binary-expr","locations":[{"start":{"line":200,"column":13},"end":{"line":200,"column":28}},{"start":{"line":200,"column":32},"end":{"line":200,"column":40}},{"start":{"line":200,"column":44},"end":{"line":200,"column":61}},{"start":{"line":201,"column":14},"end":{"line":211,"column":29}}],"line":200},"11":{"loc":{"start":{"line":216,"column":11},"end":{"line":221,"column":11}},"type":"binary-expr","locations":[{"start":{"line":216,"column":11},"end":{"line":216,"column":26}},{"start":{"line":217,"column":12},"end":{"line":220,"column":14}}],"line":216},"12":{"loc":{"start":{"line":238,"column":7},"end":{"line":256,"column":7}},"type":"binary-expr","locations":[{"start":{"line":238,"column":7},"end":{"line":238,"column":27}},{"start":{"line":239,"column":8},"end":{"line":255,"column":14}}],"line":238},"13":{"loc":{"start":{"line":259,"column":7},"end":{"line":275,"column":7}},"type":"binary-expr","locations":[{"start":{"line":259,"column":7},"end":{"line":259,"column":35}},{"start":{"line":260,"column":8},"end":{"line":274,"column":14}}],"line":259}},"s":{"0":0,"1":0,"2":0,"3":0,"4":0,"5":0,"6":0,"7":0,"8":0,"9":0,"10":0,"11":0,"12":0,"13":0,"14":0,"15":0,"16":0,"17":0,"18":0,"19":0,"20":0,"21":0,"22":0,"23":0,"24":0,"25":0,"26":0,"27":0,"28":0,"29":0,"30":0,"31":0,"32":0,"33":0,"34":0,"35":0,"36":0,"37":0,"38":0,"39":0,"40":0,"41":0,"42":0,"43":0,"44":0,"45":0,"46":0,"47":0,"48":0,"49":0,"50":0,"51":0,"52":0,"53":0,"54":0,"55":0},"f":{"0":0,"1":0,"2":0,"3":0,"4":0,"5":0,"6":0,"7":0,"8":0,"9":0,"10":0,"11":0,"12":0,"13":0,"14":0,"15":0},"b":{"0":[0,0],"1":[0,0],"2":[0,0],"3":[0,0],"4":[0,0],"5":[0,0,0],"6":[0,0],"7":[0,0,0],"8":[0,0,0],"9":[0,0,0],"10":[0,0,0,0],"11":[0,0],"12":[0,0],"13":[0,0]}},"D:\\ai-agent-platform\\frontend\\src\\components\\auth\\GoogleOAuthButton.tsx":{"path":"D:\\ai-agent-platform\\frontend\\src\\components\\auth\\GoogleOAuthButton.tsx","statementMap":{"0":{"start":{"line":8,"column":2},"end":{"line":30,"column":4}}},"fnMap":{"0":{"name":"GoogleOAuthButton","decl":{"start":{"line":7,"column":16},"end":{"line":7,"column":33}},"loc":{"start":{"line":7,"column":73},"end":{"line":31,"column":1}},"line":7}},"branchMap":{},"s":{"0":0},"f":{"0":0},"b":{}},"D:\\ai-agent-platform\\frontend\\src\\components\\auth\\index.ts":{"path":"D:\\ai-agent-platform\\frontend\\src\\components\\auth\\index.ts","statementMap":{},"fnMap":{},"branchMap":{},"s":{},"f":{},"b":{}},"D:\\ai-agent-platform\\frontend\\src\\components\\auth\\MicrosoftOAuthButton.tsx":{"path":"D:\\ai-agent-platform\\frontend\\src\\components\\auth\\MicrosoftOAuthButton.tsx","statementMap":{"0":{"start":{"line":8,"column":2},"end":{"line":18,"column":4}}},"fnMap":{"0":{"name":"MicrosoftOAuthButton","decl":{"start":{"line":7,"column":16},"end":{"line":7,"column":36}},"loc":{"start":{"line":7,"column":79},"end":{"line":19,"column":1}},"line":7}},"branchMap":{},"s":{"0":0},"f":{"0":0},"b":{}},"D:\\ai-agent-platform\\frontend\\src\\components\\auth\\OAuthButton.tsx":{"path":"D:\\ai-agent-platform\\frontend\\src\\components\\auth\\OAuthButton.tsx","statementMap":{"0":{"start":{"line":15,"column":32},"end":{"line":15,"column":47}},"1":{"start":{"line":16,"column":19},"end":{"line":16,"column":32}},"2":{"start":{"line":17,"column":22},"end":{"line":17,"column":36}},"3":{"start":{"line":19,"column":27},"end":{"line":42,"column":3}},"4":{"start":{"line":20,"column":4},"end":{"line":41,"column":5}},"5":{"start":{"line":21,"column":6},"end":{"line":21,"column":23}},"6":{"start":{"line":24,"column":6},"end":{"line":24,"column":22}},"7":{"start":{"line":26,"column":30},"end":{"line":31,"column":8}},"8":{"start":{"line":33,"column":6},"end":{"line":36,"column":7}},"9":{"start":{"line":34,"column":8},"end":{"line":34,"column":65}},"10":{"start":{"line":35,"column":8},"end":{"line":35,"column":15}},"11":{"start":{"line":38,"column":6},"end":{"line":38,"column":55}},"12":{"start":{"line":40,"column":6},"end":{"line":40,"column":24}},"13":{"start":{"line":44,"column":2},"end":{"line":58,"column":4}}},"fnMap":{"0":{"name":"OAuthButton","decl":{"start":{"line":14,"column":16},"end":{"line":14,"column":27}},"loc":{"start":{"line":14,"column":86},"end":{"line":59,"column":1}},"line":14},"1":{"name":"(anonymous_1)","decl":{"start":{"line":19,"column":27},"end":{"line":19,"column":28}},"loc":{"start":{"line":19,"column":39},"end":{"line":42,"column":3}},"line":19}},"branchMap":{"0":{"loc":{"start":{"line":14,"column":50},"end":{"line":14,"column":64}},"type":"default-arg","locations":[{"start":{"line":14,"column":62},"end":{"line":14,"column":64}}],"line":14},"1":{"loc":{"start":{"line":33,"column":6},"end":{"line":36,"column":7}},"type":"if","locations":[{"start":{"line":33,"column":6},"end":{"line":36,"column":7}},{"start":{},"end":{}}],"line":33},"2":{"loc":{"start":{"line":52,"column":7},"end":{"line":56,"column":7}},"type":"cond-expr","locations":[{"start":{"line":53,"column":8},"end":{"line":53,"column":57}},{"start":{"line":55,"column":8},"end":{"line":55,"column":16}}],"line":52}},"s":{"0":0,"1":0,"2":0,"3":0,"4":0,"5":0,"6":0,"7":0,"8":0,"9":0,"10":0,"11":0,"12":0,"13":0},"f":{"0":0,"1":0},"b":{"0":[0],"1":[0,0],"2":[0,0]}},"D:\\ai-agent-platform\\frontend\\src\\components\\layout\\MainLayout.tsx":{"path":"D:\\ai-agent-platform\\frontend\\src\\components\\layout\\MainLayout.tsx","statementMap":{"0":{"start":{"line":9,"column":2},"end":{"line":22,"column":4}}},"fnMap":{"0":{"name":"MainLayout","decl":{"start":{"line":8,"column":16},"end":{"line":8,"column":26}},"loc":{"start":{"line":8,"column":58},"end":{"line":23,"column":1}},"line":8}},"branchMap":{},"s":{"0":0},"f":{"0":0},"b":{}},"D:\\ai-agent-platform\\frontend\\src\\components\\layout\\AdminLayout.tsx":{"path":"D:\\ai-agent-platform\\frontend\\src\\components\\layout\\AdminLayout.tsx","statementMap":{"0":{"start":{"line":7,"column":37},"end":{"line":17,"column":1}},"1":{"start":{"line":8,"column":2},"end":{"line":16,"column":4}}},"fnMap":{"0":{"name":"(anonymous_0)","decl":{"start":{"line":7,"column":37},"end":{"line":7,"column":38}},"loc":{"start":{"line":7,"column":43},"end":{"line":17,"column":1}},"line":7}},"branchMap":{},"s":{"0":0,"1":0},"f":{"0":0},"b":{}}}}
